LHAPDF 6.1.6 loading /ufrc/avery/dimi/hg2/lhapdf/LHAPDF-6.1.6/dimi/share/LHAPDF/CT14qed_inc_proton/CT14qed_inc_proton_0000.dat
CT14qed_inc_proton PDF set, member #0, version 1
LHAPDF 6.1.6 loading /ufrc/avery/dimi/hg2/lhapdf/LHAPDF-6.1.6/dimi/share/LHAPDF/CT14qed_inc_proton/CT14qed_inc_proton_0001.dat
CT14qed_inc_proton PDF set, member #1, version 1
LHAPDF 6.1.6 loading /ufrc/avery/dimi/hg2/lhapdf/LHAPDF-6.1.6/dimi/share/LHAPDF/CT14qed_inc_proton/CT14qed_inc_proton_0002.dat
CT14qed_inc_proton PDF set, member #2, version 1
LHAPDF 6.1.6 loading /ufrc/avery/dimi/hg2/lhapdf/LHAPDF-6.1.6/dimi/share/LHAPDF/CT14qed_inc_proton/CT14qed_inc_proton_0003.dat
CT14qed_inc_proton PDF set, member #3, version 1
LHAPDF 6.1.6 loading /ufrc/avery/dimi/hg2/lhapdf/LHAPDF-6.1.6/dimi/share/LHAPDF/CT14qed_inc_proton/CT14qed_inc_proton_0004.dat
CT14qed_inc_proton PDF set, member #4, version 1
LHAPDF 6.1.6 loading /ufrc/avery/dimi/hg2/lhapdf/LHAPDF-6.1.6/dimi/share/LHAPDF/CT14qed_inc_proton/CT14qed_inc_proton_0005.dat
CT14qed_inc_proton PDF set, member #5, version 1
LHAPDF 6.1.6 loading /ufrc/avery/dimi/hg2/lhapdf/LHAPDF-6.1.6/dimi/share/LHAPDF/CT14qed_inc_proton/CT14qed_inc_proton_0006.dat
CT14qed_inc_proton PDF set, member #6, version 1
LHAPDF 6.1.6 loading /ufrc/avery/dimi/hg2/lhapdf/LHAPDF-6.1.6/dimi/share/LHAPDF/CT14qed_inc_proton/CT14qed_inc_proton_0007.dat
CT14qed_inc_proton PDF set, member #7, version 1
LHAPDF 6.1.6 loading /ufrc/avery/dimi/hg2/lhapdf/LHAPDF-6.1.6/dimi/share/LHAPDF/CT14qed_inc_proton/CT14qed_inc_proton_0008.dat
CT14qed_inc_proton PDF set, member #8, version 1
LHAPDF 6.1.6 loading /ufrc/avery/dimi/hg2/lhapdf/LHAPDF-6.1.6/dimi/share/LHAPDF/CT14qed_inc_proton/CT14qed_inc_proton_0009.dat
CT14qed_inc_proton PDF set, member #9, version 1
LHAPDF 6.1.6 loading /ufrc/avery/dimi/hg2/lhapdf/LHAPDF-6.1.6/dimi/share/LHAPDF/CT14qed_inc_proton/CT14qed_inc_proton_0010.dat
CT14qed_inc_proton PDF set, member #10, version 1
LHAPDF 6.1.6 loading /ufrc/avery/dimi/hg2/lhapdf/LHAPDF-6.1.6/dimi/share/LHAPDF/CT14qed_inc_proton/CT14qed_inc_proton_0011.dat
CT14qed_inc_proton PDF set, member #11, version 1
LHAPDF 6.1.6 loading /ufrc/avery/dimi/hg2/lhapdf/LHAPDF-6.1.6/dimi/share/LHAPDF/CT14qed_inc_proton/CT14qed_inc_proton_0012.dat
CT14qed_inc_proton PDF set, member #12, version 1
LHAPDF 6.1.6 loading /ufrc/avery/dimi/hg2/lhapdf/LHAPDF-6.1.6/dimi/share/LHAPDF/CT14qed_inc_proton/CT14qed_inc_proton_0013.dat
CT14qed_inc_proton PDF set, member #13, version 1
LHAPDF 6.1.6 loading /ufrc/avery/dimi/hg2/lhapdf/LHAPDF-6.1.6/dimi/share/LHAPDF/CT14qed_inc_proton/CT14qed_inc_proton_0014.dat
CT14qed_inc_proton PDF set, member #14, version 1
LHAPDF 6.1.6 loading /ufrc/avery/dimi/hg2/lhapdf/LHAPDF-6.1.6/dimi/share/LHAPDF/CT14qed_inc_proton/CT14qed_inc_proton_0015.dat
CT14qed_inc_proton PDF set, member #15, version 1
LHAPDF 6.1.6 loading /ufrc/avery/dimi/hg2/lhapdf/LHAPDF-6.1.6/dimi/share/LHAPDF/CT14qed_inc_proton/CT14qed_inc_proton_0016.dat
CT14qed_inc_proton PDF set, member #16, version 1
LHAPDF 6.1.6 loading /ufrc/avery/dimi/hg2/lhapdf/LHAPDF-6.1.6/dimi/share/LHAPDF/CT14qed_inc_proton/CT14qed_inc_proton_0017.dat
CT14qed_inc_proton PDF set, member #17, version 1
LHAPDF 6.1.6 loading /ufrc/avery/dimi/hg2/lhapdf/LHAPDF-6.1.6/dimi/share/LHAPDF/CT14qed_inc_proton/CT14qed_inc_proton_0018.dat
CT14qed_inc_proton PDF set, member #18, version 1
LHAPDF 6.1.6 loading /ufrc/avery/dimi/hg2/lhapdf/LHAPDF-6.1.6/dimi/share/LHAPDF/CT14qed_inc_proton/CT14qed_inc_proton_0019.dat
CT14qed_inc_proton PDF set, member #19, version 1
LHAPDF 6.1.6 loading /ufrc/avery/dimi/hg2/lhapdf/LHAPDF-6.1.6/dimi/share/LHAPDF/CT14qed_inc_proton/CT14qed_inc_proton_0020.dat
CT14qed_inc_proton PDF set, member #20, version 1
LHAPDF 6.1.6 loading /ufrc/avery/dimi/hg2/lhapdf/LHAPDF-6.1.6/dimi/share/LHAPDF/CT14qed_inc_proton/CT14qed_inc_proton_0021.dat
CT14qed_inc_proton PDF set, member #21, version 1
LHAPDF 6.1.6 loading /ufrc/avery/dimi/hg2/lhapdf/LHAPDF-6.1.6/dimi/share/LHAPDF/CT14qed_inc_proton/CT14qed_inc_proton_0022.dat
CT14qed_inc_proton PDF set, member #22, version 1
LHAPDF 6.1.6 loading /ufrc/avery/dimi/hg2/lhapdf/LHAPDF-6.1.6/dimi/share/LHAPDF/CT14qed_inc_proton/CT14qed_inc_proton_0023.dat
CT14qed_inc_proton PDF set, member #23, version 1
LHAPDF 6.1.6 loading /ufrc/avery/dimi/hg2/lhapdf/LHAPDF-6.1.6/dimi/share/LHAPDF/CT14qed_inc_proton/CT14qed_inc_proton_0024.dat
CT14qed_inc_proton PDF set, member #24, version 1
LHAPDF 6.1.6 loading /ufrc/avery/dimi/hg2/lhapdf/LHAPDF-6.1.6/dimi/share/LHAPDF/CT14qed_inc_proton/CT14qed_inc_proton_0025.dat
CT14qed_inc_proton PDF set, member #25, version 1
LHAPDF 6.1.6 loading /ufrc/avery/dimi/hg2/lhapdf/LHAPDF-6.1.6/dimi/share/LHAPDF/CT14qed_inc_proton/CT14qed_inc_proton_0026.dat
CT14qed_inc_proton PDF set, member #26, version 1
LHAPDF 6.1.6 loading /ufrc/avery/dimi/hg2/lhapdf/LHAPDF-6.1.6/dimi/share/LHAPDF/CT14qed_inc_proton/CT14qed_inc_proton_0027.dat
CT14qed_inc_proton PDF set, member #27, version 1
LHAPDF 6.1.6 loading /ufrc/avery/dimi/hg2/lhapdf/LHAPDF-6.1.6/dimi/share/LHAPDF/CT14qed_inc_proton/CT14qed_inc_proton_0028.dat
CT14qed_inc_proton PDF set, member #28, version 1
LHAPDF 6.1.6 loading /ufrc/avery/dimi/hg2/lhapdf/LHAPDF-6.1.6/dimi/share/LHAPDF/CT14qed_inc_proton/CT14qed_inc_proton_0029.dat
CT14qed_inc_proton PDF set, member #29, version 1
LHAPDF 6.1.6 loading /ufrc/avery/dimi/hg2/lhapdf/LHAPDF-6.1.6/dimi/share/LHAPDF/CT14qed_inc_proton/CT14qed_inc_proton_0030.dat
CT14qed_inc_proton PDF set, member #30, version 1
Vegas input parameters:
  ndim 11
  ncomp 1
  epsrel 0
  epsabs 0
  flags 291
  seed 12
  mineval 1
  maxeval 1
  nstart 100000
  nincrease 50000
  nbatch 1000
  gridno 1
  statefile "vegas_last_iter"

Iteration 1:  100000 integrand evaluations so far
[1] 16.1201 +- 0.129348  	chisq 0 (0 df)

Saving state to vegas_last_iter.
Vegas input parameters:
  ndim 11
  ncomp 1
  epsrel 0
  epsabs 0
  flags 291
  seed 13
  mineval 1
  maxeval 1
  nstart 100000
  nincrease 50000
  nbatch 1000
  gridno 1
  statefile "vegas_last_iter"

Restoring state from vegas_last_iter.

Iteration 2:  250000 integrand evaluations so far
[1] 16.0117 +- 0.0756917  	chisq 1.06875 (1 df)

Saving state to vegas_last_iter.
Vegas input parameters:
  ndim 11
  ncomp 1
  epsrel 0
  epsabs 0
  flags 291
  seed 14
  mineval 1
  maxeval 1
  nstart 100000
  nincrease 50000
  nbatch 1000
  gridno 1
  statefile "vegas_last_iter"

Restoring state from vegas_last_iter.

Iteration 3:  450000 integrand evaluations so far
[1] 16.0044 +- 0.0538556  	chisq 1.08771 (2 df)

Saving state to vegas_last_iter.
Vegas input parameters:
  ndim 11
  ncomp 1
  epsrel 0
  epsabs 0
  flags 291
  seed 15
  mineval 1
  maxeval 1
  nstart 100000
  nincrease 50000
  nbatch 1000
  gridno 1
  statefile "vegas_last_iter"

Restoring state from vegas_last_iter.

Iteration 4:  700000 integrand evaluations so far
[1] 15.9984 +- 0.0520393  	chisq 1.27414 (3 df)

Saving state to vegas_last_iter.
Vegas input parameters:
  ndim 11
  ncomp 1
  epsrel 0
  epsabs 0
  flags 291
  seed 16
  mineval 1
  maxeval 1
  nstart 100000
  nincrease 50000
  nbatch 1000
  gridno 1
  statefile "vegas_last_iter"

Restoring state from vegas_last_iter.

Iteration 5:  1000000 integrand evaluations so far
[1] 16.0161 +- 0.0498386  	chisq 2.67717 (4 df)

Saving state to vegas_last_iter.
Vegas input parameters:
  ndim 11
  ncomp 1
  epsrel 0
  epsabs 0
  flags 291
  seed 17
  mineval 1
  maxeval 1
  nstart 100000
  nincrease 50000
  nbatch 1000
  gridno 1
  statefile "vegas_last_iter"

Restoring state from vegas_last_iter.

Iteration 6:  1350000 integrand evaluations so far
[1] 16.0026 +- 0.0442319  	chisq 3.02408 (5 df)

Saving state to vegas_last_iter.
Vegas input parameters:
  ndim 11
  ncomp 1
  epsrel 0
  epsabs 0
  flags 291
  seed 18
  mineval 1
  maxeval 1
  nstart 100000
  nincrease 50000
  nbatch 1000
  gridno 1
  statefile "vegas_last_iter"

Restoring state from vegas_last_iter.

Iteration 7:  1750000 integrand evaluations so far
[1] 16.0243 +- 0.0341182  	chisq 3.61567 (6 df)

Saving state to vegas_last_iter.
Vegas input parameters:
  ndim 11
  ncomp 1
  epsrel 0
  epsabs 0
  flags 291
  seed 19
  mineval 1
  maxeval 1
  nstart 100000
  nincrease 50000
  nbatch 1000
  gridno 1
  statefile "vegas_last_iter"

Restoring state from vegas_last_iter.

Iteration 8:  2200000 integrand evaluations so far
[1] 16.0245 +- 0.0282829  	chisq 3.6159 (7 df)

Saving state to vegas_last_iter.
Vegas input parameters:
  ndim 11
  ncomp 1
  epsrel 0
  epsabs 0
  flags 291
  seed 20
  mineval 1
  maxeval 1
  nstart 100000
  nincrease 50000
  nbatch 1000
  gridno 1
  statefile "vegas_last_iter"

Restoring state from vegas_last_iter.

Iteration 9:  2700000 integrand evaluations so far
[1] 16.0362 +- 0.0241352  	chisq 4.23966 (8 df)

Saving state to vegas_last_iter.
Vegas input parameters:
  ndim 11
  ncomp 1
  epsrel 0
  epsabs 0
  flags 291
  seed 21
  mineval 1
  maxeval 1
  nstart 100000
  nincrease 50000
  nbatch 1000
  gridno 1
  statefile "vegas_last_iter"

Restoring state from vegas_last_iter.

Iteration 10:  3250000 integrand evaluations so far
[1] 16.034 +- 0.0235976  	chisq 4.4242 (9 df)

Saving state to vegas_last_iter.
Vegas input parameters:
  ndim 11
  ncomp 1
  epsrel 0
  epsabs 0
  flags 291
  seed 22
  mineval 1
  maxeval 1
  nstart 100000
  nincrease 50000
  nbatch 1000
  gridno 1
  statefile "vegas_last_iter"

Restoring state from vegas_last_iter.

Iteration 11:  3850000 integrand evaluations so far
[1] 16.0268 +- 0.0225234  	chisq 5.47753 (10 df)

Saving state to vegas_last_iter.
Vegas input parameters:
  ndim 11
  ncomp 1
  epsrel 0
  epsabs 0
  flags 291
  seed 23
  mineval 1
  maxeval 1
  nstart 100000
  nincrease 50000
  nbatch 1000
  gridno 1
  statefile "vegas_last_iter"

Restoring state from vegas_last_iter.

Iteration 12:  4500000 integrand evaluations so far
[1] 16.0258 +- 0.0216121  	chisq 5.5037 (11 df)

Saving state to vegas_last_iter.
Vegas input parameters:
  ndim 11
  ncomp 1
  epsrel 0
  epsabs 0
  flags 291
  seed 24
  mineval 1
  maxeval 1
  nstart 100000
  nincrease 50000
  nbatch 1000
  gridno 1
  statefile "vegas_last_iter"

Restoring state from vegas_last_iter.

Iteration 13:  5200000 integrand evaluations so far
[1] 16.033 +- 0.0204723  	chisq 6.58218 (12 df)

Saving state to vegas_last_iter.
Vegas input parameters:
  ndim 11
  ncomp 1
  epsrel 0
  epsabs 0
  flags 291
  seed 25
  mineval 1
  maxeval 1
  nstart 100000
  nincrease 50000
  nbatch 1000
  gridno 1
  statefile "vegas_last_iter"

Restoring state from vegas_last_iter.

Iteration 14:  5950000 integrand evaluations so far
[1] 16.0428 +- 0.0185026  	chisq 7.83396 (13 df)

Saving state to vegas_last_iter.
Vegas input parameters:
  ndim 11
  ncomp 1
  epsrel 0
  epsabs 0
  flags 291
  seed 26
  mineval 1
  maxeval 1
  nstart 100000
  nincrease 50000
  nbatch 1000
  gridno 1
  statefile "vegas_last_iter"

Restoring state from vegas_last_iter.

Iteration 15:  6750000 integrand evaluations so far
[1] 16.0398 +- 0.0163201  	chisq 7.95301 (14 df)

Saving state to vegas_last_iter.
Vegas input parameters:
  ndim 11
  ncomp 1
  epsrel 0
  epsabs 0
  flags 291
  seed 27
  mineval 1
  maxeval 1
  nstart 100000
  nincrease 50000
  nbatch 1000
  gridno 1
  statefile "vegas_last_iter"

Restoring state from vegas_last_iter.

Iteration 16:  7600000 integrand evaluations so far
[1] 16.0465 +- 0.0147527  	chisq 8.87661 (15 df)

Saving state to vegas_last_iter.
Thanks for using LHAPDF 6.1.6. Please make sure to cite the paper:
  Eur.Phys.J. C75 (2015) 3, 132  (http://arxiv.org/abs/1412.7420)
