LHAPDF 6.1.6 loading /ufrc/avery/dimi/hg2/lhapdf/LHAPDF-6.1.6/dimi/share/LHAPDF/CT14qed_inc_proton/CT14qed_inc_proton_0000.dat
CT14qed_inc_proton PDF set, member #0, version 1
LHAPDF 6.1.6 loading /ufrc/avery/dimi/hg2/lhapdf/LHAPDF-6.1.6/dimi/share/LHAPDF/CT14qed_inc_proton/CT14qed_inc_proton_0001.dat
CT14qed_inc_proton PDF set, member #1, version 1
LHAPDF 6.1.6 loading /ufrc/avery/dimi/hg2/lhapdf/LHAPDF-6.1.6/dimi/share/LHAPDF/CT14qed_inc_proton/CT14qed_inc_proton_0002.dat
CT14qed_inc_proton PDF set, member #2, version 1
LHAPDF 6.1.6 loading /ufrc/avery/dimi/hg2/lhapdf/LHAPDF-6.1.6/dimi/share/LHAPDF/CT14qed_inc_proton/CT14qed_inc_proton_0003.dat
CT14qed_inc_proton PDF set, member #3, version 1
LHAPDF 6.1.6 loading /ufrc/avery/dimi/hg2/lhapdf/LHAPDF-6.1.6/dimi/share/LHAPDF/CT14qed_inc_proton/CT14qed_inc_proton_0004.dat
CT14qed_inc_proton PDF set, member #4, version 1
LHAPDF 6.1.6 loading /ufrc/avery/dimi/hg2/lhapdf/LHAPDF-6.1.6/dimi/share/LHAPDF/CT14qed_inc_proton/CT14qed_inc_proton_0005.dat
CT14qed_inc_proton PDF set, member #5, version 1
LHAPDF 6.1.6 loading /ufrc/avery/dimi/hg2/lhapdf/LHAPDF-6.1.6/dimi/share/LHAPDF/CT14qed_inc_proton/CT14qed_inc_proton_0006.dat
CT14qed_inc_proton PDF set, member #6, version 1
LHAPDF 6.1.6 loading /ufrc/avery/dimi/hg2/lhapdf/LHAPDF-6.1.6/dimi/share/LHAPDF/CT14qed_inc_proton/CT14qed_inc_proton_0007.dat
CT14qed_inc_proton PDF set, member #7, version 1
LHAPDF 6.1.6 loading /ufrc/avery/dimi/hg2/lhapdf/LHAPDF-6.1.6/dimi/share/LHAPDF/CT14qed_inc_proton/CT14qed_inc_proton_0008.dat
CT14qed_inc_proton PDF set, member #8, version 1
LHAPDF 6.1.6 loading /ufrc/avery/dimi/hg2/lhapdf/LHAPDF-6.1.6/dimi/share/LHAPDF/CT14qed_inc_proton/CT14qed_inc_proton_0009.dat
CT14qed_inc_proton PDF set, member #9, version 1
LHAPDF 6.1.6 loading /ufrc/avery/dimi/hg2/lhapdf/LHAPDF-6.1.6/dimi/share/LHAPDF/CT14qed_inc_proton/CT14qed_inc_proton_0010.dat
CT14qed_inc_proton PDF set, member #10, version 1
LHAPDF 6.1.6 loading /ufrc/avery/dimi/hg2/lhapdf/LHAPDF-6.1.6/dimi/share/LHAPDF/CT14qed_inc_proton/CT14qed_inc_proton_0011.dat
CT14qed_inc_proton PDF set, member #11, version 1
LHAPDF 6.1.6 loading /ufrc/avery/dimi/hg2/lhapdf/LHAPDF-6.1.6/dimi/share/LHAPDF/CT14qed_inc_proton/CT14qed_inc_proton_0012.dat
CT14qed_inc_proton PDF set, member #12, version 1
LHAPDF 6.1.6 loading /ufrc/avery/dimi/hg2/lhapdf/LHAPDF-6.1.6/dimi/share/LHAPDF/CT14qed_inc_proton/CT14qed_inc_proton_0013.dat
CT14qed_inc_proton PDF set, member #13, version 1
LHAPDF 6.1.6 loading /ufrc/avery/dimi/hg2/lhapdf/LHAPDF-6.1.6/dimi/share/LHAPDF/CT14qed_inc_proton/CT14qed_inc_proton_0014.dat
CT14qed_inc_proton PDF set, member #14, version 1
LHAPDF 6.1.6 loading /ufrc/avery/dimi/hg2/lhapdf/LHAPDF-6.1.6/dimi/share/LHAPDF/CT14qed_inc_proton/CT14qed_inc_proton_0015.dat
CT14qed_inc_proton PDF set, member #15, version 1
LHAPDF 6.1.6 loading /ufrc/avery/dimi/hg2/lhapdf/LHAPDF-6.1.6/dimi/share/LHAPDF/CT14qed_inc_proton/CT14qed_inc_proton_0016.dat
CT14qed_inc_proton PDF set, member #16, version 1
LHAPDF 6.1.6 loading /ufrc/avery/dimi/hg2/lhapdf/LHAPDF-6.1.6/dimi/share/LHAPDF/CT14qed_inc_proton/CT14qed_inc_proton_0017.dat
CT14qed_inc_proton PDF set, member #17, version 1
LHAPDF 6.1.6 loading /ufrc/avery/dimi/hg2/lhapdf/LHAPDF-6.1.6/dimi/share/LHAPDF/CT14qed_inc_proton/CT14qed_inc_proton_0018.dat
CT14qed_inc_proton PDF set, member #18, version 1
LHAPDF 6.1.6 loading /ufrc/avery/dimi/hg2/lhapdf/LHAPDF-6.1.6/dimi/share/LHAPDF/CT14qed_inc_proton/CT14qed_inc_proton_0019.dat
CT14qed_inc_proton PDF set, member #19, version 1
LHAPDF 6.1.6 loading /ufrc/avery/dimi/hg2/lhapdf/LHAPDF-6.1.6/dimi/share/LHAPDF/CT14qed_inc_proton/CT14qed_inc_proton_0020.dat
CT14qed_inc_proton PDF set, member #20, version 1
LHAPDF 6.1.6 loading /ufrc/avery/dimi/hg2/lhapdf/LHAPDF-6.1.6/dimi/share/LHAPDF/CT14qed_inc_proton/CT14qed_inc_proton_0021.dat
CT14qed_inc_proton PDF set, member #21, version 1
LHAPDF 6.1.6 loading /ufrc/avery/dimi/hg2/lhapdf/LHAPDF-6.1.6/dimi/share/LHAPDF/CT14qed_inc_proton/CT14qed_inc_proton_0022.dat
CT14qed_inc_proton PDF set, member #22, version 1
LHAPDF 6.1.6 loading /ufrc/avery/dimi/hg2/lhapdf/LHAPDF-6.1.6/dimi/share/LHAPDF/CT14qed_inc_proton/CT14qed_inc_proton_0023.dat
CT14qed_inc_proton PDF set, member #23, version 1
LHAPDF 6.1.6 loading /ufrc/avery/dimi/hg2/lhapdf/LHAPDF-6.1.6/dimi/share/LHAPDF/CT14qed_inc_proton/CT14qed_inc_proton_0024.dat
CT14qed_inc_proton PDF set, member #24, version 1
LHAPDF 6.1.6 loading /ufrc/avery/dimi/hg2/lhapdf/LHAPDF-6.1.6/dimi/share/LHAPDF/CT14qed_inc_proton/CT14qed_inc_proton_0025.dat
CT14qed_inc_proton PDF set, member #25, version 1
LHAPDF 6.1.6 loading /ufrc/avery/dimi/hg2/lhapdf/LHAPDF-6.1.6/dimi/share/LHAPDF/CT14qed_inc_proton/CT14qed_inc_proton_0026.dat
CT14qed_inc_proton PDF set, member #26, version 1
LHAPDF 6.1.6 loading /ufrc/avery/dimi/hg2/lhapdf/LHAPDF-6.1.6/dimi/share/LHAPDF/CT14qed_inc_proton/CT14qed_inc_proton_0027.dat
CT14qed_inc_proton PDF set, member #27, version 1
LHAPDF 6.1.6 loading /ufrc/avery/dimi/hg2/lhapdf/LHAPDF-6.1.6/dimi/share/LHAPDF/CT14qed_inc_proton/CT14qed_inc_proton_0028.dat
CT14qed_inc_proton PDF set, member #28, version 1
LHAPDF 6.1.6 loading /ufrc/avery/dimi/hg2/lhapdf/LHAPDF-6.1.6/dimi/share/LHAPDF/CT14qed_inc_proton/CT14qed_inc_proton_0029.dat
CT14qed_inc_proton PDF set, member #29, version 1
LHAPDF 6.1.6 loading /ufrc/avery/dimi/hg2/lhapdf/LHAPDF-6.1.6/dimi/share/LHAPDF/CT14qed_inc_proton/CT14qed_inc_proton_0030.dat
CT14qed_inc_proton PDF set, member #30, version 1
Vegas input parameters:
  ndim 11
  ncomp 1
  epsrel 0
  epsabs 0
  flags 291
  seed 12
  mineval 1
  maxeval 1
  nstart 100000
  nincrease 50000
  nbatch 1000
  gridno 1
  statefile "vegas_last_iter"

Iteration 1:  100000 integrand evaluations so far
[1] 13.2529 +- 0.112399  	chisq 0 (0 df)

Saving state to vegas_last_iter.
Vegas input parameters:
  ndim 11
  ncomp 1
  epsrel 0
  epsabs 0
  flags 291
  seed 13
  mineval 1
  maxeval 1
  nstart 100000
  nincrease 50000
  nbatch 1000
  gridno 1
  statefile "vegas_last_iter"

Restoring state from vegas_last_iter.

Iteration 2:  250000 integrand evaluations so far
[1] 13.016 +- 0.0627777  	chisq 6.45873 (1 df)

Saving state to vegas_last_iter.
Vegas input parameters:
  ndim 11
  ncomp 1
  epsrel 0
  epsabs 0
  flags 291
  seed 14
  mineval 1
  maxeval 1
  nstart 100000
  nincrease 50000
  nbatch 1000
  gridno 1
  statefile "vegas_last_iter"

Restoring state from vegas_last_iter.

Iteration 3:  450000 integrand evaluations so far
[1] 13.0125 +- 0.0494459  	chisq 6.46679 (2 df)

Saving state to vegas_last_iter.
Vegas input parameters:
  ndim 11
  ncomp 1
  epsrel 0
  epsabs 0
  flags 291
  seed 15
  mineval 1
  maxeval 1
  nstart 100000
  nincrease 50000
  nbatch 1000
  gridno 1
  statefile "vegas_last_iter"

Restoring state from vegas_last_iter.

Iteration 4:  700000 integrand evaluations so far
[1] 13.0143 +- 0.0422255  	chisq 6.4716 (3 df)

Saving state to vegas_last_iter.
Vegas input parameters:
  ndim 11
  ncomp 1
  epsrel 0
  epsabs 0
  flags 291
  seed 16
  mineval 1
  maxeval 1
  nstart 100000
  nincrease 50000
  nbatch 1000
  gridno 1
  statefile "vegas_last_iter"

Restoring state from vegas_last_iter.

Iteration 5:  1000000 integrand evaluations so far
[1] 13.0665 +- 0.0339784  	chisq 10.8109 (4 df)

Saving state to vegas_last_iter.
Vegas input parameters:
  ndim 11
  ncomp 1
  epsrel 0
  epsabs 0
  flags 291
  seed 17
  mineval 1
  maxeval 1
  nstart 100000
  nincrease 50000
  nbatch 1000
  gridno 1
  statefile "vegas_last_iter"

Restoring state from vegas_last_iter.

Iteration 6:  1350000 integrand evaluations so far
[1] 13.0903 +- 0.0281284  	chisq 12.3677 (5 df)

Saving state to vegas_last_iter.
Vegas input parameters:
  ndim 11
  ncomp 1
  epsrel 0
  epsabs 0
  flags 291
  seed 18
  mineval 1
  maxeval 1
  nstart 100000
  nincrease 50000
  nbatch 1000
  gridno 1
  statefile "vegas_last_iter"

Restoring state from vegas_last_iter.

Iteration 7:  1750000 integrand evaluations so far
[1] 13.0893 +- 0.0238963  	chisq 12.3724 (6 df)

Saving state to vegas_last_iter.
Vegas input parameters:
  ndim 11
  ncomp 1
  epsrel 0
  epsabs 0
  flags 291
  seed 19
  mineval 1
  maxeval 1
  nstart 100000
  nincrease 50000
  nbatch 1000
  gridno 1
  statefile "vegas_last_iter"

Restoring state from vegas_last_iter.

Iteration 8:  2200000 integrand evaluations so far
[1] 13.0854 +- 0.0212002  	chisq 12.4992 (7 df)

Saving state to vegas_last_iter.
Vegas input parameters:
  ndim 11
  ncomp 1
  epsrel 0
  epsabs 0
  flags 291
  seed 20
  mineval 1
  maxeval 1
  nstart 100000
  nincrease 50000
  nbatch 1000
  gridno 1
  statefile "vegas_last_iter"

Restoring state from vegas_last_iter.

Iteration 9:  2700000 integrand evaluations so far
[1] 13.0712 +- 0.0188188  	chisq 14.6003 (8 df)

Saving state to vegas_last_iter.
Vegas input parameters:
  ndim 11
  ncomp 1
  epsrel 0
  epsabs 0
  flags 291
  seed 21
  mineval 1
  maxeval 1
  nstart 100000
  nincrease 50000
  nbatch 1000
  gridno 1
  statefile "vegas_last_iter"

Restoring state from vegas_last_iter.

Iteration 10:  3250000 integrand evaluations so far
[1] 13.0751 +- 0.0162428  	chisq 14.7643 (9 df)

Saving state to vegas_last_iter.
Vegas input parameters:
  ndim 11
  ncomp 1
  epsrel 0
  epsabs 0
  flags 291
  seed 22
  mineval 1
  maxeval 1
  nstart 100000
  nincrease 50000
  nbatch 1000
  gridno 1
  statefile "vegas_last_iter"

Restoring state from vegas_last_iter.

Iteration 11:  3850000 integrand evaluations so far
[1] 13.0631 +- 0.0140613  	chisq 16.9308 (10 df)

Saving state to vegas_last_iter.
Vegas input parameters:
  ndim 11
  ncomp 1
  epsrel 0
  epsabs 0
  flags 291
  seed 23
  mineval 1
  maxeval 1
  nstart 100000
  nincrease 50000
  nbatch 1000
  gridno 1
  statefile "vegas_last_iter"

Restoring state from vegas_last_iter.

Iteration 12:  4500000 integrand evaluations so far
[1] 13.0645 +- 0.0123692  	chisq 16.9732 (11 df)

Saving state to vegas_last_iter.
Vegas input parameters:
  ndim 11
  ncomp 1
  epsrel 0
  epsabs 0
  flags 291
  seed 24
  mineval 1
  maxeval 1
  nstart 100000
  nincrease 50000
  nbatch 1000
  gridno 1
  statefile "vegas_last_iter"

Restoring state from vegas_last_iter.

Iteration 13:  5200000 integrand evaluations so far
[1] 13.0662 +- 0.0111481  	chisq 17.0736 (12 df)

Saving state to vegas_last_iter.
Vegas input parameters:
  ndim 11
  ncomp 1
  epsrel 0
  epsabs 0
  flags 291
  seed 25
  mineval 1
  maxeval 1
  nstart 100000
  nincrease 50000
  nbatch 1000
  gridno 1
  statefile "vegas_last_iter"

Restoring state from vegas_last_iter.

Iteration 14:  5950000 integrand evaluations so far
[1] 13.067 +- 0.0101534  	chisq 17.11 (13 df)

Saving state to vegas_last_iter.
Vegas input parameters:
  ndim 11
  ncomp 1
  epsrel 0
  epsabs 0
  flags 291
  seed 26
  mineval 1
  maxeval 1
  nstart 100000
  nincrease 50000
  nbatch 1000
  gridno 1
  statefile "vegas_last_iter"

Restoring state from vegas_last_iter.

Iteration 15:  6750000 integrand evaluations so far
[1] 13.0666 +- 0.00936543  	chisq 17.1206 (14 df)

Saving state to vegas_last_iter.
Vegas input parameters:
  ndim 11
  ncomp 1
  epsrel 0
  epsabs 0
  flags 291
  seed 27
  mineval 1
  maxeval 1
  nstart 100000
  nincrease 50000
  nbatch 1000
  gridno 1
  statefile "vegas_last_iter"

Restoring state from vegas_last_iter.

Iteration 16:  7600000 integrand evaluations so far
[1] 13.0687 +- 0.00881264  	chisq 17.5333 (15 df)

Saving state to vegas_last_iter.
Vegas input parameters:
  ndim 11
  ncomp 1
  epsrel 0
  epsabs 0
  flags 291
  seed 28
  mineval 1
  maxeval 1
  nstart 100000
  nincrease 50000
  nbatch 1000
  gridno 1
  statefile "vegas_last_iter"

Restoring state from vegas_last_iter.

Iteration 17:  8500000 integrand evaluations so far
[1] 13.0696 +- 0.00839941  	chisq 17.6533 (16 df)

Saving state to vegas_last_iter.
Vegas input parameters:
  ndim 11
  ncomp 1
  epsrel 0
  epsabs 0
  flags 291
  seed 29
  mineval 1
  maxeval 1
  nstart 100000
  nincrease 50000
  nbatch 1000
  gridno 1
  statefile "vegas_last_iter"

Restoring state from vegas_last_iter.

Iteration 18:  9450000 integrand evaluations so far
[1] 13.0706 +- 0.00797259  	chisq 17.8115 (17 df)

Saving state to vegas_last_iter.
Vegas input parameters:
  ndim 11
  ncomp 1
  epsrel 0
  epsabs 0
  flags 291
  seed 30
  mineval 1
  maxeval 1
  nstart 100000
  nincrease 50000
  nbatch 1000
  gridno 1
  statefile "vegas_last_iter"

Restoring state from vegas_last_iter.

Iteration 19:  10450000 integrand evaluations so far
[1] 13.0728 +- 0.00761979  	chisq 18.6783 (18 df)

Saving state to vegas_last_iter.
Vegas input parameters:
  ndim 11
  ncomp 1
  epsrel 0
  epsabs 0
  flags 291
  seed 31
  mineval 1
  maxeval 1
  nstart 100000
  nincrease 50000
  nbatch 1000
  gridno 1
  statefile "vegas_last_iter"

Restoring state from vegas_last_iter.

Iteration 20:  11500000 integrand evaluations so far
[1] 13.0718 +- 0.00728374  	chisq 18.8798 (19 df)

Saving state to vegas_last_iter.
Vegas input parameters:
  ndim 11
  ncomp 1
  epsrel 0
  epsabs 0
  flags 291
  seed 32
  mineval 1
  maxeval 1
  nstart 100000
  nincrease 50000
  nbatch 1000
  gridno 1
  statefile "vegas_last_iter"

Restoring state from vegas_last_iter.

Iteration 21:  12600000 integrand evaluations so far
[1] 13.0724 +- 0.0069047  	chisq 18.9471 (20 df)

Saving state to vegas_last_iter.
Vegas input parameters:
  ndim 11
  ncomp 1
  epsrel 0
  epsabs 0
  flags 291
  seed 33
  mineval 1
  maxeval 1
  nstart 100000
  nincrease 50000
  nbatch 1000
  gridno 1
  statefile "vegas_last_iter"

Restoring state from vegas_last_iter.

Iteration 22:  13750000 integrand evaluations so far
[1] 13.0698 +- 0.00654316  	chisq 20.3856 (21 df)

Saving state to vegas_last_iter.
Vegas input parameters:
  ndim 11
  ncomp 1
  epsrel 0
  epsabs 0
  flags 291
  seed 34
  mineval 1
  maxeval 1
  nstart 100000
  nincrease 50000
  nbatch 1000
  gridno 1
  statefile "vegas_last_iter"

Restoring state from vegas_last_iter.

Iteration 23:  14950000 integrand evaluations so far
[1] 13.0708 +- 0.0063023  	chisq 20.7165 (22 df)

Saving state to vegas_last_iter.
Vegas input parameters:
  ndim 11
  ncomp 1
  epsrel 0
  epsabs 0
  flags 291
  seed 35
  mineval 1
  maxeval 1
  nstart 100000
  nincrease 50000
  nbatch 1000
  gridno 1
  statefile "vegas_last_iter"

Restoring state from vegas_last_iter.

Iteration 24:  16200000 integrand evaluations so far
[1] 13.0728 +- 0.00609232  	chisq 22.2607 (23 df)

Saving state to vegas_last_iter.
Vegas input parameters:
  ndim 11
  ncomp 1
  epsrel 0
  epsabs 0
  flags 291
  seed 36
  mineval 1
  maxeval 1
  nstart 100000
  nincrease 50000
  nbatch 1000
  gridno 1
  statefile "vegas_last_iter"

Restoring state from vegas_last_iter.

Iteration 25:  17500000 integrand evaluations so far
[1] 13.0733 +- 0.00585172  	chisq 22.351 (24 df)

Saving state to vegas_last_iter.
Vegas input parameters:
  ndim 11
  ncomp 1
  epsrel 0
  epsabs 0
  flags 291
  seed 37
  mineval 1
  maxeval 1
  nstart 100000
  nincrease 50000
  nbatch 1000
  gridno 1
  statefile "vegas_last_iter"

Restoring state from vegas_last_iter.

Iteration 26:  18850000 integrand evaluations so far
[1] 13.0732 +- 0.00563769  	chisq 22.3553 (25 df)

Saving state to vegas_last_iter.
Vegas input parameters:
  ndim 11
  ncomp 1
  epsrel 0
  epsabs 0
  flags 291
  seed 38
  mineval 1
  maxeval 1
  nstart 100000
  nincrease 50000
  nbatch 1000
  gridno 1
  statefile "vegas_last_iter"

Restoring state from vegas_last_iter.

Iteration 27:  20250000 integrand evaluations so far
[1] 13.0715 +- 0.00541541  	chisq 23.5576 (26 df)

Saving state to vegas_last_iter.
Vegas input parameters:
  ndim 11
  ncomp 1
  epsrel 0
  epsabs 0
  flags 291
  seed 39
  mineval 1
  maxeval 1
  nstart 100000
  nincrease 50000
  nbatch 1000
  gridno 1
  statefile "vegas_last_iter"

Restoring state from vegas_last_iter.

Iteration 28:  21700000 integrand evaluations so far
[1] 13.071 +- 0.00519626  	chisq 23.6469 (27 df)

Saving state to vegas_last_iter.
Vegas input parameters:
  ndim 11
  ncomp 1
  epsrel 0
  epsabs 0
  flags 291
  seed 40
  mineval 1
  maxeval 1
  nstart 100000
  nincrease 50000
  nbatch 1000
  gridno 1
  statefile "vegas_last_iter"

Restoring state from vegas_last_iter.

Iteration 29:  23200000 integrand evaluations so far
[1] 13.0701 +- 0.00500219  	chisq 24.0991 (28 df)

Saving state to vegas_last_iter.
Vegas input parameters:
  ndim 11
  ncomp 1
  epsrel 0
  epsabs 0
  flags 291
  seed 41
  mineval 1
  maxeval 1
  nstart 100000
  nincrease 50000
  nbatch 1000
  gridno 1
  statefile "vegas_last_iter"

Restoring state from vegas_last_iter.

Iteration 30:  24750000 integrand evaluations so far
[1] 13.0701 +- 0.00482416  	chisq 24.1015 (29 df)

Saving state to vegas_last_iter.
Vegas input parameters:
  ndim 11
  ncomp 1
  epsrel 0
  epsabs 0
  flags 291
  seed 42
  mineval 1
  maxeval 1
  nstart 100000
  nincrease 50000
  nbatch 1000
  gridno 1
  statefile "vegas_last_iter"

Restoring state from vegas_last_iter.

Iteration 31:  26350000 integrand evaluations so far
[1] 13.0684 +- 0.00465728  	chisq 26.0635 (30 df)

Saving state to vegas_last_iter.
Vegas input parameters:
  ndim 11
  ncomp 1
  epsrel 0
  epsabs 0
  flags 291
  seed 43
  mineval 1
  maxeval 1
  nstart 100000
  nincrease 50000
  nbatch 1000
  gridno 1
  statefile "vegas_last_iter"

Restoring state from vegas_last_iter.

Iteration 32:  28000000 integrand evaluations so far
[1] 13.0688 +- 0.0044951  	chisq 26.1939 (31 df)

Saving state to vegas_last_iter.
Vegas input parameters:
  ndim 11
  ncomp 1
  epsrel 0
  epsabs 0
  flags 291
  seed 44
  mineval 1
  maxeval 1
  nstart 100000
  nincrease 50000
  nbatch 1000
  gridno 1
  statefile "vegas_last_iter"

Restoring state from vegas_last_iter.

Iteration 33:  29700000 integrand evaluations so far
[1] 13.0679 +- 0.00433882  	chisq 26.882 (32 df)

Saving state to vegas_last_iter.
Vegas input parameters:
  ndim 11
  ncomp 1
  epsrel 0
  epsabs 0
  flags 291
  seed 45
  mineval 1
  maxeval 1
  nstart 100000
  nincrease 50000
  nbatch 1000
  gridno 1
  statefile "vegas_last_iter"

Restoring state from vegas_last_iter.

Iteration 34:  31450000 integrand evaluations so far
[1] 13.0661 +- 0.00425212  	chisq 30.9417 (33 df)

Saving state to vegas_last_iter.
Vegas input parameters:
  ndim 11
  ncomp 1
  epsrel 0
  epsabs 0
  flags 291
  seed 46
  mineval 1
  maxeval 1
  nstart 100000
  nincrease 50000
  nbatch 1000
  gridno 1
  statefile "vegas_last_iter"

Restoring state from vegas_last_iter.

Iteration 35:  33250000 integrand evaluations so far
[1] 13.0652 +- 0.00416496  	chisq 32.0189 (34 df)

Saving state to vegas_last_iter.
Vegas input parameters:
  ndim 11
  ncomp 1
  epsrel 0
  epsabs 0
  flags 291
  seed 47
  mineval 1
  maxeval 1
  nstart 100000
  nincrease 50000
  nbatch 1000
  gridno 1
  statefile "vegas_last_iter"

Restoring state from vegas_last_iter.

Iteration 36:  35100000 integrand evaluations so far
[1] 13.0659 +- 0.00405108  	chisq 32.529 (35 df)

Saving state to vegas_last_iter.
Vegas input parameters:
  ndim 11
  ncomp 1
  epsrel 0
  epsabs 0
  flags 291
  seed 48
  mineval 1
  maxeval 1
  nstart 100000
  nincrease 50000
  nbatch 1000
  gridno 1
  statefile "vegas_last_iter"

Restoring state from vegas_last_iter.

Iteration 37:  37000000 integrand evaluations so far
[1] 13.0672 +- 0.00393356  	chisq 34.2925 (36 df)

Saving state to vegas_last_iter.
Vegas input parameters:
  ndim 11
  ncomp 1
  epsrel 0
  epsabs 0
  flags 291
  seed 49
  mineval 1
  maxeval 1
  nstart 100000
  nincrease 50000
  nbatch 1000
  gridno 1
  statefile "vegas_last_iter"

Restoring state from vegas_last_iter.

Iteration 38:  38950000 integrand evaluations so far
[1] 13.0678 +- 0.00381457  	chisq 34.7326 (37 df)

Saving state to vegas_last_iter.
Vegas input parameters:
  ndim 11
  ncomp 1
  epsrel 0
  epsabs 0
  flags 291
  seed 50
  mineval 1
  maxeval 1
  nstart 100000
  nincrease 50000
  nbatch 1000
  gridno 1
  statefile "vegas_last_iter"

Restoring state from vegas_last_iter.

Iteration 39:  40950000 integrand evaluations so far
[1] 13.0674 +- 0.00376638  	chisq 35.2047 (38 df)

Saving state to vegas_last_iter.
Vegas input parameters:
  ndim 11
  ncomp 1
  epsrel 0
  epsabs 0
  flags 291
  seed 51
  mineval 1
  maxeval 1
  nstart 100000
  nincrease 50000
  nbatch 1000
  gridno 1
  statefile "vegas_last_iter"

Restoring state from vegas_last_iter.

Iteration 40:  43000000 integrand evaluations so far
[1] 13.0668 +- 0.00373778  	chisq 37.241 (39 df)

Saving state to vegas_last_iter.
Vegas input parameters:
  ndim 11
  ncomp 1
  epsrel 0
  epsabs 0
  flags 291
  seed 52
  mineval 1
  maxeval 1
  nstart 100000
  nincrease 50000
  nbatch 1000
  gridno 1
  statefile "vegas_last_iter"

Restoring state from vegas_last_iter.

Iteration 41:  45100000 integrand evaluations so far
[1] 13.0663 +- 0.00370362  	chisq 38.1306 (40 df)

Saving state to vegas_last_iter.
Vegas input parameters:
  ndim 11
  ncomp 1
  epsrel 0
  epsabs 0
  flags 291
  seed 53
  mineval 1
  maxeval 1
  nstart 100000
  nincrease 50000
  nbatch 1000
  gridno 1
  statefile "vegas_last_iter"

Restoring state from vegas_last_iter.

Iteration 42:  47250000 integrand evaluations so far
[1] 13.067 +- 0.00364136  	chisq 39.2611 (41 df)

Saving state to vegas_last_iter.
Vegas input parameters:
  ndim 11
  ncomp 1
  epsrel 0
  epsabs 0
  flags 291
  seed 54
  mineval 1
  maxeval 1
  nstart 100000
  nincrease 50000
  nbatch 1000
  gridno 1
  statefile "vegas_last_iter"

Restoring state from vegas_last_iter.

Iteration 43:  49450000 integrand evaluations so far
[1] 13.0685 +- 0.00358462  	chisq 44.6168 (42 df)

Saving state to vegas_last_iter.
Vegas input parameters:
  ndim 11
  ncomp 1
  epsrel 0
  epsabs 0
  flags 291
  seed 55
  mineval 1
  maxeval 1
  nstart 100000
  nincrease 50000
  nbatch 1000
  gridno 1
  statefile "vegas_last_iter"

Restoring state from vegas_last_iter.

Iteration 44:  51700000 integrand evaluations so far
[1] 13.0689 +- 0.00351236  	chisq 44.9607 (43 df)

Saving state to vegas_last_iter.
Vegas input parameters:
  ndim 11
  ncomp 1
  epsrel 0
  epsabs 0
  flags 291
  seed 56
  mineval 1
  maxeval 1
  nstart 100000
  nincrease 50000
  nbatch 1000
  gridno 1
  statefile "vegas_last_iter"

Restoring state from vegas_last_iter.

Iteration 45:  54000000 integrand evaluations so far
[1] 13.0692 +- 0.00343811  	chisq 45.1175 (44 df)

Saving state to vegas_last_iter.
Vegas input parameters:
  ndim 11
  ncomp 1
  epsrel 0
  epsabs 0
  flags 291
  seed 57
  mineval 1
  maxeval 1
  nstart 100000
  nincrease 50000
  nbatch 1000
  gridno 1
  statefile "vegas_last_iter"

Restoring state from vegas_last_iter.

Iteration 46:  56350000 integrand evaluations so far
[1] 13.0701 +- 0.00337262  	chisq 46.9245 (45 df)

Saving state to vegas_last_iter.
Vegas input parameters:
  ndim 11
  ncomp 1
  epsrel 0
  epsabs 0
  flags 291
  seed 58
  mineval 1
  maxeval 1
  nstart 100000
  nincrease 50000
  nbatch 1000
  gridno 1
  statefile "vegas_last_iter"

Restoring state from vegas_last_iter.

Iteration 47:  58750000 integrand evaluations so far
[1] 13.0705 +- 0.00330034  	chisq 47.2265 (46 df)

Saving state to vegas_last_iter.
Vegas input parameters:
  ndim 11
  ncomp 1
  epsrel 0
  epsabs 0
  flags 291
  seed 59
  mineval 1
  maxeval 1
  nstart 100000
  nincrease 50000
  nbatch 1000
  gridno 1
  statefile "vegas_last_iter"

Restoring state from vegas_last_iter.

Iteration 48:  61200000 integrand evaluations so far
[1] 13.0702 +- 0.00322046  	chisq 47.3247 (47 df)

Saving state to vegas_last_iter.
Vegas input parameters:
  ndim 11
  ncomp 1
  epsrel 0
  epsabs 0
  flags 291
  seed 60
  mineval 1
  maxeval 1
  nstart 100000
  nincrease 50000
  nbatch 1000
  gridno 1
  statefile "vegas_last_iter"

Restoring state from vegas_last_iter.

Iteration 49:  63700000 integrand evaluations so far
[1] 13.0705 +- 0.00314346  	chisq 47.4823 (48 df)

Saving state to vegas_last_iter.
Vegas input parameters:
  ndim 11
  ncomp 1
  epsrel 0
  epsabs 0
  flags 291
  seed 61
  mineval 1
  maxeval 1
  nstart 100000
  nincrease 50000
  nbatch 1000
  gridno 1
  statefile "vegas_last_iter"

Restoring state from vegas_last_iter.

Iteration 50:  66250000 integrand evaluations so far
[1] 13.0701 +- 0.00306416  	chisq 47.8155 (49 df)

Saving state to vegas_last_iter.
Vegas input parameters:
  ndim 11
  ncomp 1
  epsrel 0
  epsabs 0
  flags 291
  seed 62
  mineval 1
  maxeval 1
  nstart 100000
  nincrease 50000
  nbatch 1000
  gridno 1
  statefile "vegas_last_iter"

Restoring state from vegas_last_iter.

Iteration 51:  68850000 integrand evaluations so far
[1] 13.0706 +- 0.0030114  	chisq 48.4289 (50 df)

Saving state to vegas_last_iter.
Vegas input parameters:
  ndim 11
  ncomp 1
  epsrel 0
  epsabs 0
  flags 291
  seed 63
  mineval 1
  maxeval 1
  nstart 100000
  nincrease 50000
  nbatch 1000
  gridno 1
  statefile "vegas_last_iter"

Restoring state from vegas_last_iter.

Iteration 52:  71500000 integrand evaluations so far
[1] 13.0701 +- 0.00298878  	chisq 49.7729 (51 df)

Saving state to vegas_last_iter.
Vegas input parameters:
  ndim 11
  ncomp 1
  epsrel 0
  epsabs 0
  flags 291
  seed 64
  mineval 1
  maxeval 1
  nstart 100000
  nincrease 50000
  nbatch 1000
  gridno 1
  statefile "vegas_last_iter"

Restoring state from vegas_last_iter.

Iteration 53:  74200000 integrand evaluations so far
[1] 13.0695 +- 0.00295719  	chisq 51.8586 (52 df)

Saving state to vegas_last_iter.
Vegas input parameters:
  ndim 11
  ncomp 1
  epsrel 0
  epsabs 0
  flags 291
  seed 65
  mineval 1
  maxeval 1
  nstart 100000
  nincrease 50000
  nbatch 1000
  gridno 1
  statefile "vegas_last_iter"

Restoring state from vegas_last_iter.

Iteration 54:  76950000 integrand evaluations so far
[1] 13.0683 +- 0.00290074  	chisq 56.5982 (53 df)

Saving state to vegas_last_iter.
Vegas input parameters:
  ndim 11
  ncomp 1
  epsrel 0
  epsabs 0
  flags 291
  seed 66
  mineval 1
  maxeval 1
  nstart 100000
  nincrease 50000
  nbatch 1000
  gridno 1
  statefile "vegas_last_iter"

Restoring state from vegas_last_iter.

Iteration 55:  79750000 integrand evaluations so far
[1] 13.0682 +- 0.00284156  	chisq 56.6008 (54 df)

Saving state to vegas_last_iter.
Vegas input parameters:
  ndim 11
  ncomp 1
  epsrel 0
  epsabs 0
  flags 291
  seed 67
  mineval 1
  maxeval 1
  nstart 100000
  nincrease 50000
  nbatch 1000
  gridno 1
  statefile "vegas_last_iter"

Restoring state from vegas_last_iter.

Iteration 56:  82600000 integrand evaluations so far
[1] 13.0676 +- 0.00278623  	chisq 58.046 (55 df)

Saving state to vegas_last_iter.
Vegas input parameters:
  ndim 11
  ncomp 1
  epsrel 0
  epsabs 0
  flags 291
  seed 68
  mineval 1
  maxeval 1
  nstart 100000
  nincrease 50000
  nbatch 1000
  gridno 1
  statefile "vegas_last_iter"

Restoring state from vegas_last_iter.

Iteration 57:  85500000 integrand evaluations so far
[1] 13.0677 +- 0.00272715  	chisq 58.1009 (56 df)

Saving state to vegas_last_iter.
Vegas input parameters:
  ndim 11
  ncomp 1
  epsrel 0
  epsabs 0
  flags 291
  seed 69
  mineval 1
  maxeval 1
  nstart 100000
  nincrease 50000
  nbatch 1000
  gridno 1
  statefile "vegas_last_iter"

Restoring state from vegas_last_iter.

Iteration 58:  88450000 integrand evaluations so far
[1] 13.0693 +- 0.00266724  	chisq 65.6694 (57 df)

Saving state to vegas_last_iter.
Vegas input parameters:
  ndim 11
  ncomp 1
  epsrel 0
  epsabs 0
  flags 291
  seed 70
  mineval 1
  maxeval 1
  nstart 100000
  nincrease 50000
  nbatch 1000
  gridno 1
  statefile "vegas_last_iter"

Restoring state from vegas_last_iter.

Iteration 59:  91450000 integrand evaluations so far
[1] 13.0687 +- 0.00261093  	chisq 66.7519 (58 df)

Saving state to vegas_last_iter.
Vegas input parameters:
  ndim 11
  ncomp 1
  epsrel 0
  epsabs 0
  flags 291
  seed 71
  mineval 1
  maxeval 1
  nstart 100000
  nincrease 50000
  nbatch 1000
  gridno 1
  statefile "vegas_last_iter"

Restoring state from vegas_last_iter.

Iteration 60:  94500000 integrand evaluations so far
[1] 13.0682 +- 0.00255677  	chisq 67.5921 (59 df)

Saving state to vegas_last_iter.
Vegas input parameters:
  ndim 11
  ncomp 1
  epsrel 0
  epsabs 0
  flags 291
  seed 72
  mineval 1
  maxeval 1
  nstart 100000
  nincrease 50000
  nbatch 1000
  gridno 1
  statefile "vegas_last_iter"

Restoring state from vegas_last_iter.

Iteration 61:  97600000 integrand evaluations so far
[1] 13.0689 +- 0.00250984  	chisq 69.9059 (60 df)

Saving state to vegas_last_iter.
Vegas input parameters:
  ndim 11
  ncomp 1
  epsrel 0
  epsabs 0
  flags 291
  seed 73
  mineval 1
  maxeval 1
  nstart 100000
  nincrease 50000
  nbatch 1000
  gridno 1
  statefile "vegas_last_iter"

Restoring state from vegas_last_iter.

Iteration 62:  100750000 integrand evaluations so far
[1] 13.0685 +- 0.00246958  	chisq 70.7822 (61 df)

Saving state to vegas_last_iter.
Vegas input parameters:
  ndim 11
  ncomp 1
  epsrel 0
  epsabs 0
  flags 291
  seed 74
  mineval 1
  maxeval 1
  nstart 100000
  nincrease 50000
  nbatch 1000
  gridno 1
  statefile "vegas_last_iter"

Restoring state from vegas_last_iter.

Iteration 63:  103950000 integrand evaluations so far
[1] 13.0686 +- 0.0024293  	chisq 70.8398 (62 df)

Saving state to vegas_last_iter.
Vegas input parameters:
  ndim 11
  ncomp 1
  epsrel 0
  epsabs 0
  flags 291
  seed 75
  mineval 1
  maxeval 1
  nstart 100000
  nincrease 50000
  nbatch 1000
  gridno 1
  statefile "vegas_last_iter"

Restoring state from vegas_last_iter.

Iteration 64:  107200000 integrand evaluations so far
[1] 13.0688 +- 0.00238695  	chisq 71.0515 (63 df)

Saving state to vegas_last_iter.
Vegas input parameters:
  ndim 11
  ncomp 1
  epsrel 0
  epsabs 0
  flags 291
  seed 76
  mineval 1
  maxeval 1
  nstart 100000
  nincrease 50000
  nbatch 1000
  gridno 1
  statefile "vegas_last_iter"

Restoring state from vegas_last_iter.

Iteration 65:  110500000 integrand evaluations so far
[1] 13.0695 +- 0.0023442  	chisq 73.4122 (64 df)

Saving state to vegas_last_iter.
Vegas input parameters:
  ndim 11
  ncomp 1
  epsrel 0
  epsabs 0
  flags 291
  seed 77
  mineval 1
  maxeval 1
  nstart 100000
  nincrease 50000
  nbatch 1000
  gridno 1
  statefile "vegas_last_iter"

Restoring state from vegas_last_iter.

Iteration 66:  113850000 integrand evaluations so far
[1] 13.0693 +- 0.00230427  	chisq 73.6129 (65 df)

Saving state to vegas_last_iter.
Vegas input parameters:
  ndim 11
  ncomp 1
  epsrel 0
  epsabs 0
  flags 291
  seed 78
  mineval 1
  maxeval 1
  nstart 100000
  nincrease 50000
  nbatch 1000
  gridno 1
  statefile "vegas_last_iter"

Restoring state from vegas_last_iter.

Iteration 67:  117250000 integrand evaluations so far
[1] 13.0695 +- 0.00226313  	chisq 73.8371 (66 df)

Saving state to vegas_last_iter.
Vegas input parameters:
  ndim 11
  ncomp 1
  epsrel 0
  epsabs 0
  flags 291
  seed 79
  mineval 1
  maxeval 1
  nstart 100000
  nincrease 50000
  nbatch 1000
  gridno 1
  statefile "vegas_last_iter"

Restoring state from vegas_last_iter.

Iteration 68:  120700000 integrand evaluations so far
[1] 13.0697 +- 0.00222507  	chisq 73.9396 (67 df)

Saving state to vegas_last_iter.
Vegas input parameters:
  ndim 11
  ncomp 1
  epsrel 0
  epsabs 0
  flags 291
  seed 80
  mineval 1
  maxeval 1
  nstart 100000
  nincrease 50000
  nbatch 1000
  gridno 1
  statefile "vegas_last_iter"

Restoring state from vegas_last_iter.

Iteration 69:  124200000 integrand evaluations so far
[1] 13.0692 +- 0.00219087  	chisq 75.4346 (68 df)

Saving state to vegas_last_iter.
Vegas input parameters:
  ndim 11
  ncomp 1
  epsrel 0
  epsabs 0
  flags 291
  seed 81
  mineval 1
  maxeval 1
  nstart 100000
  nincrease 50000
  nbatch 1000
  gridno 1
  statefile "vegas_last_iter"

Restoring state from vegas_last_iter.

Iteration 70:  127750000 integrand evaluations so far
[1] 13.0691 +- 0.00215733  	chisq 75.4989 (69 df)

Saving state to vegas_last_iter.
Vegas input parameters:
  ndim 11
  ncomp 1
  epsrel 0
  epsabs 0
  flags 291
  seed 82
  mineval 1
  maxeval 1
  nstart 100000
  nincrease 50000
  nbatch 1000
  gridno 1
  statefile "vegas_last_iter"

Restoring state from vegas_last_iter.

Iteration 71:  131350000 integrand evaluations so far
[1] 13.0687 +- 0.00212384  	chisq 76.8516 (70 df)

Saving state to vegas_last_iter.
Vegas input parameters:
  ndim 11
  ncomp 1
  epsrel 0
  epsabs 0
  flags 291
  seed 83
  mineval 1
  maxeval 1
  nstart 100000
  nincrease 50000
  nbatch 1000
  gridno 1
  statefile "vegas_last_iter"

Restoring state from vegas_last_iter.

Iteration 72:  135000000 integrand evaluations so far
[1] 13.0688 +- 0.00208958  	chisq 77.0337 (71 df)

Saving state to vegas_last_iter.
Vegas input parameters:
  ndim 11
  ncomp 1
  epsrel 0
  epsabs 0
  flags 291
  seed 84
  mineval 1
  maxeval 1
  nstart 100000
  nincrease 50000
  nbatch 1000
  gridno 1
  statefile "vegas_last_iter"

Restoring state from vegas_last_iter.

Iteration 73:  138700000 integrand evaluations so far
[1] 13.0688 +- 0.0020551  	chisq 77.0346 (72 df)

Saving state to vegas_last_iter.
Vegas input parameters:
  ndim 11
  ncomp 1
  epsrel 0
  epsabs 0
  flags 291
  seed 85
  mineval 1
  maxeval 1
  nstart 100000
  nincrease 50000
  nbatch 1000
  gridno 1
  statefile "vegas_last_iter"

Restoring state from vegas_last_iter.

Iteration 74:  142450000 integrand evaluations so far
[1] 13.0691 +- 0.00202323  	chisq 77.7367 (73 df)

Saving state to vegas_last_iter.
Vegas input parameters:
  ndim 11
  ncomp 1
  epsrel 0
  epsabs 0
  flags 291
  seed 86
  mineval 1
  maxeval 1
  nstart 100000
  nincrease 50000
  nbatch 1000
  gridno 1
  statefile "vegas_last_iter"

Restoring state from vegas_last_iter.

Iteration 75:  146250000 integrand evaluations so far
[1] 13.0692 +- 0.00199456  	chisq 77.7724 (74 df)

Saving state to vegas_last_iter.
Vegas input parameters:
  ndim 11
  ncomp 1
  epsrel 0
  epsabs 0
  flags 291
  seed 87
  mineval 1
  maxeval 1
  nstart 100000
  nincrease 50000
  nbatch 1000
  gridno 1
  statefile "vegas_last_iter"

Restoring state from vegas_last_iter.

Iteration 76:  150100000 integrand evaluations so far
[1] 13.0687 +- 0.00196666  	chisq 79.861 (75 df)

Saving state to vegas_last_iter.
Vegas input parameters:
  ndim 11
  ncomp 1
  epsrel 0
  epsabs 0
  flags 291
  seed 88
  mineval 1
  maxeval 1
  nstart 100000
  nincrease 50000
  nbatch 1000
  gridno 1
  statefile "vegas_last_iter"

Restoring state from vegas_last_iter.

Iteration 77:  154000000 integrand evaluations so far
[1] 13.0685 +- 0.0019378  	chisq 80.4669 (76 df)

Saving state to vegas_last_iter.
Vegas input parameters:
  ndim 11
  ncomp 1
  epsrel 0
  epsabs 0
  flags 291
  seed 89
  mineval 1
  maxeval 1
  nstart 100000
  nincrease 50000
  nbatch 1000
  gridno 1
  statefile "vegas_last_iter"

Restoring state from vegas_last_iter.

Iteration 78:  157950000 integrand evaluations so far
[1] 13.0686 +- 0.00190921  	chisq 80.6334 (77 df)

Saving state to vegas_last_iter.
Vegas input parameters:
  ndim 11
  ncomp 1
  epsrel 0
  epsabs 0
  flags 291
  seed 90
  mineval 1
  maxeval 1
  nstart 100000
  nincrease 50000
  nbatch 1000
  gridno 1
  statefile "vegas_last_iter"

Restoring state from vegas_last_iter.

Iteration 79:  161950000 integrand evaluations so far
[1] 13.0687 +- 0.00188185  	chisq 80.6834 (78 df)

Saving state to vegas_last_iter.
Vegas input parameters:
  ndim 11
  ncomp 1
  epsrel 0
  epsabs 0
  flags 291
  seed 91
  mineval 1
  maxeval 1
  nstart 100000
  nincrease 50000
  nbatch 1000
  gridno 1
  statefile "vegas_last_iter"

Restoring state from vegas_last_iter.

Iteration 80:  166000000 integrand evaluations so far
[1] 13.0683 +- 0.00185501  	chisq 81.7172 (79 df)

Saving state to vegas_last_iter.
Vegas input parameters:
  ndim 11
  ncomp 1
  epsrel 0
  epsabs 0
  flags 291
  seed 92
  mineval 1
  maxeval 1
  nstart 100000
  nincrease 50000
  nbatch 1000
  gridno 1
  statefile "vegas_last_iter"

Restoring state from vegas_last_iter.

Iteration 81:  170100000 integrand evaluations so far
[1] 13.0688 +- 0.00182923  	chisq 83.8343 (80 df)

Saving state to vegas_last_iter.
Vegas input parameters:
  ndim 11
  ncomp 1
  epsrel 0
  epsabs 0
  flags 291
  seed 93
  mineval 1
  maxeval 1
  nstart 100000
  nincrease 50000
  nbatch 1000
  gridno 1
  statefile "vegas_last_iter"

Restoring state from vegas_last_iter.

Iteration 82:  174250000 integrand evaluations so far
[1] 13.0689 +- 0.00181215  	chisq 84.1567 (81 df)

Saving state to vegas_last_iter.
Vegas input parameters:
  ndim 11
  ncomp 1
  epsrel 0
  epsabs 0
  flags 291
  seed 94
  mineval 1
  maxeval 1
  nstart 100000
  nincrease 50000
  nbatch 1000
  gridno 1
  statefile "vegas_last_iter"

Restoring state from vegas_last_iter.

Iteration 83:  178450000 integrand evaluations so far
[1] 13.0689 +- 0.00179485  	chisq 84.1571 (82 df)

Saving state to vegas_last_iter.
Vegas input parameters:
  ndim 11
  ncomp 1
  epsrel 0
  epsabs 0
  flags 291
  seed 95
  mineval 1
  maxeval 1
  nstart 100000
  nincrease 50000
  nbatch 1000
  gridno 1
  statefile "vegas_last_iter"

Restoring state from vegas_last_iter.

Iteration 84:  182700000 integrand evaluations so far
[1] 13.0687 +- 0.00177306  	chisq 85.1673 (83 df)

Saving state to vegas_last_iter.
Vegas input parameters:
  ndim 11
  ncomp 1
  epsrel 0
  epsabs 0
  flags 291
  seed 96
  mineval 1
  maxeval 1
  nstart 100000
  nincrease 50000
  nbatch 1000
  gridno 1
  statefile "vegas_last_iter"

Restoring state from vegas_last_iter.

Iteration 85:  187000000 integrand evaluations so far
[1] 13.0686 +- 0.0017509  	chisq 85.2252 (84 df)

Saving state to vegas_last_iter.
Vegas input parameters:
  ndim 11
  ncomp 1
  epsrel 0
  epsabs 0
  flags 291
  seed 97
  mineval 1
  maxeval 1
  nstart 100000
  nincrease 50000
  nbatch 1000
  gridno 1
  statefile "vegas_last_iter"

Restoring state from vegas_last_iter.

Iteration 86:  191350000 integrand evaluations so far
[1] 13.0683 +- 0.0017312  	chisq 86.115 (85 df)

Saving state to vegas_last_iter.
Vegas input parameters:
  ndim 11
  ncomp 1
  epsrel 0
  epsabs 0
  flags 291
  seed 98
  mineval 1
  maxeval 1
  nstart 100000
  nincrease 50000
  nbatch 1000
  gridno 1
  statefile "vegas_last_iter"

Restoring state from vegas_last_iter.

Iteration 87:  195750000 integrand evaluations so far
[1] 13.0682 +- 0.00171064  	chisq 86.3322 (86 df)

Saving state to vegas_last_iter.
Vegas input parameters:
  ndim 11
  ncomp 1
  epsrel 0
  epsabs 0
  flags 291
  seed 99
  mineval 1
  maxeval 1
  nstart 100000
  nincrease 50000
  nbatch 1000
  gridno 1
  statefile "vegas_last_iter"

Restoring state from vegas_last_iter.

Iteration 88:  200200000 integrand evaluations so far
[1] 13.0683 +- 0.00169127  	chisq 86.5446 (87 df)

Saving state to vegas_last_iter.
Thanks for using LHAPDF 6.1.6. Please make sure to cite the paper:
  Eur.Phys.J. C75 (2015) 3, 132  (http://arxiv.org/abs/1412.7420)
 method   =Vegas  
 nregions =           1
 neval    =   200200000
 fail     =           1
   13.0683374266     +-   0.169126949756E-02   p =    0.476
