LHAPDF 6.1.6 loading /ufrc/avery/dimi/hg2/lhapdf/LHAPDF-6.1.6/dimi/share/LHAPDF/CT14qed_inc_proton/CT14qed_inc_proton_0000.dat
CT14qed_inc_proton PDF set, member #0, version 1
LHAPDF 6.1.6 loading /ufrc/avery/dimi/hg2/lhapdf/LHAPDF-6.1.6/dimi/share/LHAPDF/CT14qed_inc_proton/CT14qed_inc_proton_0001.dat
CT14qed_inc_proton PDF set, member #1, version 1
LHAPDF 6.1.6 loading /ufrc/avery/dimi/hg2/lhapdf/LHAPDF-6.1.6/dimi/share/LHAPDF/CT14qed_inc_proton/CT14qed_inc_proton_0002.dat
CT14qed_inc_proton PDF set, member #2, version 1
LHAPDF 6.1.6 loading /ufrc/avery/dimi/hg2/lhapdf/LHAPDF-6.1.6/dimi/share/LHAPDF/CT14qed_inc_proton/CT14qed_inc_proton_0003.dat
CT14qed_inc_proton PDF set, member #3, version 1
LHAPDF 6.1.6 loading /ufrc/avery/dimi/hg2/lhapdf/LHAPDF-6.1.6/dimi/share/LHAPDF/CT14qed_inc_proton/CT14qed_inc_proton_0004.dat
CT14qed_inc_proton PDF set, member #4, version 1
LHAPDF 6.1.6 loading /ufrc/avery/dimi/hg2/lhapdf/LHAPDF-6.1.6/dimi/share/LHAPDF/CT14qed_inc_proton/CT14qed_inc_proton_0005.dat
CT14qed_inc_proton PDF set, member #5, version 1
LHAPDF 6.1.6 loading /ufrc/avery/dimi/hg2/lhapdf/LHAPDF-6.1.6/dimi/share/LHAPDF/CT14qed_inc_proton/CT14qed_inc_proton_0006.dat
CT14qed_inc_proton PDF set, member #6, version 1
LHAPDF 6.1.6 loading /ufrc/avery/dimi/hg2/lhapdf/LHAPDF-6.1.6/dimi/share/LHAPDF/CT14qed_inc_proton/CT14qed_inc_proton_0007.dat
CT14qed_inc_proton PDF set, member #7, version 1
LHAPDF 6.1.6 loading /ufrc/avery/dimi/hg2/lhapdf/LHAPDF-6.1.6/dimi/share/LHAPDF/CT14qed_inc_proton/CT14qed_inc_proton_0008.dat
CT14qed_inc_proton PDF set, member #8, version 1
LHAPDF 6.1.6 loading /ufrc/avery/dimi/hg2/lhapdf/LHAPDF-6.1.6/dimi/share/LHAPDF/CT14qed_inc_proton/CT14qed_inc_proton_0009.dat
CT14qed_inc_proton PDF set, member #9, version 1
LHAPDF 6.1.6 loading /ufrc/avery/dimi/hg2/lhapdf/LHAPDF-6.1.6/dimi/share/LHAPDF/CT14qed_inc_proton/CT14qed_inc_proton_0010.dat
CT14qed_inc_proton PDF set, member #10, version 1
LHAPDF 6.1.6 loading /ufrc/avery/dimi/hg2/lhapdf/LHAPDF-6.1.6/dimi/share/LHAPDF/CT14qed_inc_proton/CT14qed_inc_proton_0011.dat
CT14qed_inc_proton PDF set, member #11, version 1
LHAPDF 6.1.6 loading /ufrc/avery/dimi/hg2/lhapdf/LHAPDF-6.1.6/dimi/share/LHAPDF/CT14qed_inc_proton/CT14qed_inc_proton_0012.dat
CT14qed_inc_proton PDF set, member #12, version 1
LHAPDF 6.1.6 loading /ufrc/avery/dimi/hg2/lhapdf/LHAPDF-6.1.6/dimi/share/LHAPDF/CT14qed_inc_proton/CT14qed_inc_proton_0013.dat
CT14qed_inc_proton PDF set, member #13, version 1
LHAPDF 6.1.6 loading /ufrc/avery/dimi/hg2/lhapdf/LHAPDF-6.1.6/dimi/share/LHAPDF/CT14qed_inc_proton/CT14qed_inc_proton_0014.dat
CT14qed_inc_proton PDF set, member #14, version 1
LHAPDF 6.1.6 loading /ufrc/avery/dimi/hg2/lhapdf/LHAPDF-6.1.6/dimi/share/LHAPDF/CT14qed_inc_proton/CT14qed_inc_proton_0015.dat
CT14qed_inc_proton PDF set, member #15, version 1
LHAPDF 6.1.6 loading /ufrc/avery/dimi/hg2/lhapdf/LHAPDF-6.1.6/dimi/share/LHAPDF/CT14qed_inc_proton/CT14qed_inc_proton_0016.dat
CT14qed_inc_proton PDF set, member #16, version 1
LHAPDF 6.1.6 loading /ufrc/avery/dimi/hg2/lhapdf/LHAPDF-6.1.6/dimi/share/LHAPDF/CT14qed_inc_proton/CT14qed_inc_proton_0017.dat
CT14qed_inc_proton PDF set, member #17, version 1
LHAPDF 6.1.6 loading /ufrc/avery/dimi/hg2/lhapdf/LHAPDF-6.1.6/dimi/share/LHAPDF/CT14qed_inc_proton/CT14qed_inc_proton_0018.dat
CT14qed_inc_proton PDF set, member #18, version 1
LHAPDF 6.1.6 loading /ufrc/avery/dimi/hg2/lhapdf/LHAPDF-6.1.6/dimi/share/LHAPDF/CT14qed_inc_proton/CT14qed_inc_proton_0019.dat
CT14qed_inc_proton PDF set, member #19, version 1
LHAPDF 6.1.6 loading /ufrc/avery/dimi/hg2/lhapdf/LHAPDF-6.1.6/dimi/share/LHAPDF/CT14qed_inc_proton/CT14qed_inc_proton_0020.dat
CT14qed_inc_proton PDF set, member #20, version 1
LHAPDF 6.1.6 loading /ufrc/avery/dimi/hg2/lhapdf/LHAPDF-6.1.6/dimi/share/LHAPDF/CT14qed_inc_proton/CT14qed_inc_proton_0021.dat
CT14qed_inc_proton PDF set, member #21, version 1
LHAPDF 6.1.6 loading /ufrc/avery/dimi/hg2/lhapdf/LHAPDF-6.1.6/dimi/share/LHAPDF/CT14qed_inc_proton/CT14qed_inc_proton_0022.dat
CT14qed_inc_proton PDF set, member #22, version 1
LHAPDF 6.1.6 loading /ufrc/avery/dimi/hg2/lhapdf/LHAPDF-6.1.6/dimi/share/LHAPDF/CT14qed_inc_proton/CT14qed_inc_proton_0023.dat
CT14qed_inc_proton PDF set, member #23, version 1
LHAPDF 6.1.6 loading /ufrc/avery/dimi/hg2/lhapdf/LHAPDF-6.1.6/dimi/share/LHAPDF/CT14qed_inc_proton/CT14qed_inc_proton_0024.dat
CT14qed_inc_proton PDF set, member #24, version 1
LHAPDF 6.1.6 loading /ufrc/avery/dimi/hg2/lhapdf/LHAPDF-6.1.6/dimi/share/LHAPDF/CT14qed_inc_proton/CT14qed_inc_proton_0025.dat
CT14qed_inc_proton PDF set, member #25, version 1
LHAPDF 6.1.6 loading /ufrc/avery/dimi/hg2/lhapdf/LHAPDF-6.1.6/dimi/share/LHAPDF/CT14qed_inc_proton/CT14qed_inc_proton_0026.dat
CT14qed_inc_proton PDF set, member #26, version 1
LHAPDF 6.1.6 loading /ufrc/avery/dimi/hg2/lhapdf/LHAPDF-6.1.6/dimi/share/LHAPDF/CT14qed_inc_proton/CT14qed_inc_proton_0027.dat
CT14qed_inc_proton PDF set, member #27, version 1
LHAPDF 6.1.6 loading /ufrc/avery/dimi/hg2/lhapdf/LHAPDF-6.1.6/dimi/share/LHAPDF/CT14qed_inc_proton/CT14qed_inc_proton_0028.dat
CT14qed_inc_proton PDF set, member #28, version 1
LHAPDF 6.1.6 loading /ufrc/avery/dimi/hg2/lhapdf/LHAPDF-6.1.6/dimi/share/LHAPDF/CT14qed_inc_proton/CT14qed_inc_proton_0029.dat
CT14qed_inc_proton PDF set, member #29, version 1
LHAPDF 6.1.6 loading /ufrc/avery/dimi/hg2/lhapdf/LHAPDF-6.1.6/dimi/share/LHAPDF/CT14qed_inc_proton/CT14qed_inc_proton_0030.dat
CT14qed_inc_proton PDF set, member #30, version 1
Vegas input parameters:
  ndim 11
  ncomp 1
  epsrel 0
  epsabs 0
  flags 291
  seed 12
  mineval 1
  maxeval 1
  nstart 100000
  nincrease 50000
  nbatch 1000
  gridno 1
  statefile "vegas_last_iter"

Iteration 1:  100000 integrand evaluations so far
[1] 5.3235 +- 0.0447463  	chisq 0 (0 df)

Saving state to vegas_last_iter.
Vegas input parameters:
  ndim 11
  ncomp 1
  epsrel 0
  epsabs 0
  flags 291
  seed 13
  mineval 1
  maxeval 1
  nstart 100000
  nincrease 50000
  nbatch 1000
  gridno 1
  statefile "vegas_last_iter"

Restoring state from vegas_last_iter.

Iteration 2:  250000 integrand evaluations so far
[1] 5.33677 +- 0.0158406  	chisq 0.100453 (1 df)

Saving state to vegas_last_iter.
Vegas input parameters:
  ndim 11
  ncomp 1
  epsrel 0
  epsabs 0
  flags 291
  seed 14
  mineval 1
  maxeval 1
  nstart 100000
  nincrease 50000
  nbatch 1000
  gridno 1
  statefile "vegas_last_iter"

Restoring state from vegas_last_iter.

Iteration 3:  450000 integrand evaluations so far
[1] 5.35066 +- 0.0100106  	chisq 1.38065 (2 df)

Saving state to vegas_last_iter.
Vegas input parameters:
  ndim 11
  ncomp 1
  epsrel 0
  epsabs 0
  flags 291
  seed 15
  mineval 1
  maxeval 1
  nstart 100000
  nincrease 50000
  nbatch 1000
  gridno 1
  statefile "vegas_last_iter"

Restoring state from vegas_last_iter.

Iteration 4:  700000 integrand evaluations so far
[1] 5.35592 +- 0.00740618  	chisq 1.99178 (3 df)

Saving state to vegas_last_iter.
Vegas input parameters:
  ndim 11
  ncomp 1
  epsrel 0
  epsabs 0
  flags 291
  seed 16
  mineval 1
  maxeval 1
  nstart 100000
  nincrease 50000
  nbatch 1000
  gridno 1
  statefile "vegas_last_iter"

Restoring state from vegas_last_iter.

Iteration 5:  1000000 integrand evaluations so far
[1] 5.35207 +- 0.0058569  	chisq 2.71293 (4 df)

Saving state to vegas_last_iter.
Vegas input parameters:
  ndim 11
  ncomp 1
  epsrel 0
  epsabs 0
  flags 291
  seed 17
  mineval 1
  maxeval 1
  nstart 100000
  nincrease 50000
  nbatch 1000
  gridno 1
  statefile "vegas_last_iter"

Restoring state from vegas_last_iter.

Iteration 6:  1350000 integrand evaluations so far
[1] 5.35186 +- 0.00486249  	chisq 2.71717 (5 df)

Saving state to vegas_last_iter.
Vegas input parameters:
  ndim 11
  ncomp 1
  epsrel 0
  epsabs 0
  flags 291
  seed 18
  mineval 1
  maxeval 1
  nstart 100000
  nincrease 50000
  nbatch 1000
  gridno 1
  statefile "vegas_last_iter"

Restoring state from vegas_last_iter.

Iteration 7:  1750000 integrand evaluations so far
[1] 5.3459 +- 0.00416044  	chisq 8.32388 (6 df)

Saving state to vegas_last_iter.
Vegas input parameters:
  ndim 11
  ncomp 1
  epsrel 0
  epsabs 0
  flags 291
  seed 19
  mineval 1
  maxeval 1
  nstart 100000
  nincrease 50000
  nbatch 1000
  gridno 1
  statefile "vegas_last_iter"

Restoring state from vegas_last_iter.

Iteration 8:  2200000 integrand evaluations so far
[1] 5.34492 +- 0.00365521  	chisq 8.56757 (7 df)

Saving state to vegas_last_iter.
Vegas input parameters:
  ndim 11
  ncomp 1
  epsrel 0
  epsabs 0
  flags 291
  seed 20
  mineval 1
  maxeval 1
  nstart 100000
  nincrease 50000
  nbatch 1000
  gridno 1
  statefile "vegas_last_iter"

Restoring state from vegas_last_iter.

Iteration 9:  2700000 integrand evaluations so far
[1] 5.34482 +- 0.00326249  	chisq 8.57123 (8 df)

Saving state to vegas_last_iter.
Vegas input parameters:
  ndim 11
  ncomp 1
  epsrel 0
  epsabs 0
  flags 291
  seed 21
  mineval 1
  maxeval 1
  nstart 100000
  nincrease 50000
  nbatch 1000
  gridno 1
  statefile "vegas_last_iter"

Restoring state from vegas_last_iter.

Iteration 10:  3250000 integrand evaluations so far
[1] 5.34535 +- 0.00294962  	chisq 8.71855 (9 df)

Saving state to vegas_last_iter.
Vegas input parameters:
  ndim 11
  ncomp 1
  epsrel 0
  epsabs 0
  flags 291
  seed 22
  mineval 1
  maxeval 1
  nstart 100000
  nincrease 50000
  nbatch 1000
  gridno 1
  statefile "vegas_last_iter"

Restoring state from vegas_last_iter.

Iteration 11:  3850000 integrand evaluations so far
[1] 5.34448 +- 0.00269309  	chisq 9.2487 (10 df)

Saving state to vegas_last_iter.
Vegas input parameters:
  ndim 11
  ncomp 1
  epsrel 0
  epsabs 0
  flags 291
  seed 23
  mineval 1
  maxeval 1
  nstart 100000
  nincrease 50000
  nbatch 1000
  gridno 1
  statefile "vegas_last_iter"

Restoring state from vegas_last_iter.

Iteration 12:  4500000 integrand evaluations so far
[1] 5.34341 +- 0.00247605  	chisq 10.2766 (11 df)

Saving state to vegas_last_iter.
Vegas input parameters:
  ndim 11
  ncomp 1
  epsrel 0
  epsabs 0
  flags 291
  seed 24
  mineval 1
  maxeval 1
  nstart 100000
  nincrease 50000
  nbatch 1000
  gridno 1
  statefile "vegas_last_iter"

Restoring state from vegas_last_iter.

Iteration 13:  5200000 integrand evaluations so far
[1] 5.34233 +- 0.00229584  	chisq 11.6299 (12 df)

Saving state to vegas_last_iter.
Vegas input parameters:
  ndim 11
  ncomp 1
  epsrel 0
  epsabs 0
  flags 291
  seed 25
  mineval 1
  maxeval 1
  nstart 100000
  nincrease 50000
  nbatch 1000
  gridno 1
  statefile "vegas_last_iter"

Restoring state from vegas_last_iter.

Iteration 14:  5950000 integrand evaluations so far
[1] 5.34204 +- 0.00214007  	chisq 11.7453 (13 df)

Saving state to vegas_last_iter.
Vegas input parameters:
  ndim 11
  ncomp 1
  epsrel 0
  epsabs 0
  flags 291
  seed 26
  mineval 1
  maxeval 1
  nstart 100000
  nincrease 50000
  nbatch 1000
  gridno 1
  statefile "vegas_last_iter"

Restoring state from vegas_last_iter.

Iteration 15:  6750000 integrand evaluations so far
[1] 5.34085 +- 0.00200243  	chisq 14.2403 (14 df)

Saving state to vegas_last_iter.
Vegas input parameters:
  ndim 11
  ncomp 1
  epsrel 0
  epsabs 0
  flags 291
  seed 27
  mineval 1
  maxeval 1
  nstart 100000
  nincrease 50000
  nbatch 1000
  gridno 1
  statefile "vegas_last_iter"

Restoring state from vegas_last_iter.

Iteration 16:  7600000 integrand evaluations so far
[1] 5.34087 +- 0.00188266  	chisq 14.2413 (15 df)

Saving state to vegas_last_iter.
Vegas input parameters:
  ndim 11
  ncomp 1
  epsrel 0
  epsabs 0
  flags 291
  seed 28
  mineval 1
  maxeval 1
  nstart 100000
  nincrease 50000
  nbatch 1000
  gridno 1
  statefile "vegas_last_iter"

Restoring state from vegas_last_iter.

Iteration 17:  8500000 integrand evaluations so far
[1] 5.34042 +- 0.00177641  	chisq 14.7781 (16 df)

Saving state to vegas_last_iter.
Vegas input parameters:
  ndim 11
  ncomp 1
  epsrel 0
  epsabs 0
  flags 291
  seed 29
  mineval 1
  maxeval 1
  nstart 100000
  nincrease 50000
  nbatch 1000
  gridno 1
  statefile "vegas_last_iter"

Restoring state from vegas_last_iter.

Iteration 18:  9450000 integrand evaluations so far
[1] 5.34036 +- 0.00168154  	chisq 14.7861 (17 df)

Saving state to vegas_last_iter.
Vegas input parameters:
  ndim 11
  ncomp 1
  epsrel 0
  epsabs 0
  flags 291
  seed 30
  mineval 1
  maxeval 1
  nstart 100000
  nincrease 50000
  nbatch 1000
  gridno 1
  statefile "vegas_last_iter"

Restoring state from vegas_last_iter.

Iteration 19:  10450000 integrand evaluations so far
[1] 5.34021 +- 0.00159617  	chisq 14.869 (18 df)

Saving state to vegas_last_iter.
Vegas input parameters:
  ndim 11
  ncomp 1
  epsrel 0
  epsabs 0
  flags 291
  seed 31
  mineval 1
  maxeval 1
  nstart 100000
  nincrease 50000
  nbatch 1000
  gridno 1
  statefile "vegas_last_iter"

Restoring state from vegas_last_iter.

Iteration 20:  11500000 integrand evaluations so far
[1] 5.33978 +- 0.00151901  	chisq 15.6488 (19 df)

Saving state to vegas_last_iter.
Vegas input parameters:
  ndim 11
  ncomp 1
  epsrel 0
  epsabs 0
  flags 291
  seed 32
  mineval 1
  maxeval 1
  nstart 100000
  nincrease 50000
  nbatch 1000
  gridno 1
  statefile "vegas_last_iter"

Restoring state from vegas_last_iter.

Iteration 21:  12600000 integrand evaluations so far
[1] 5.34021 +- 0.00144864  	chisq 16.5395 (20 df)

Saving state to vegas_last_iter.
Vegas input parameters:
  ndim 11
  ncomp 1
  epsrel 0
  epsabs 0
  flags 291
  seed 33
  mineval 1
  maxeval 1
  nstart 100000
  nincrease 50000
  nbatch 1000
  gridno 1
  statefile "vegas_last_iter"

Restoring state from vegas_last_iter.

Iteration 22:  13750000 integrand evaluations so far
[1] 5.34092 +- 0.00138715  	chisq 19.3934 (21 df)

Saving state to vegas_last_iter.
Vegas input parameters:
  ndim 11
  ncomp 1
  epsrel 0
  epsabs 0
  flags 291
  seed 34
  mineval 1
  maxeval 1
  nstart 100000
  nincrease 50000
  nbatch 1000
  gridno 1
  statefile "vegas_last_iter"

Restoring state from vegas_last_iter.

Iteration 23:  14950000 integrand evaluations so far
[1] 5.34114 +- 0.00133008  	chisq 19.7135 (22 df)

Saving state to vegas_last_iter.
Vegas input parameters:
  ndim 11
  ncomp 1
  epsrel 0
  epsabs 0
  flags 291
  seed 35
  mineval 1
  maxeval 1
  nstart 100000
  nincrease 50000
  nbatch 1000
  gridno 1
  statefile "vegas_last_iter"

Restoring state from vegas_last_iter.

Iteration 24:  16200000 integrand evaluations so far
[1] 5.34071 +- 0.00127698  	chisq 21.0575 (23 df)

Saving state to vegas_last_iter.
Vegas input parameters:
  ndim 11
  ncomp 1
  epsrel 0
  epsabs 0
  flags 291
  seed 36
  mineval 1
  maxeval 1
  nstart 100000
  nincrease 50000
  nbatch 1000
  gridno 1
  statefile "vegas_last_iter"

Restoring state from vegas_last_iter.

Iteration 25:  17500000 integrand evaluations so far
[1] 5.34076 +- 0.00122799  	chisq 21.0797 (24 df)

Saving state to vegas_last_iter.
Vegas input parameters:
  ndim 11
  ncomp 1
  epsrel 0
  epsabs 0
  flags 291
  seed 37
  mineval 1
  maxeval 1
  nstart 100000
  nincrease 50000
  nbatch 1000
  gridno 1
  statefile "vegas_last_iter"

Restoring state from vegas_last_iter.

Iteration 26:  18850000 integrand evaluations so far
[1] 5.34097 +- 0.00118263  	chisq 21.5025 (25 df)

Saving state to vegas_last_iter.
Vegas input parameters:
  ndim 11
  ncomp 1
  epsrel 0
  epsabs 0
  flags 291
  seed 38
  mineval 1
  maxeval 1
  nstart 100000
  nincrease 50000
  nbatch 1000
  gridno 1
  statefile "vegas_last_iter"

Restoring state from vegas_last_iter.

Iteration 27:  20250000 integrand evaluations so far
[1] 5.34075 +- 0.00114011  	chisq 21.9924 (26 df)

Saving state to vegas_last_iter.
Vegas input parameters:
  ndim 11
  ncomp 1
  epsrel 0
  epsabs 0
  flags 291
  seed 39
  mineval 1
  maxeval 1
  nstart 100000
  nincrease 50000
  nbatch 1000
  gridno 1
  statefile "vegas_last_iter"

Restoring state from vegas_last_iter.

Iteration 28:  21700000 integrand evaluations so far
[1] 5.34077 +- 0.00110053  	chisq 21.9952 (27 df)

Saving state to vegas_last_iter.
Vegas input parameters:
  ndim 11
  ncomp 1
  epsrel 0
  epsabs 0
  flags 291
  seed 40
  mineval 1
  maxeval 1
  nstart 100000
  nincrease 50000
  nbatch 1000
  gridno 1
  statefile "vegas_last_iter"

Restoring state from vegas_last_iter.

Iteration 29:  23200000 integrand evaluations so far
[1] 5.34026 +- 0.0010638  	chisq 25.327 (28 df)

Saving state to vegas_last_iter.
Vegas input parameters:
  ndim 11
  ncomp 1
  epsrel 0
  epsabs 0
  flags 291
  seed 41
  mineval 1
  maxeval 1
  nstart 100000
  nincrease 50000
  nbatch 1000
  gridno 1
  statefile "vegas_last_iter"

Restoring state from vegas_last_iter.

Iteration 30:  24750000 integrand evaluations so far
[1] 5.3404 +- 0.00102935  	chisq 25.6347 (29 df)

Saving state to vegas_last_iter.
Vegas input parameters:
  ndim 11
  ncomp 1
  epsrel 0
  epsabs 0
  flags 291
  seed 42
  mineval 1
  maxeval 1
  nstart 100000
  nincrease 50000
  nbatch 1000
  gridno 1
  statefile "vegas_last_iter"

Restoring state from vegas_last_iter.

Iteration 31:  26350000 integrand evaluations so far
[1] 5.34056 +- 0.00099716  	chisq 26.0283 (30 df)

Saving state to vegas_last_iter.
Vegas input parameters:
  ndim 11
  ncomp 1
  epsrel 0
  epsabs 0
  flags 291
  seed 43
  mineval 1
  maxeval 1
  nstart 100000
  nincrease 50000
  nbatch 1000
  gridno 1
  statefile "vegas_last_iter"

Restoring state from vegas_last_iter.

Iteration 32:  28000000 integrand evaluations so far
[1] 5.3405 +- 0.000966789  	chisq 26.1084 (31 df)

Saving state to vegas_last_iter.
Vegas input parameters:
  ndim 11
  ncomp 1
  epsrel 0
  epsabs 0
  flags 291
  seed 44
  mineval 1
  maxeval 1
  nstart 100000
  nincrease 50000
  nbatch 1000
  gridno 1
  statefile "vegas_last_iter"

Restoring state from vegas_last_iter.

Iteration 33:  29700000 integrand evaluations so far
[1] 5.34091 +- 0.000938387  	chisq 29.2298 (32 df)

Saving state to vegas_last_iter.
Vegas input parameters:
  ndim 11
  ncomp 1
  epsrel 0
  epsabs 0
  flags 291
  seed 45
  mineval 1
  maxeval 1
  nstart 100000
  nincrease 50000
  nbatch 1000
  gridno 1
  statefile "vegas_last_iter"

Restoring state from vegas_last_iter.

Iteration 34:  31450000 integrand evaluations so far
[1] 5.34108 +- 0.000911486  	chisq 29.8339 (33 df)

Saving state to vegas_last_iter.
Vegas input parameters:
  ndim 11
  ncomp 1
  epsrel 0
  epsabs 0
  flags 291
  seed 46
  mineval 1
  maxeval 1
  nstart 100000
  nincrease 50000
  nbatch 1000
  gridno 1
  statefile "vegas_last_iter"

Restoring state from vegas_last_iter.

Iteration 35:  33250000 integrand evaluations so far
[1] 5.34108 +- 0.000886213  	chisq 29.834 (34 df)

Saving state to vegas_last_iter.
Vegas input parameters:
  ndim 11
  ncomp 1
  epsrel 0
  epsabs 0
  flags 291
  seed 47
  mineval 1
  maxeval 1
  nstart 100000
  nincrease 50000
  nbatch 1000
  gridno 1
  statefile "vegas_last_iter"

Restoring state from vegas_last_iter.

Iteration 36:  35100000 integrand evaluations so far
[1] 5.34115 +- 0.000862236  	chisq 29.9511 (35 df)

Saving state to vegas_last_iter.
Vegas input parameters:
  ndim 11
  ncomp 1
  epsrel 0
  epsabs 0
  flags 291
  seed 48
  mineval 1
  maxeval 1
  nstart 100000
  nincrease 50000
  nbatch 1000
  gridno 1
  statefile "vegas_last_iter"

Restoring state from vegas_last_iter.

Iteration 37:  37000000 integrand evaluations so far
[1] 5.34122 +- 0.000839639  	chisq 30.0741 (36 df)

Saving state to vegas_last_iter.
Vegas input parameters:
  ndim 11
  ncomp 1
  epsrel 0
  epsabs 0
  flags 291
  seed 49
  mineval 1
  maxeval 1
  nstart 100000
  nincrease 50000
  nbatch 1000
  gridno 1
  statefile "vegas_last_iter"

Restoring state from vegas_last_iter.

Iteration 38:  38950000 integrand evaluations so far
[1] 5.34108 +- 0.000818136  	chisq 30.5982 (37 df)

Saving state to vegas_last_iter.
Vegas input parameters:
  ndim 11
  ncomp 1
  epsrel 0
  epsabs 0
  flags 291
  seed 50
  mineval 1
  maxeval 1
  nstart 100000
  nincrease 50000
  nbatch 1000
  gridno 1
  statefile "vegas_last_iter"

Restoring state from vegas_last_iter.

Iteration 39:  40950000 integrand evaluations so far
[1] 5.341 +- 0.000797783  	chisq 30.7758 (38 df)

Saving state to vegas_last_iter.
Vegas input parameters:
  ndim 11
  ncomp 1
  epsrel 0
  epsabs 0
  flags 291
  seed 51
  mineval 1
  maxeval 1
  nstart 100000
  nincrease 50000
  nbatch 1000
  gridno 1
  statefile "vegas_last_iter"

Restoring state from vegas_last_iter.

Iteration 40:  43000000 integrand evaluations so far
[1] 5.34091 +- 0.000778317  	chisq 31.0703 (39 df)

Saving state to vegas_last_iter.
Vegas input parameters:
  ndim 11
  ncomp 1
  epsrel 0
  epsabs 0
  flags 291
  seed 52
  mineval 1
  maxeval 1
  nstart 100000
  nincrease 50000
  nbatch 1000
  gridno 1
  statefile "vegas_last_iter"

Restoring state from vegas_last_iter.

Iteration 41:  45100000 integrand evaluations so far
[1] 5.34089 +- 0.000759871  	chisq 31.078 (40 df)

Saving state to vegas_last_iter.
Vegas input parameters:
  ndim 11
  ncomp 1
  epsrel 0
  epsabs 0
  flags 291
  seed 53
  mineval 1
  maxeval 1
  nstart 100000
  nincrease 50000
  nbatch 1000
  gridno 1
  statefile "vegas_last_iter"

Restoring state from vegas_last_iter.

Iteration 42:  47250000 integrand evaluations so far
[1] 5.34096 +- 0.000742285  	chisq 31.2295 (41 df)

Saving state to vegas_last_iter.
Vegas input parameters:
  ndim 11
  ncomp 1
  epsrel 0
  epsabs 0
  flags 291
  seed 54
  mineval 1
  maxeval 1
  nstart 100000
  nincrease 50000
  nbatch 1000
  gridno 1
  statefile "vegas_last_iter"

Restoring state from vegas_last_iter.

Iteration 43:  49450000 integrand evaluations so far
[1] 5.34086 +- 0.000725557  	chisq 31.6043 (42 df)

Saving state to vegas_last_iter.
Vegas input parameters:
  ndim 11
  ncomp 1
  epsrel 0
  epsabs 0
  flags 291
  seed 55
  mineval 1
  maxeval 1
  nstart 100000
  nincrease 50000
  nbatch 1000
  gridno 1
  statefile "vegas_last_iter"

Restoring state from vegas_last_iter.

Iteration 44:  51700000 integrand evaluations so far
[1] 5.34068 +- 0.000709479  	chisq 32.9653 (43 df)

Saving state to vegas_last_iter.
Vegas input parameters:
  ndim 11
  ncomp 1
  epsrel 0
  epsabs 0
  flags 291
  seed 56
  mineval 1
  maxeval 1
  nstart 100000
  nincrease 50000
  nbatch 1000
  gridno 1
  statefile "vegas_last_iter"

Restoring state from vegas_last_iter.

Iteration 45:  54000000 integrand evaluations so far
[1] 5.34059 +- 0.000694104  	chisq 33.3974 (44 df)

Saving state to vegas_last_iter.
Vegas input parameters:
  ndim 11
  ncomp 1
  epsrel 0
  epsabs 0
  flags 291
  seed 57
  mineval 1
  maxeval 1
  nstart 100000
  nincrease 50000
  nbatch 1000
  gridno 1
  statefile "vegas_last_iter"

Restoring state from vegas_last_iter.

Iteration 46:  56350000 integrand evaluations so far
[1] 5.34058 +- 0.000679441  	chisq 33.4045 (45 df)

Saving state to vegas_last_iter.
Vegas input parameters:
  ndim 11
  ncomp 1
  epsrel 0
  epsabs 0
  flags 291
  seed 58
  mineval 1
  maxeval 1
  nstart 100000
  nincrease 50000
  nbatch 1000
  gridno 1
  statefile "vegas_last_iter"

Restoring state from vegas_last_iter.

Iteration 47:  58750000 integrand evaluations so far
[1] 5.34044 +- 0.000665265  	chisq 34.4207 (46 df)

Saving state to vegas_last_iter.
Vegas input parameters:
  ndim 11
  ncomp 1
  epsrel 0
  epsabs 0
  flags 291
  seed 59
  mineval 1
  maxeval 1
  nstart 100000
  nincrease 50000
  nbatch 1000
  gridno 1
  statefile "vegas_last_iter"

Restoring state from vegas_last_iter.

Iteration 48:  61200000 integrand evaluations so far
[1] 5.34033 +- 0.00065173  	chisq 35.033 (47 df)

Saving state to vegas_last_iter.
Vegas input parameters:
  ndim 11
  ncomp 1
  epsrel 0
  epsabs 0
  flags 291
  seed 60
  mineval 1
  maxeval 1
  nstart 100000
  nincrease 50000
  nbatch 1000
  gridno 1
  statefile "vegas_last_iter"

Restoring state from vegas_last_iter.

Iteration 49:  63700000 integrand evaluations so far
[1] 5.3403 +- 0.000638677  	chisq 35.1085 (48 df)

Saving state to vegas_last_iter.
Vegas input parameters:
  ndim 11
  ncomp 1
  epsrel 0
  epsabs 0
  flags 291
  seed 61
  mineval 1
  maxeval 1
  nstart 100000
  nincrease 50000
  nbatch 1000
  gridno 1
  statefile "vegas_last_iter"

Restoring state from vegas_last_iter.

Iteration 50:  66250000 integrand evaluations so far
[1] 5.34039 +- 0.000626189  	chisq 35.6553 (49 df)

Saving state to vegas_last_iter.
Vegas input parameters:
  ndim 11
  ncomp 1
  epsrel 0
  epsabs 0
  flags 291
  seed 62
  mineval 1
  maxeval 1
  nstart 100000
  nincrease 50000
  nbatch 1000
  gridno 1
  statefile "vegas_last_iter"

Restoring state from vegas_last_iter.

Iteration 51:  68850000 integrand evaluations so far
[1] 5.3404 +- 0.000614142  	chisq 35.6608 (50 df)

Saving state to vegas_last_iter.
Vegas input parameters:
  ndim 11
  ncomp 1
  epsrel 0
  epsabs 0
  flags 291
  seed 63
  mineval 1
  maxeval 1
  nstart 100000
  nincrease 50000
  nbatch 1000
  gridno 1
  statefile "vegas_last_iter"

Restoring state from vegas_last_iter.

Iteration 52:  71500000 integrand evaluations so far
[1] 5.34036 +- 0.000602525  	chisq 35.7883 (51 df)

Saving state to vegas_last_iter.
Vegas input parameters:
  ndim 11
  ncomp 1
  epsrel 0
  epsabs 0
  flags 291
  seed 64
  mineval 1
  maxeval 1
  nstart 100000
  nincrease 50000
  nbatch 1000
  gridno 1
  statefile "vegas_last_iter"

Restoring state from vegas_last_iter.

Iteration 53:  74200000 integrand evaluations so far
[1] 5.34008 +- 0.00059137  	chisq 41.3869 (52 df)

Saving state to vegas_last_iter.
Vegas input parameters:
  ndim 11
  ncomp 1
  epsrel 0
  epsabs 0
  flags 291
  seed 65
  mineval 1
  maxeval 1
  nstart 100000
  nincrease 50000
  nbatch 1000
  gridno 1
  statefile "vegas_last_iter"

Restoring state from vegas_last_iter.

Iteration 54:  76950000 integrand evaluations so far
[1] 5.34012 +- 0.000580607  	chisq 41.4963 (53 df)

Saving state to vegas_last_iter.
Vegas input parameters:
  ndim 11
  ncomp 1
  epsrel 0
  epsabs 0
  flags 291
  seed 66
  mineval 1
  maxeval 1
  nstart 100000
  nincrease 50000
  nbatch 1000
  gridno 1
  statefile "vegas_last_iter"

Restoring state from vegas_last_iter.

Iteration 55:  79750000 integrand evaluations so far
[1] 5.34028 +- 0.000570299  	chisq 43.6115 (54 df)

Saving state to vegas_last_iter.
Vegas input parameters:
  ndim 11
  ncomp 1
  epsrel 0
  epsabs 0
  flags 291
  seed 67
  mineval 1
  maxeval 1
  nstart 100000
  nincrease 50000
  nbatch 1000
  gridno 1
  statefile "vegas_last_iter"

Restoring state from vegas_last_iter.

Iteration 56:  82600000 integrand evaluations so far
[1] 5.34034 +- 0.000560286  	chisq 43.9364 (55 df)

Saving state to vegas_last_iter.
Vegas input parameters:
  ndim 11
  ncomp 1
  epsrel 0
  epsabs 0
  flags 291
  seed 68
  mineval 1
  maxeval 1
  nstart 100000
  nincrease 50000
  nbatch 1000
  gridno 1
  statefile "vegas_last_iter"

Restoring state from vegas_last_iter.

Iteration 57:  85500000 integrand evaluations so far
[1] 5.34027 +- 0.000550606  	chisq 44.3519 (56 df)

Saving state to vegas_last_iter.
Vegas input parameters:
  ndim 11
  ncomp 1
  epsrel 0
  epsabs 0
  flags 291
  seed 69
  mineval 1
  maxeval 1
  nstart 100000
  nincrease 50000
  nbatch 1000
  gridno 1
  statefile "vegas_last_iter"

Restoring state from vegas_last_iter.

Iteration 58:  88450000 integrand evaluations so far
[1] 5.34027 +- 0.000541265  	chisq 44.3524 (57 df)

Saving state to vegas_last_iter.
Vegas input parameters:
  ndim 11
  ncomp 1
  epsrel 0
  epsabs 0
  flags 291
  seed 70
  mineval 1
  maxeval 1
  nstart 100000
  nincrease 50000
  nbatch 1000
  gridno 1
  statefile "vegas_last_iter"

Restoring state from vegas_last_iter.

Iteration 59:  91450000 integrand evaluations so far
[1] 5.34019 +- 0.000532259  	chisq 45.0382 (58 df)

Saving state to vegas_last_iter.
Thanks for using LHAPDF 6.1.6. Please make sure to cite the paper:
  Eur.Phys.J. C75 (2015) 3, 132  (http://arxiv.org/abs/1412.7420)
