LHAPDF 6.1.6 loading /ufrc/avery/dimi/hg2/lhapdf/LHAPDF-6.1.6/dimi/share/LHAPDF/LUXqed_plus_PDF4LHC15_nnlo_100/LUXqed_plus_PDF4LHC15_nnlo_100_0000.dat
LUXqed_plus_PDF4LHC15_nnlo_100 PDF set, member #0, version 10001
LHAPDF 6.1.6 loading /ufrc/avery/dimi/hg2/lhapdf/LHAPDF-6.1.6/dimi/share/LHAPDF/LUXqed_plus_PDF4LHC15_nnlo_100/LUXqed_plus_PDF4LHC15_nnlo_100_0001.dat
LUXqed_plus_PDF4LHC15_nnlo_100 PDF set, member #1, version 10001
LHAPDF 6.1.6 loading /ufrc/avery/dimi/hg2/lhapdf/LHAPDF-6.1.6/dimi/share/LHAPDF/LUXqed_plus_PDF4LHC15_nnlo_100/LUXqed_plus_PDF4LHC15_nnlo_100_0002.dat
LUXqed_plus_PDF4LHC15_nnlo_100 PDF set, member #2, version 10001
LHAPDF 6.1.6 loading /ufrc/avery/dimi/hg2/lhapdf/LHAPDF-6.1.6/dimi/share/LHAPDF/LUXqed_plus_PDF4LHC15_nnlo_100/LUXqed_plus_PDF4LHC15_nnlo_100_0003.dat
LUXqed_plus_PDF4LHC15_nnlo_100 PDF set, member #3, version 10001
LHAPDF 6.1.6 loading /ufrc/avery/dimi/hg2/lhapdf/LHAPDF-6.1.6/dimi/share/LHAPDF/LUXqed_plus_PDF4LHC15_nnlo_100/LUXqed_plus_PDF4LHC15_nnlo_100_0004.dat
LUXqed_plus_PDF4LHC15_nnlo_100 PDF set, member #4, version 10001
LHAPDF 6.1.6 loading /ufrc/avery/dimi/hg2/lhapdf/LHAPDF-6.1.6/dimi/share/LHAPDF/LUXqed_plus_PDF4LHC15_nnlo_100/LUXqed_plus_PDF4LHC15_nnlo_100_0005.dat
LUXqed_plus_PDF4LHC15_nnlo_100 PDF set, member #5, version 10001
LHAPDF 6.1.6 loading /ufrc/avery/dimi/hg2/lhapdf/LHAPDF-6.1.6/dimi/share/LHAPDF/LUXqed_plus_PDF4LHC15_nnlo_100/LUXqed_plus_PDF4LHC15_nnlo_100_0006.dat
LUXqed_plus_PDF4LHC15_nnlo_100 PDF set, member #6, version 10001
LHAPDF 6.1.6 loading /ufrc/avery/dimi/hg2/lhapdf/LHAPDF-6.1.6/dimi/share/LHAPDF/LUXqed_plus_PDF4LHC15_nnlo_100/LUXqed_plus_PDF4LHC15_nnlo_100_0007.dat
LUXqed_plus_PDF4LHC15_nnlo_100 PDF set, member #7, version 10001
LHAPDF 6.1.6 loading /ufrc/avery/dimi/hg2/lhapdf/LHAPDF-6.1.6/dimi/share/LHAPDF/LUXqed_plus_PDF4LHC15_nnlo_100/LUXqed_plus_PDF4LHC15_nnlo_100_0008.dat
LUXqed_plus_PDF4LHC15_nnlo_100 PDF set, member #8, version 10001
LHAPDF 6.1.6 loading /ufrc/avery/dimi/hg2/lhapdf/LHAPDF-6.1.6/dimi/share/LHAPDF/LUXqed_plus_PDF4LHC15_nnlo_100/LUXqed_plus_PDF4LHC15_nnlo_100_0009.dat
LUXqed_plus_PDF4LHC15_nnlo_100 PDF set, member #9, version 10001
LHAPDF 6.1.6 loading /ufrc/avery/dimi/hg2/lhapdf/LHAPDF-6.1.6/dimi/share/LHAPDF/LUXqed_plus_PDF4LHC15_nnlo_100/LUXqed_plus_PDF4LHC15_nnlo_100_0010.dat
LUXqed_plus_PDF4LHC15_nnlo_100 PDF set, member #10, version 10001
LHAPDF 6.1.6 loading /ufrc/avery/dimi/hg2/lhapdf/LHAPDF-6.1.6/dimi/share/LHAPDF/LUXqed_plus_PDF4LHC15_nnlo_100/LUXqed_plus_PDF4LHC15_nnlo_100_0011.dat
LUXqed_plus_PDF4LHC15_nnlo_100 PDF set, member #11, version 10001
LHAPDF 6.1.6 loading /ufrc/avery/dimi/hg2/lhapdf/LHAPDF-6.1.6/dimi/share/LHAPDF/LUXqed_plus_PDF4LHC15_nnlo_100/LUXqed_plus_PDF4LHC15_nnlo_100_0012.dat
LUXqed_plus_PDF4LHC15_nnlo_100 PDF set, member #12, version 10001
LHAPDF 6.1.6 loading /ufrc/avery/dimi/hg2/lhapdf/LHAPDF-6.1.6/dimi/share/LHAPDF/LUXqed_plus_PDF4LHC15_nnlo_100/LUXqed_plus_PDF4LHC15_nnlo_100_0013.dat
LUXqed_plus_PDF4LHC15_nnlo_100 PDF set, member #13, version 10001
LHAPDF 6.1.6 loading /ufrc/avery/dimi/hg2/lhapdf/LHAPDF-6.1.6/dimi/share/LHAPDF/LUXqed_plus_PDF4LHC15_nnlo_100/LUXqed_plus_PDF4LHC15_nnlo_100_0014.dat
LUXqed_plus_PDF4LHC15_nnlo_100 PDF set, member #14, version 10001
LHAPDF 6.1.6 loading /ufrc/avery/dimi/hg2/lhapdf/LHAPDF-6.1.6/dimi/share/LHAPDF/LUXqed_plus_PDF4LHC15_nnlo_100/LUXqed_plus_PDF4LHC15_nnlo_100_0015.dat
LUXqed_plus_PDF4LHC15_nnlo_100 PDF set, member #15, version 10001
LHAPDF 6.1.6 loading /ufrc/avery/dimi/hg2/lhapdf/LHAPDF-6.1.6/dimi/share/LHAPDF/LUXqed_plus_PDF4LHC15_nnlo_100/LUXqed_plus_PDF4LHC15_nnlo_100_0016.dat
LUXqed_plus_PDF4LHC15_nnlo_100 PDF set, member #16, version 10001
LHAPDF 6.1.6 loading /ufrc/avery/dimi/hg2/lhapdf/LHAPDF-6.1.6/dimi/share/LHAPDF/LUXqed_plus_PDF4LHC15_nnlo_100/LUXqed_plus_PDF4LHC15_nnlo_100_0017.dat
LUXqed_plus_PDF4LHC15_nnlo_100 PDF set, member #17, version 10001
LHAPDF 6.1.6 loading /ufrc/avery/dimi/hg2/lhapdf/LHAPDF-6.1.6/dimi/share/LHAPDF/LUXqed_plus_PDF4LHC15_nnlo_100/LUXqed_plus_PDF4LHC15_nnlo_100_0018.dat
LUXqed_plus_PDF4LHC15_nnlo_100 PDF set, member #18, version 10001
LHAPDF 6.1.6 loading /ufrc/avery/dimi/hg2/lhapdf/LHAPDF-6.1.6/dimi/share/LHAPDF/LUXqed_plus_PDF4LHC15_nnlo_100/LUXqed_plus_PDF4LHC15_nnlo_100_0019.dat
LUXqed_plus_PDF4LHC15_nnlo_100 PDF set, member #19, version 10001
LHAPDF 6.1.6 loading /ufrc/avery/dimi/hg2/lhapdf/LHAPDF-6.1.6/dimi/share/LHAPDF/LUXqed_plus_PDF4LHC15_nnlo_100/LUXqed_plus_PDF4LHC15_nnlo_100_0020.dat
LUXqed_plus_PDF4LHC15_nnlo_100 PDF set, member #20, version 10001
LHAPDF 6.1.6 loading /ufrc/avery/dimi/hg2/lhapdf/LHAPDF-6.1.6/dimi/share/LHAPDF/LUXqed_plus_PDF4LHC15_nnlo_100/LUXqed_plus_PDF4LHC15_nnlo_100_0021.dat
LUXqed_plus_PDF4LHC15_nnlo_100 PDF set, member #21, version 10001
LHAPDF 6.1.6 loading /ufrc/avery/dimi/hg2/lhapdf/LHAPDF-6.1.6/dimi/share/LHAPDF/LUXqed_plus_PDF4LHC15_nnlo_100/LUXqed_plus_PDF4LHC15_nnlo_100_0022.dat
LUXqed_plus_PDF4LHC15_nnlo_100 PDF set, member #22, version 10001
LHAPDF 6.1.6 loading /ufrc/avery/dimi/hg2/lhapdf/LHAPDF-6.1.6/dimi/share/LHAPDF/LUXqed_plus_PDF4LHC15_nnlo_100/LUXqed_plus_PDF4LHC15_nnlo_100_0023.dat
LUXqed_plus_PDF4LHC15_nnlo_100 PDF set, member #23, version 10001
LHAPDF 6.1.6 loading /ufrc/avery/dimi/hg2/lhapdf/LHAPDF-6.1.6/dimi/share/LHAPDF/LUXqed_plus_PDF4LHC15_nnlo_100/LUXqed_plus_PDF4LHC15_nnlo_100_0024.dat
LUXqed_plus_PDF4LHC15_nnlo_100 PDF set, member #24, version 10001
LHAPDF 6.1.6 loading /ufrc/avery/dimi/hg2/lhapdf/LHAPDF-6.1.6/dimi/share/LHAPDF/LUXqed_plus_PDF4LHC15_nnlo_100/LUXqed_plus_PDF4LHC15_nnlo_100_0025.dat
LUXqed_plus_PDF4LHC15_nnlo_100 PDF set, member #25, version 10001
LHAPDF 6.1.6 loading /ufrc/avery/dimi/hg2/lhapdf/LHAPDF-6.1.6/dimi/share/LHAPDF/LUXqed_plus_PDF4LHC15_nnlo_100/LUXqed_plus_PDF4LHC15_nnlo_100_0026.dat
LUXqed_plus_PDF4LHC15_nnlo_100 PDF set, member #26, version 10001
LHAPDF 6.1.6 loading /ufrc/avery/dimi/hg2/lhapdf/LHAPDF-6.1.6/dimi/share/LHAPDF/LUXqed_plus_PDF4LHC15_nnlo_100/LUXqed_plus_PDF4LHC15_nnlo_100_0027.dat
LUXqed_plus_PDF4LHC15_nnlo_100 PDF set, member #27, version 10001
LHAPDF 6.1.6 loading /ufrc/avery/dimi/hg2/lhapdf/LHAPDF-6.1.6/dimi/share/LHAPDF/LUXqed_plus_PDF4LHC15_nnlo_100/LUXqed_plus_PDF4LHC15_nnlo_100_0028.dat
LUXqed_plus_PDF4LHC15_nnlo_100 PDF set, member #28, version 10001
LHAPDF 6.1.6 loading /ufrc/avery/dimi/hg2/lhapdf/LHAPDF-6.1.6/dimi/share/LHAPDF/LUXqed_plus_PDF4LHC15_nnlo_100/LUXqed_plus_PDF4LHC15_nnlo_100_0029.dat
LUXqed_plus_PDF4LHC15_nnlo_100 PDF set, member #29, version 10001
LHAPDF 6.1.6 loading /ufrc/avery/dimi/hg2/lhapdf/LHAPDF-6.1.6/dimi/share/LHAPDF/LUXqed_plus_PDF4LHC15_nnlo_100/LUXqed_plus_PDF4LHC15_nnlo_100_0030.dat
LUXqed_plus_PDF4LHC15_nnlo_100 PDF set, member #30, version 10001
LHAPDF 6.1.6 loading /ufrc/avery/dimi/hg2/lhapdf/LHAPDF-6.1.6/dimi/share/LHAPDF/LUXqed_plus_PDF4LHC15_nnlo_100/LUXqed_plus_PDF4LHC15_nnlo_100_0031.dat
LUXqed_plus_PDF4LHC15_nnlo_100 PDF set, member #31, version 10001
LHAPDF 6.1.6 loading /ufrc/avery/dimi/hg2/lhapdf/LHAPDF-6.1.6/dimi/share/LHAPDF/LUXqed_plus_PDF4LHC15_nnlo_100/LUXqed_plus_PDF4LHC15_nnlo_100_0032.dat
LUXqed_plus_PDF4LHC15_nnlo_100 PDF set, member #32, version 10001
LHAPDF 6.1.6 loading /ufrc/avery/dimi/hg2/lhapdf/LHAPDF-6.1.6/dimi/share/LHAPDF/LUXqed_plus_PDF4LHC15_nnlo_100/LUXqed_plus_PDF4LHC15_nnlo_100_0033.dat
LUXqed_plus_PDF4LHC15_nnlo_100 PDF set, member #33, version 10001
LHAPDF 6.1.6 loading /ufrc/avery/dimi/hg2/lhapdf/LHAPDF-6.1.6/dimi/share/LHAPDF/LUXqed_plus_PDF4LHC15_nnlo_100/LUXqed_plus_PDF4LHC15_nnlo_100_0034.dat
LUXqed_plus_PDF4LHC15_nnlo_100 PDF set, member #34, version 10001
LHAPDF 6.1.6 loading /ufrc/avery/dimi/hg2/lhapdf/LHAPDF-6.1.6/dimi/share/LHAPDF/LUXqed_plus_PDF4LHC15_nnlo_100/LUXqed_plus_PDF4LHC15_nnlo_100_0035.dat
LUXqed_plus_PDF4LHC15_nnlo_100 PDF set, member #35, version 10001
LHAPDF 6.1.6 loading /ufrc/avery/dimi/hg2/lhapdf/LHAPDF-6.1.6/dimi/share/LHAPDF/LUXqed_plus_PDF4LHC15_nnlo_100/LUXqed_plus_PDF4LHC15_nnlo_100_0036.dat
LUXqed_plus_PDF4LHC15_nnlo_100 PDF set, member #36, version 10001
LHAPDF 6.1.6 loading /ufrc/avery/dimi/hg2/lhapdf/LHAPDF-6.1.6/dimi/share/LHAPDF/LUXqed_plus_PDF4LHC15_nnlo_100/LUXqed_plus_PDF4LHC15_nnlo_100_0037.dat
LUXqed_plus_PDF4LHC15_nnlo_100 PDF set, member #37, version 10001
LHAPDF 6.1.6 loading /ufrc/avery/dimi/hg2/lhapdf/LHAPDF-6.1.6/dimi/share/LHAPDF/LUXqed_plus_PDF4LHC15_nnlo_100/LUXqed_plus_PDF4LHC15_nnlo_100_0038.dat
LUXqed_plus_PDF4LHC15_nnlo_100 PDF set, member #38, version 10001
LHAPDF 6.1.6 loading /ufrc/avery/dimi/hg2/lhapdf/LHAPDF-6.1.6/dimi/share/LHAPDF/LUXqed_plus_PDF4LHC15_nnlo_100/LUXqed_plus_PDF4LHC15_nnlo_100_0039.dat
LUXqed_plus_PDF4LHC15_nnlo_100 PDF set, member #39, version 10001
LHAPDF 6.1.6 loading /ufrc/avery/dimi/hg2/lhapdf/LHAPDF-6.1.6/dimi/share/LHAPDF/LUXqed_plus_PDF4LHC15_nnlo_100/LUXqed_plus_PDF4LHC15_nnlo_100_0040.dat
LUXqed_plus_PDF4LHC15_nnlo_100 PDF set, member #40, version 10001
LHAPDF 6.1.6 loading /ufrc/avery/dimi/hg2/lhapdf/LHAPDF-6.1.6/dimi/share/LHAPDF/LUXqed_plus_PDF4LHC15_nnlo_100/LUXqed_plus_PDF4LHC15_nnlo_100_0041.dat
LUXqed_plus_PDF4LHC15_nnlo_100 PDF set, member #41, version 10001
LHAPDF 6.1.6 loading /ufrc/avery/dimi/hg2/lhapdf/LHAPDF-6.1.6/dimi/share/LHAPDF/LUXqed_plus_PDF4LHC15_nnlo_100/LUXqed_plus_PDF4LHC15_nnlo_100_0042.dat
LUXqed_plus_PDF4LHC15_nnlo_100 PDF set, member #42, version 10001
LHAPDF 6.1.6 loading /ufrc/avery/dimi/hg2/lhapdf/LHAPDF-6.1.6/dimi/share/LHAPDF/LUXqed_plus_PDF4LHC15_nnlo_100/LUXqed_plus_PDF4LHC15_nnlo_100_0043.dat
LUXqed_plus_PDF4LHC15_nnlo_100 PDF set, member #43, version 10001
LHAPDF 6.1.6 loading /ufrc/avery/dimi/hg2/lhapdf/LHAPDF-6.1.6/dimi/share/LHAPDF/LUXqed_plus_PDF4LHC15_nnlo_100/LUXqed_plus_PDF4LHC15_nnlo_100_0044.dat
LUXqed_plus_PDF4LHC15_nnlo_100 PDF set, member #44, version 10001
LHAPDF 6.1.6 loading /ufrc/avery/dimi/hg2/lhapdf/LHAPDF-6.1.6/dimi/share/LHAPDF/LUXqed_plus_PDF4LHC15_nnlo_100/LUXqed_plus_PDF4LHC15_nnlo_100_0045.dat
LUXqed_plus_PDF4LHC15_nnlo_100 PDF set, member #45, version 10001
LHAPDF 6.1.6 loading /ufrc/avery/dimi/hg2/lhapdf/LHAPDF-6.1.6/dimi/share/LHAPDF/LUXqed_plus_PDF4LHC15_nnlo_100/LUXqed_plus_PDF4LHC15_nnlo_100_0046.dat
LUXqed_plus_PDF4LHC15_nnlo_100 PDF set, member #46, version 10001
LHAPDF 6.1.6 loading /ufrc/avery/dimi/hg2/lhapdf/LHAPDF-6.1.6/dimi/share/LHAPDF/LUXqed_plus_PDF4LHC15_nnlo_100/LUXqed_plus_PDF4LHC15_nnlo_100_0047.dat
LUXqed_plus_PDF4LHC15_nnlo_100 PDF set, member #47, version 10001
LHAPDF 6.1.6 loading /ufrc/avery/dimi/hg2/lhapdf/LHAPDF-6.1.6/dimi/share/LHAPDF/LUXqed_plus_PDF4LHC15_nnlo_100/LUXqed_plus_PDF4LHC15_nnlo_100_0048.dat
LUXqed_plus_PDF4LHC15_nnlo_100 PDF set, member #48, version 10001
LHAPDF 6.1.6 loading /ufrc/avery/dimi/hg2/lhapdf/LHAPDF-6.1.6/dimi/share/LHAPDF/LUXqed_plus_PDF4LHC15_nnlo_100/LUXqed_plus_PDF4LHC15_nnlo_100_0049.dat
LUXqed_plus_PDF4LHC15_nnlo_100 PDF set, member #49, version 10001
LHAPDF 6.1.6 loading /ufrc/avery/dimi/hg2/lhapdf/LHAPDF-6.1.6/dimi/share/LHAPDF/LUXqed_plus_PDF4LHC15_nnlo_100/LUXqed_plus_PDF4LHC15_nnlo_100_0050.dat
LUXqed_plus_PDF4LHC15_nnlo_100 PDF set, member #50, version 10001
LHAPDF 6.1.6 loading /ufrc/avery/dimi/hg2/lhapdf/LHAPDF-6.1.6/dimi/share/LHAPDF/LUXqed_plus_PDF4LHC15_nnlo_100/LUXqed_plus_PDF4LHC15_nnlo_100_0051.dat
LUXqed_plus_PDF4LHC15_nnlo_100 PDF set, member #51, version 10001
LHAPDF 6.1.6 loading /ufrc/avery/dimi/hg2/lhapdf/LHAPDF-6.1.6/dimi/share/LHAPDF/LUXqed_plus_PDF4LHC15_nnlo_100/LUXqed_plus_PDF4LHC15_nnlo_100_0052.dat
LUXqed_plus_PDF4LHC15_nnlo_100 PDF set, member #52, version 10001
LHAPDF 6.1.6 loading /ufrc/avery/dimi/hg2/lhapdf/LHAPDF-6.1.6/dimi/share/LHAPDF/LUXqed_plus_PDF4LHC15_nnlo_100/LUXqed_plus_PDF4LHC15_nnlo_100_0053.dat
LUXqed_plus_PDF4LHC15_nnlo_100 PDF set, member #53, version 10001
LHAPDF 6.1.6 loading /ufrc/avery/dimi/hg2/lhapdf/LHAPDF-6.1.6/dimi/share/LHAPDF/LUXqed_plus_PDF4LHC15_nnlo_100/LUXqed_plus_PDF4LHC15_nnlo_100_0054.dat
LUXqed_plus_PDF4LHC15_nnlo_100 PDF set, member #54, version 10001
LHAPDF 6.1.6 loading /ufrc/avery/dimi/hg2/lhapdf/LHAPDF-6.1.6/dimi/share/LHAPDF/LUXqed_plus_PDF4LHC15_nnlo_100/LUXqed_plus_PDF4LHC15_nnlo_100_0055.dat
LUXqed_plus_PDF4LHC15_nnlo_100 PDF set, member #55, version 10001
LHAPDF 6.1.6 loading /ufrc/avery/dimi/hg2/lhapdf/LHAPDF-6.1.6/dimi/share/LHAPDF/LUXqed_plus_PDF4LHC15_nnlo_100/LUXqed_plus_PDF4LHC15_nnlo_100_0056.dat
LUXqed_plus_PDF4LHC15_nnlo_100 PDF set, member #56, version 10001
LHAPDF 6.1.6 loading /ufrc/avery/dimi/hg2/lhapdf/LHAPDF-6.1.6/dimi/share/LHAPDF/LUXqed_plus_PDF4LHC15_nnlo_100/LUXqed_plus_PDF4LHC15_nnlo_100_0057.dat
LUXqed_plus_PDF4LHC15_nnlo_100 PDF set, member #57, version 10001
LHAPDF 6.1.6 loading /ufrc/avery/dimi/hg2/lhapdf/LHAPDF-6.1.6/dimi/share/LHAPDF/LUXqed_plus_PDF4LHC15_nnlo_100/LUXqed_plus_PDF4LHC15_nnlo_100_0058.dat
LUXqed_plus_PDF4LHC15_nnlo_100 PDF set, member #58, version 10001
LHAPDF 6.1.6 loading /ufrc/avery/dimi/hg2/lhapdf/LHAPDF-6.1.6/dimi/share/LHAPDF/LUXqed_plus_PDF4LHC15_nnlo_100/LUXqed_plus_PDF4LHC15_nnlo_100_0059.dat
LUXqed_plus_PDF4LHC15_nnlo_100 PDF set, member #59, version 10001
LHAPDF 6.1.6 loading /ufrc/avery/dimi/hg2/lhapdf/LHAPDF-6.1.6/dimi/share/LHAPDF/LUXqed_plus_PDF4LHC15_nnlo_100/LUXqed_plus_PDF4LHC15_nnlo_100_0060.dat
LUXqed_plus_PDF4LHC15_nnlo_100 PDF set, member #60, version 10001
LHAPDF 6.1.6 loading /ufrc/avery/dimi/hg2/lhapdf/LHAPDF-6.1.6/dimi/share/LHAPDF/LUXqed_plus_PDF4LHC15_nnlo_100/LUXqed_plus_PDF4LHC15_nnlo_100_0061.dat
LUXqed_plus_PDF4LHC15_nnlo_100 PDF set, member #61, version 10001
LHAPDF 6.1.6 loading /ufrc/avery/dimi/hg2/lhapdf/LHAPDF-6.1.6/dimi/share/LHAPDF/LUXqed_plus_PDF4LHC15_nnlo_100/LUXqed_plus_PDF4LHC15_nnlo_100_0062.dat
LUXqed_plus_PDF4LHC15_nnlo_100 PDF set, member #62, version 10001
LHAPDF 6.1.6 loading /ufrc/avery/dimi/hg2/lhapdf/LHAPDF-6.1.6/dimi/share/LHAPDF/LUXqed_plus_PDF4LHC15_nnlo_100/LUXqed_plus_PDF4LHC15_nnlo_100_0063.dat
LUXqed_plus_PDF4LHC15_nnlo_100 PDF set, member #63, version 10001
LHAPDF 6.1.6 loading /ufrc/avery/dimi/hg2/lhapdf/LHAPDF-6.1.6/dimi/share/LHAPDF/LUXqed_plus_PDF4LHC15_nnlo_100/LUXqed_plus_PDF4LHC15_nnlo_100_0064.dat
LUXqed_plus_PDF4LHC15_nnlo_100 PDF set, member #64, version 10001
LHAPDF 6.1.6 loading /ufrc/avery/dimi/hg2/lhapdf/LHAPDF-6.1.6/dimi/share/LHAPDF/LUXqed_plus_PDF4LHC15_nnlo_100/LUXqed_plus_PDF4LHC15_nnlo_100_0065.dat
LUXqed_plus_PDF4LHC15_nnlo_100 PDF set, member #65, version 10001
LHAPDF 6.1.6 loading /ufrc/avery/dimi/hg2/lhapdf/LHAPDF-6.1.6/dimi/share/LHAPDF/LUXqed_plus_PDF4LHC15_nnlo_100/LUXqed_plus_PDF4LHC15_nnlo_100_0066.dat
LUXqed_plus_PDF4LHC15_nnlo_100 PDF set, member #66, version 10001
LHAPDF 6.1.6 loading /ufrc/avery/dimi/hg2/lhapdf/LHAPDF-6.1.6/dimi/share/LHAPDF/LUXqed_plus_PDF4LHC15_nnlo_100/LUXqed_plus_PDF4LHC15_nnlo_100_0067.dat
LUXqed_plus_PDF4LHC15_nnlo_100 PDF set, member #67, version 10001
LHAPDF 6.1.6 loading /ufrc/avery/dimi/hg2/lhapdf/LHAPDF-6.1.6/dimi/share/LHAPDF/LUXqed_plus_PDF4LHC15_nnlo_100/LUXqed_plus_PDF4LHC15_nnlo_100_0068.dat
LUXqed_plus_PDF4LHC15_nnlo_100 PDF set, member #68, version 10001
LHAPDF 6.1.6 loading /ufrc/avery/dimi/hg2/lhapdf/LHAPDF-6.1.6/dimi/share/LHAPDF/LUXqed_plus_PDF4LHC15_nnlo_100/LUXqed_plus_PDF4LHC15_nnlo_100_0069.dat
LUXqed_plus_PDF4LHC15_nnlo_100 PDF set, member #69, version 10001
LHAPDF 6.1.6 loading /ufrc/avery/dimi/hg2/lhapdf/LHAPDF-6.1.6/dimi/share/LHAPDF/LUXqed_plus_PDF4LHC15_nnlo_100/LUXqed_plus_PDF4LHC15_nnlo_100_0070.dat
LUXqed_plus_PDF4LHC15_nnlo_100 PDF set, member #70, version 10001
LHAPDF 6.1.6 loading /ufrc/avery/dimi/hg2/lhapdf/LHAPDF-6.1.6/dimi/share/LHAPDF/LUXqed_plus_PDF4LHC15_nnlo_100/LUXqed_plus_PDF4LHC15_nnlo_100_0071.dat
LUXqed_plus_PDF4LHC15_nnlo_100 PDF set, member #71, version 10001
LHAPDF 6.1.6 loading /ufrc/avery/dimi/hg2/lhapdf/LHAPDF-6.1.6/dimi/share/LHAPDF/LUXqed_plus_PDF4LHC15_nnlo_100/LUXqed_plus_PDF4LHC15_nnlo_100_0072.dat
LUXqed_plus_PDF4LHC15_nnlo_100 PDF set, member #72, version 10001
LHAPDF 6.1.6 loading /ufrc/avery/dimi/hg2/lhapdf/LHAPDF-6.1.6/dimi/share/LHAPDF/LUXqed_plus_PDF4LHC15_nnlo_100/LUXqed_plus_PDF4LHC15_nnlo_100_0073.dat
LUXqed_plus_PDF4LHC15_nnlo_100 PDF set, member #73, version 10001
LHAPDF 6.1.6 loading /ufrc/avery/dimi/hg2/lhapdf/LHAPDF-6.1.6/dimi/share/LHAPDF/LUXqed_plus_PDF4LHC15_nnlo_100/LUXqed_plus_PDF4LHC15_nnlo_100_0074.dat
LUXqed_plus_PDF4LHC15_nnlo_100 PDF set, member #74, version 10001
LHAPDF 6.1.6 loading /ufrc/avery/dimi/hg2/lhapdf/LHAPDF-6.1.6/dimi/share/LHAPDF/LUXqed_plus_PDF4LHC15_nnlo_100/LUXqed_plus_PDF4LHC15_nnlo_100_0075.dat
LUXqed_plus_PDF4LHC15_nnlo_100 PDF set, member #75, version 10001
LHAPDF 6.1.6 loading /ufrc/avery/dimi/hg2/lhapdf/LHAPDF-6.1.6/dimi/share/LHAPDF/LUXqed_plus_PDF4LHC15_nnlo_100/LUXqed_plus_PDF4LHC15_nnlo_100_0076.dat
LUXqed_plus_PDF4LHC15_nnlo_100 PDF set, member #76, version 10001
LHAPDF 6.1.6 loading /ufrc/avery/dimi/hg2/lhapdf/LHAPDF-6.1.6/dimi/share/LHAPDF/LUXqed_plus_PDF4LHC15_nnlo_100/LUXqed_plus_PDF4LHC15_nnlo_100_0077.dat
LUXqed_plus_PDF4LHC15_nnlo_100 PDF set, member #77, version 10001
LHAPDF 6.1.6 loading /ufrc/avery/dimi/hg2/lhapdf/LHAPDF-6.1.6/dimi/share/LHAPDF/LUXqed_plus_PDF4LHC15_nnlo_100/LUXqed_plus_PDF4LHC15_nnlo_100_0078.dat
LUXqed_plus_PDF4LHC15_nnlo_100 PDF set, member #78, version 10001
LHAPDF 6.1.6 loading /ufrc/avery/dimi/hg2/lhapdf/LHAPDF-6.1.6/dimi/share/LHAPDF/LUXqed_plus_PDF4LHC15_nnlo_100/LUXqed_plus_PDF4LHC15_nnlo_100_0079.dat
LUXqed_plus_PDF4LHC15_nnlo_100 PDF set, member #79, version 10001
LHAPDF 6.1.6 loading /ufrc/avery/dimi/hg2/lhapdf/LHAPDF-6.1.6/dimi/share/LHAPDF/LUXqed_plus_PDF4LHC15_nnlo_100/LUXqed_plus_PDF4LHC15_nnlo_100_0080.dat
LUXqed_plus_PDF4LHC15_nnlo_100 PDF set, member #80, version 10001
LHAPDF 6.1.6 loading /ufrc/avery/dimi/hg2/lhapdf/LHAPDF-6.1.6/dimi/share/LHAPDF/LUXqed_plus_PDF4LHC15_nnlo_100/LUXqed_plus_PDF4LHC15_nnlo_100_0081.dat
LUXqed_plus_PDF4LHC15_nnlo_100 PDF set, member #81, version 10001
LHAPDF 6.1.6 loading /ufrc/avery/dimi/hg2/lhapdf/LHAPDF-6.1.6/dimi/share/LHAPDF/LUXqed_plus_PDF4LHC15_nnlo_100/LUXqed_plus_PDF4LHC15_nnlo_100_0082.dat
LUXqed_plus_PDF4LHC15_nnlo_100 PDF set, member #82, version 10001
LHAPDF 6.1.6 loading /ufrc/avery/dimi/hg2/lhapdf/LHAPDF-6.1.6/dimi/share/LHAPDF/LUXqed_plus_PDF4LHC15_nnlo_100/LUXqed_plus_PDF4LHC15_nnlo_100_0083.dat
LUXqed_plus_PDF4LHC15_nnlo_100 PDF set, member #83, version 10001
LHAPDF 6.1.6 loading /ufrc/avery/dimi/hg2/lhapdf/LHAPDF-6.1.6/dimi/share/LHAPDF/LUXqed_plus_PDF4LHC15_nnlo_100/LUXqed_plus_PDF4LHC15_nnlo_100_0084.dat
LUXqed_plus_PDF4LHC15_nnlo_100 PDF set, member #84, version 10001
LHAPDF 6.1.6 loading /ufrc/avery/dimi/hg2/lhapdf/LHAPDF-6.1.6/dimi/share/LHAPDF/LUXqed_plus_PDF4LHC15_nnlo_100/LUXqed_plus_PDF4LHC15_nnlo_100_0085.dat
LUXqed_plus_PDF4LHC15_nnlo_100 PDF set, member #85, version 10001
LHAPDF 6.1.6 loading /ufrc/avery/dimi/hg2/lhapdf/LHAPDF-6.1.6/dimi/share/LHAPDF/LUXqed_plus_PDF4LHC15_nnlo_100/LUXqed_plus_PDF4LHC15_nnlo_100_0086.dat
LUXqed_plus_PDF4LHC15_nnlo_100 PDF set, member #86, version 10001
LHAPDF 6.1.6 loading /ufrc/avery/dimi/hg2/lhapdf/LHAPDF-6.1.6/dimi/share/LHAPDF/LUXqed_plus_PDF4LHC15_nnlo_100/LUXqed_plus_PDF4LHC15_nnlo_100_0087.dat
LUXqed_plus_PDF4LHC15_nnlo_100 PDF set, member #87, version 10001
LHAPDF 6.1.6 loading /ufrc/avery/dimi/hg2/lhapdf/LHAPDF-6.1.6/dimi/share/LHAPDF/LUXqed_plus_PDF4LHC15_nnlo_100/LUXqed_plus_PDF4LHC15_nnlo_100_0088.dat
LUXqed_plus_PDF4LHC15_nnlo_100 PDF set, member #88, version 10001
LHAPDF 6.1.6 loading /ufrc/avery/dimi/hg2/lhapdf/LHAPDF-6.1.6/dimi/share/LHAPDF/LUXqed_plus_PDF4LHC15_nnlo_100/LUXqed_plus_PDF4LHC15_nnlo_100_0089.dat
LUXqed_plus_PDF4LHC15_nnlo_100 PDF set, member #89, version 10001
LHAPDF 6.1.6 loading /ufrc/avery/dimi/hg2/lhapdf/LHAPDF-6.1.6/dimi/share/LHAPDF/LUXqed_plus_PDF4LHC15_nnlo_100/LUXqed_plus_PDF4LHC15_nnlo_100_0090.dat
LUXqed_plus_PDF4LHC15_nnlo_100 PDF set, member #90, version 10001
LHAPDF 6.1.6 loading /ufrc/avery/dimi/hg2/lhapdf/LHAPDF-6.1.6/dimi/share/LHAPDF/LUXqed_plus_PDF4LHC15_nnlo_100/LUXqed_plus_PDF4LHC15_nnlo_100_0091.dat
LUXqed_plus_PDF4LHC15_nnlo_100 PDF set, member #91, version 10001
LHAPDF 6.1.6 loading /ufrc/avery/dimi/hg2/lhapdf/LHAPDF-6.1.6/dimi/share/LHAPDF/LUXqed_plus_PDF4LHC15_nnlo_100/LUXqed_plus_PDF4LHC15_nnlo_100_0092.dat
LUXqed_plus_PDF4LHC15_nnlo_100 PDF set, member #92, version 10001
LHAPDF 6.1.6 loading /ufrc/avery/dimi/hg2/lhapdf/LHAPDF-6.1.6/dimi/share/LHAPDF/LUXqed_plus_PDF4LHC15_nnlo_100/LUXqed_plus_PDF4LHC15_nnlo_100_0093.dat
LUXqed_plus_PDF4LHC15_nnlo_100 PDF set, member #93, version 10001
LHAPDF 6.1.6 loading /ufrc/avery/dimi/hg2/lhapdf/LHAPDF-6.1.6/dimi/share/LHAPDF/LUXqed_plus_PDF4LHC15_nnlo_100/LUXqed_plus_PDF4LHC15_nnlo_100_0094.dat
LUXqed_plus_PDF4LHC15_nnlo_100 PDF set, member #94, version 10001
LHAPDF 6.1.6 loading /ufrc/avery/dimi/hg2/lhapdf/LHAPDF-6.1.6/dimi/share/LHAPDF/LUXqed_plus_PDF4LHC15_nnlo_100/LUXqed_plus_PDF4LHC15_nnlo_100_0095.dat
LUXqed_plus_PDF4LHC15_nnlo_100 PDF set, member #95, version 10001
LHAPDF 6.1.6 loading /ufrc/avery/dimi/hg2/lhapdf/LHAPDF-6.1.6/dimi/share/LHAPDF/LUXqed_plus_PDF4LHC15_nnlo_100/LUXqed_plus_PDF4LHC15_nnlo_100_0096.dat
LUXqed_plus_PDF4LHC15_nnlo_100 PDF set, member #96, version 10001
LHAPDF 6.1.6 loading /ufrc/avery/dimi/hg2/lhapdf/LHAPDF-6.1.6/dimi/share/LHAPDF/LUXqed_plus_PDF4LHC15_nnlo_100/LUXqed_plus_PDF4LHC15_nnlo_100_0097.dat
LUXqed_plus_PDF4LHC15_nnlo_100 PDF set, member #97, version 10001
LHAPDF 6.1.6 loading /ufrc/avery/dimi/hg2/lhapdf/LHAPDF-6.1.6/dimi/share/LHAPDF/LUXqed_plus_PDF4LHC15_nnlo_100/LUXqed_plus_PDF4LHC15_nnlo_100_0098.dat
LUXqed_plus_PDF4LHC15_nnlo_100 PDF set, member #98, version 10001
LHAPDF 6.1.6 loading /ufrc/avery/dimi/hg2/lhapdf/LHAPDF-6.1.6/dimi/share/LHAPDF/LUXqed_plus_PDF4LHC15_nnlo_100/LUXqed_plus_PDF4LHC15_nnlo_100_0099.dat
LUXqed_plus_PDF4LHC15_nnlo_100 PDF set, member #99, version 10001
LHAPDF 6.1.6 loading /ufrc/avery/dimi/hg2/lhapdf/LHAPDF-6.1.6/dimi/share/LHAPDF/LUXqed_plus_PDF4LHC15_nnlo_100/LUXqed_plus_PDF4LHC15_nnlo_100_0100.dat
LUXqed_plus_PDF4LHC15_nnlo_100 PDF set, member #100, version 10001
LHAPDF 6.1.6 loading /ufrc/avery/dimi/hg2/lhapdf/LHAPDF-6.1.6/dimi/share/LHAPDF/LUXqed_plus_PDF4LHC15_nnlo_100/LUXqed_plus_PDF4LHC15_nnlo_100_0101.dat
LUXqed_plus_PDF4LHC15_nnlo_100 PDF set, member #101, version 10001
LHAPDF 6.1.6 loading /ufrc/avery/dimi/hg2/lhapdf/LHAPDF-6.1.6/dimi/share/LHAPDF/LUXqed_plus_PDF4LHC15_nnlo_100/LUXqed_plus_PDF4LHC15_nnlo_100_0102.dat
LUXqed_plus_PDF4LHC15_nnlo_100 PDF set, member #102, version 10001
LHAPDF 6.1.6 loading /ufrc/avery/dimi/hg2/lhapdf/LHAPDF-6.1.6/dimi/share/LHAPDF/LUXqed_plus_PDF4LHC15_nnlo_100/LUXqed_plus_PDF4LHC15_nnlo_100_0103.dat
LUXqed_plus_PDF4LHC15_nnlo_100 PDF set, member #103, version 10001
LHAPDF 6.1.6 loading /ufrc/avery/dimi/hg2/lhapdf/LHAPDF-6.1.6/dimi/share/LHAPDF/LUXqed_plus_PDF4LHC15_nnlo_100/LUXqed_plus_PDF4LHC15_nnlo_100_0104.dat
LUXqed_plus_PDF4LHC15_nnlo_100 PDF set, member #104, version 10001
LHAPDF 6.1.6 loading /ufrc/avery/dimi/hg2/lhapdf/LHAPDF-6.1.6/dimi/share/LHAPDF/LUXqed_plus_PDF4LHC15_nnlo_100/LUXqed_plus_PDF4LHC15_nnlo_100_0105.dat
LUXqed_plus_PDF4LHC15_nnlo_100 PDF set, member #105, version 10001
LHAPDF 6.1.6 loading /ufrc/avery/dimi/hg2/lhapdf/LHAPDF-6.1.6/dimi/share/LHAPDF/LUXqed_plus_PDF4LHC15_nnlo_100/LUXqed_plus_PDF4LHC15_nnlo_100_0106.dat
LUXqed_plus_PDF4LHC15_nnlo_100 PDF set, member #106, version 10001
LHAPDF 6.1.6 loading /ufrc/avery/dimi/hg2/lhapdf/LHAPDF-6.1.6/dimi/share/LHAPDF/LUXqed_plus_PDF4LHC15_nnlo_100/LUXqed_plus_PDF4LHC15_nnlo_100_0107.dat
LUXqed_plus_PDF4LHC15_nnlo_100 PDF set, member #107, version 10001
Vegas input parameters:
  ndim 11
  ncomp 1
  epsrel 0
  epsabs 0
  flags 291
  seed 12
  mineval 1
  maxeval 1
  nstart 100000
  nincrease 50000
  nbatch 1000
  gridno 1
  statefile "vegas_last_iter"

Restoring state from vegas_last_iter.

Iteration 14:  5950000 integrand evaluations so far
[1] 13.5601 +- 0.0113108  	chisq 16.517 (13 df)

Saving state to vegas_last_iter.
Vegas input parameters:
  ndim 11
  ncomp 1
  epsrel 0
  epsabs 0
  flags 291
  seed 13
  mineval 1
  maxeval 1
  nstart 100000
  nincrease 50000
  nbatch 1000
  gridno 1
  statefile "vegas_last_iter"

Restoring state from vegas_last_iter.

Iteration 15:  6750000 integrand evaluations so far
[1] 13.5592 +- 0.0105104  	chisq 16.5672 (14 df)

Saving state to vegas_last_iter.
Vegas input parameters:
  ndim 11
  ncomp 1
  epsrel 0
  epsabs 0
  flags 291
  seed 14
  mineval 1
  maxeval 1
  nstart 100000
  nincrease 50000
  nbatch 1000
  gridno 1
  statefile "vegas_last_iter"

Restoring state from vegas_last_iter.

Iteration 16:  7600000 integrand evaluations so far
[1] 13.5608 +- 0.00979004  	chisq 16.7476 (15 df)

Saving state to vegas_last_iter.
Vegas input parameters:
  ndim 11
  ncomp 1
  epsrel 0
  epsabs 0
  flags 291
  seed 15
  mineval 1
  maxeval 1
  nstart 100000
  nincrease 50000
  nbatch 1000
  gridno 1
  statefile "vegas_last_iter"

Restoring state from vegas_last_iter.

Iteration 17:  8500000 integrand evaluations so far
[1] 13.5576 +- 0.00902719  	chisq 17.4637 (16 df)

Saving state to vegas_last_iter.
Vegas input parameters:
  ndim 11
  ncomp 1
  epsrel 0
  epsabs 0
  flags 291
  seed 16
  mineval 1
  maxeval 1
  nstart 100000
  nincrease 50000
  nbatch 1000
  gridno 1
  statefile "vegas_last_iter"

Restoring state from vegas_last_iter.

Iteration 18:  9450000 integrand evaluations so far
[1] 13.5573 +- 0.00848665  	chisq 17.471 (17 df)

Saving state to vegas_last_iter.
Vegas input parameters:
  ndim 11
  ncomp 1
  epsrel 0
  epsabs 0
  flags 291
  seed 17
  mineval 1
  maxeval 1
  nstart 100000
  nincrease 50000
  nbatch 1000
  gridno 1
  statefile "vegas_last_iter"

Restoring state from vegas_last_iter.

Iteration 19:  10450000 integrand evaluations so far
[1] 13.554 +- 0.00815752  	chisq 19.441 (18 df)

Saving state to vegas_last_iter.
Vegas input parameters:
  ndim 11
  ncomp 1
  epsrel 0
  epsabs 0
  flags 291
  seed 18
  mineval 1
  maxeval 1
  nstart 100000
  nincrease 50000
  nbatch 1000
  gridno 1
  statefile "vegas_last_iter"

Restoring state from vegas_last_iter.

Iteration 20:  11500000 integrand evaluations so far
[1] 13.5522 +- 0.00787503  	chisq 20.1751 (19 df)

Saving state to vegas_last_iter.
Vegas input parameters:
  ndim 11
  ncomp 1
  epsrel 0
  epsabs 0
  flags 291
  seed 19
  mineval 1
  maxeval 1
  nstart 100000
  nincrease 50000
  nbatch 1000
  gridno 1
  statefile "vegas_last_iter"

Restoring state from vegas_last_iter.

Iteration 21:  12600000 integrand evaluations so far
[1] 13.5471 +- 0.00753743  	chisq 25.2059 (20 df)

Saving state to vegas_last_iter.
Vegas input parameters:
  ndim 11
  ncomp 1
  epsrel 0
  epsabs 0
  flags 291
  seed 20
  mineval 1
  maxeval 1
  nstart 100000
  nincrease 50000
  nbatch 1000
  gridno 1
  statefile "vegas_last_iter"

Restoring state from vegas_last_iter.

Iteration 22:  13750000 integrand evaluations so far
[1] 13.5472 +- 0.00715293  	chisq 25.207 (21 df)

Saving state to vegas_last_iter.
Vegas input parameters:
  ndim 11
  ncomp 1
  epsrel 0
  epsabs 0
  flags 291
  seed 21
  mineval 1
  maxeval 1
  nstart 100000
  nincrease 50000
  nbatch 1000
  gridno 1
  statefile "vegas_last_iter"

Restoring state from vegas_last_iter.

Iteration 23:  14950000 integrand evaluations so far
[1] 13.5476 +- 0.00704433  	chisq 25.3451 (22 df)

Saving state to vegas_last_iter.
Vegas input parameters:
  ndim 11
  ncomp 1
  epsrel 0
  epsabs 0
  flags 291
  seed 22
  mineval 1
  maxeval 1
  nstart 100000
  nincrease 50000
  nbatch 1000
  gridno 1
  statefile "vegas_last_iter"

Restoring state from vegas_last_iter.

Iteration 24:  16200000 integrand evaluations so far
[1] 13.5461 +- 0.00689384  	chisq 26.4397 (23 df)

Saving state to vegas_last_iter.
Vegas input parameters:
  ndim 11
  ncomp 1
  epsrel 0
  epsabs 0
  flags 291
  seed 23
  mineval 1
  maxeval 1
  nstart 100000
  nincrease 50000
  nbatch 1000
  gridno 1
  statefile "vegas_last_iter"

Restoring state from vegas_last_iter.

Iteration 25:  17500000 integrand evaluations so far
[1] 13.5441 +- 0.00664375  	chisq 27.6059 (24 df)

Saving state to vegas_last_iter.
Vegas input parameters:
  ndim 11
  ncomp 1
  epsrel 0
  epsabs 0
  flags 291
  seed 24
  mineval 1
  maxeval 1
  nstart 100000
  nincrease 50000
  nbatch 1000
  gridno 1
  statefile "vegas_last_iter"

Restoring state from vegas_last_iter.

Iteration 26:  18850000 integrand evaluations so far
[1] 13.5475 +- 0.00634277  	chisq 30.5434 (25 df)

Saving state to vegas_last_iter.
Vegas input parameters:
  ndim 11
  ncomp 1
  epsrel 0
  epsabs 0
  flags 291
  seed 25
  mineval 1
  maxeval 1
  nstart 100000
  nincrease 50000
  nbatch 1000
  gridno 1
  statefile "vegas_last_iter"

Restoring state from vegas_last_iter.

Iteration 27:  20250000 integrand evaluations so far
[1] 13.5433 +- 0.00605853  	chisq 35.7533 (26 df)

Saving state to vegas_last_iter.
Vegas input parameters:
  ndim 11
  ncomp 1
  epsrel 0
  epsabs 0
  flags 291
  seed 26
  mineval 1
  maxeval 1
  nstart 100000
  nincrease 50000
  nbatch 1000
  gridno 1
  statefile "vegas_last_iter"

Restoring state from vegas_last_iter.

Iteration 28:  21700000 integrand evaluations so far
[1] 13.5443 +- 0.00577827  	chisq 36.0589 (27 df)

Saving state to vegas_last_iter.
Vegas input parameters:
  ndim 11
  ncomp 1
  epsrel 0
  epsabs 0
  flags 291
  seed 27
  mineval 1
  maxeval 1
  nstart 100000
  nincrease 50000
  nbatch 1000
  gridno 1
  statefile "vegas_last_iter"

Restoring state from vegas_last_iter.

Iteration 29:  23200000 integrand evaluations so far
[1] 13.5424 +- 0.00552013  	chisq 37.2659 (28 df)

Saving state to vegas_last_iter.
Vegas input parameters:
  ndim 11
  ncomp 1
  epsrel 0
  epsabs 0
  flags 291
  seed 28
  mineval 1
  maxeval 1
  nstart 100000
  nincrease 50000
  nbatch 1000
  gridno 1
  statefile "vegas_last_iter"

Restoring state from vegas_last_iter.

Iteration 30:  24750000 integrand evaluations so far
[1] 13.5401 +- 0.00528824  	chisq 39.3864 (29 df)

Saving state to vegas_last_iter.
Vegas input parameters:
  ndim 11
  ncomp 1
  epsrel 0
  epsabs 0
  flags 291
  seed 29
  mineval 1
  maxeval 1
  nstart 100000
  nincrease 50000
  nbatch 1000
  gridno 1
  statefile "vegas_last_iter"

Restoring state from vegas_last_iter.

Iteration 31:  26350000 integrand evaluations so far
[1] 13.5392 +- 0.00508573  	chisq 39.7209 (30 df)

Saving state to vegas_last_iter.
Vegas input parameters:
  ndim 11
  ncomp 1
  epsrel 0
  epsabs 0
  flags 291
  seed 30
  mineval 1
  maxeval 1
  nstart 100000
  nincrease 50000
  nbatch 1000
  gridno 1
  statefile "vegas_last_iter"

Restoring state from vegas_last_iter.

Iteration 32:  28000000 integrand evaluations so far
[1] 13.5362 +- 0.00488908  	chisq 44.4528 (31 df)

Saving state to vegas_last_iter.
Vegas input parameters:
  ndim 11
  ncomp 1
  epsrel 0
  epsabs 0
  flags 291
  seed 31
  mineval 1
  maxeval 1
  nstart 100000
  nincrease 50000
  nbatch 1000
  gridno 1
  statefile "vegas_last_iter"

Restoring state from vegas_last_iter.

Iteration 33:  29700000 integrand evaluations so far
[1] 13.5359 +- 0.00471126  	chisq 44.5158 (32 df)

Saving state to vegas_last_iter.
Vegas input parameters:
  ndim 11
  ncomp 1
  epsrel 0
  epsabs 0
  flags 291
  seed 32
  mineval 1
  maxeval 1
  nstart 100000
  nincrease 50000
  nbatch 1000
  gridno 1
  statefile "vegas_last_iter"

Restoring state from vegas_last_iter.

Iteration 34:  31450000 integrand evaluations so far
[1] 13.5358 +- 0.00460531  	chisq 44.5171 (33 df)

Saving state to vegas_last_iter.
Vegas input parameters:
  ndim 11
  ncomp 1
  epsrel 0
  epsabs 0
  flags 291
  seed 33
  mineval 1
  maxeval 1
  nstart 100000
  nincrease 50000
  nbatch 1000
  gridno 1
  statefile "vegas_last_iter"

Restoring state from vegas_last_iter.

Iteration 35:  33250000 integrand evaluations so far
[1] 13.5359 +- 0.00452009  	chisq 44.5331 (34 df)

Saving state to vegas_last_iter.
Vegas input parameters:
  ndim 11
  ncomp 1
  epsrel 0
  epsabs 0
  flags 291
  seed 34
  mineval 1
  maxeval 1
  nstart 100000
  nincrease 50000
  nbatch 1000
  gridno 1
  statefile "vegas_last_iter"

Restoring state from vegas_last_iter.

Iteration 36:  35100000 integrand evaluations so far
[1] 13.5349 +- 0.00440827  	chisq 45.6259 (35 df)

Saving state to vegas_last_iter.
Vegas input parameters:
  ndim 11
  ncomp 1
  epsrel 0
  epsabs 0
  flags 291
  seed 35
  mineval 1
  maxeval 1
  nstart 100000
  nincrease 50000
  nbatch 1000
  gridno 1
  statefile "vegas_last_iter"

Restoring state from vegas_last_iter.

Iteration 37:  37000000 integrand evaluations so far
[1] 13.536 +- 0.00427512  	chisq 46.6279 (36 df)

Saving state to vegas_last_iter.
Vegas input parameters:
  ndim 11
  ncomp 1
  epsrel 0
  epsabs 0
  flags 291
  seed 36
  mineval 1
  maxeval 1
  nstart 100000
  nincrease 50000
  nbatch 1000
  gridno 1
  statefile "vegas_last_iter"

Restoring state from vegas_last_iter.

Iteration 38:  38950000 integrand evaluations so far
[1] 13.5357 +- 0.00414643  	chisq 46.71 (37 df)

Saving state to vegas_last_iter.
Vegas input parameters:
  ndim 11
  ncomp 1
  epsrel 0
  epsabs 0
  flags 291
  seed 37
  mineval 1
  maxeval 1
  nstart 100000
  nincrease 50000
  nbatch 1000
  gridno 1
  statefile "vegas_last_iter"

Restoring state from vegas_last_iter.

Iteration 39:  40950000 integrand evaluations so far
[1] 13.534 +- 0.00401775  	chisq 49.3302 (38 df)

Saving state to vegas_last_iter.
Vegas input parameters:
  ndim 11
  ncomp 1
  epsrel 0
  epsabs 0
  flags 291
  seed 38
  mineval 1
  maxeval 1
  nstart 100000
  nincrease 50000
  nbatch 1000
  gridno 1
  statefile "vegas_last_iter"

Restoring state from vegas_last_iter.

Iteration 40:  43000000 integrand evaluations so far
[1] 13.5364 +- 0.00394095  	chisq 58.4317 (39 df)

Saving state to vegas_last_iter.
Vegas input parameters:
  ndim 11
  ncomp 1
  epsrel 0
  epsabs 0
  flags 291
  seed 39
  mineval 1
  maxeval 1
  nstart 100000
  nincrease 50000
  nbatch 1000
  gridno 1
  statefile "vegas_last_iter"

Restoring state from vegas_last_iter.

Iteration 41:  45100000 integrand evaluations so far
[1] 13.5361 +- 0.0038686  	chisq 58.6112 (40 df)

Saving state to vegas_last_iter.
Vegas input parameters:
  ndim 11
  ncomp 1
  epsrel 0
  epsabs 0
  flags 291
  seed 40
  mineval 1
  maxeval 1
  nstart 100000
  nincrease 50000
  nbatch 1000
  gridno 1
  statefile "vegas_last_iter"

Restoring state from vegas_last_iter.

Iteration 42:  47250000 integrand evaluations so far
[1] 13.5356 +- 0.00378692  	chisq 58.9974 (41 df)

Saving state to vegas_last_iter.
Vegas input parameters:
  ndim 11
  ncomp 1
  epsrel 0
  epsabs 0
  flags 291
  seed 41
  mineval 1
  maxeval 1
  nstart 100000
  nincrease 50000
  nbatch 1000
  gridno 1
  statefile "vegas_last_iter"

Restoring state from vegas_last_iter.

Iteration 43:  49450000 integrand evaluations so far
[1] 13.5355 +- 0.00369498  	chisq 58.9996 (42 df)

Saving state to vegas_last_iter.
Vegas input parameters:
  ndim 11
  ncomp 1
  epsrel 0
  epsabs 0
  flags 291
  seed 42
  mineval 1
  maxeval 1
  nstart 100000
  nincrease 50000
  nbatch 1000
  gridno 1
  statefile "vegas_last_iter"

Restoring state from vegas_last_iter.

Iteration 44:  51700000 integrand evaluations so far
[1] 13.5346 +- 0.00359817  	chisq 60.0766 (43 df)

Saving state to vegas_last_iter.
Vegas input parameters:
  ndim 11
  ncomp 1
  epsrel 0
  epsabs 0
  flags 291
  seed 43
  mineval 1
  maxeval 1
  nstart 100000
  nincrease 50000
  nbatch 1000
  gridno 1
  statefile "vegas_last_iter"

Restoring state from vegas_last_iter.

Iteration 45:  54000000 integrand evaluations so far
[1] 13.5346 +- 0.00350569  	chisq 60.0828 (44 df)

Saving state to vegas_last_iter.
Vegas input parameters:
  ndim 11
  ncomp 1
  epsrel 0
  epsabs 0
  flags 291
  seed 44
  mineval 1
  maxeval 1
  nstart 100000
  nincrease 50000
  nbatch 1000
  gridno 1
  statefile "vegas_last_iter"

Restoring state from vegas_last_iter.

Iteration 46:  56350000 integrand evaluations so far
[1] 13.5345 +- 0.0034204  	chisq 60.1009 (45 df)

Saving state to vegas_last_iter.
Vegas input parameters:
  ndim 11
  ncomp 1
  epsrel 0
  epsabs 0
  flags 291
  seed 45
  mineval 1
  maxeval 1
  nstart 100000
  nincrease 50000
  nbatch 1000
  gridno 1
  statefile "vegas_last_iter"

Restoring state from vegas_last_iter.

Iteration 47:  58750000 integrand evaluations so far
[1] 13.5338 +- 0.00334964  	chisq 61.0442 (46 df)

Saving state to vegas_last_iter.
Vegas input parameters:
  ndim 11
  ncomp 1
  epsrel 0
  epsabs 0
  flags 291
  seed 46
  mineval 1
  maxeval 1
  nstart 100000
  nincrease 50000
  nbatch 1000
  gridno 1
  statefile "vegas_last_iter"

Restoring state from vegas_last_iter.

Iteration 48:  61200000 integrand evaluations so far
[1] 13.534 +- 0.00327917  	chisq 61.1468 (47 df)

Saving state to vegas_last_iter.
Vegas input parameters:
  ndim 11
  ncomp 1
  epsrel 0
  epsabs 0
  flags 291
  seed 47
  mineval 1
  maxeval 1
  nstart 100000
  nincrease 50000
  nbatch 1000
  gridno 1
  statefile "vegas_last_iter"

Restoring state from vegas_last_iter.

Iteration 49:  63700000 integrand evaluations so far
[1] 13.5338 +- 0.00319683  	chisq 61.2545 (48 df)

Saving state to vegas_last_iter.
Vegas input parameters:
  ndim 11
  ncomp 1
  epsrel 0
  epsabs 0
  flags 291
  seed 48
  mineval 1
  maxeval 1
  nstart 100000
  nincrease 50000
  nbatch 1000
  gridno 1
  statefile "vegas_last_iter"

Restoring state from vegas_last_iter.

Iteration 50:  66250000 integrand evaluations so far
[1] 13.5336 +- 0.00312475  	chisq 61.3506 (49 df)

Saving state to vegas_last_iter.
Vegas input parameters:
  ndim 11
  ncomp 1
  epsrel 0
  epsabs 0
  flags 291
  seed 49
  mineval 1
  maxeval 1
  nstart 100000
  nincrease 50000
  nbatch 1000
  gridno 1
  statefile "vegas_last_iter"

Restoring state from vegas_last_iter.

Iteration 51:  68850000 integrand evaluations so far
[1] 13.5341 +- 0.0030531  	chisq 61.9437 (50 df)

Saving state to vegas_last_iter.
Vegas input parameters:
  ndim 11
  ncomp 1
  epsrel 0
  epsabs 0
  flags 291
  seed 50
  mineval 1
  maxeval 1
  nstart 100000
  nincrease 50000
  nbatch 1000
  gridno 1
  statefile "vegas_last_iter"

Restoring state from vegas_last_iter.

Iteration 52:  71500000 integrand evaluations so far
[1] 13.5343 +- 0.00298344  	chisq 62.0243 (51 df)

Saving state to vegas_last_iter.
Vegas input parameters:
  ndim 11
  ncomp 1
  epsrel 0
  epsabs 0
  flags 291
  seed 51
  mineval 1
  maxeval 1
  nstart 100000
  nincrease 50000
  nbatch 1000
  gridno 1
  statefile "vegas_last_iter"

Restoring state from vegas_last_iter.

Iteration 53:  74200000 integrand evaluations so far
[1] 13.5341 +- 0.00291584  	chisq 62.1488 (52 df)

Saving state to vegas_last_iter.
Vegas input parameters:
  ndim 11
  ncomp 1
  epsrel 0
  epsabs 0
  flags 291
  seed 52
  mineval 1
  maxeval 1
  nstart 100000
  nincrease 50000
  nbatch 1000
  gridno 1
  statefile "vegas_last_iter"

Restoring state from vegas_last_iter.

Iteration 54:  76950000 integrand evaluations so far
[1] 13.5343 +- 0.00285825  	chisq 62.2829 (53 df)

Saving state to vegas_last_iter.
Vegas input parameters:
  ndim 11
  ncomp 1
  epsrel 0
  epsabs 0
  flags 291
  seed 53
  mineval 1
  maxeval 1
  nstart 100000
  nincrease 50000
  nbatch 1000
  gridno 1
  statefile "vegas_last_iter"

Restoring state from vegas_last_iter.

Iteration 55:  79750000 integrand evaluations so far
[1] 13.5342 +- 0.00280377  	chisq 62.3059 (54 df)

Saving state to vegas_last_iter.
Vegas input parameters:
  ndim 11
  ncomp 1
  epsrel 0
  epsabs 0
  flags 291
  seed 54
  mineval 1
  maxeval 1
  nstart 100000
  nincrease 50000
  nbatch 1000
  gridno 1
  statefile "vegas_last_iter"

Restoring state from vegas_last_iter.

Iteration 56:  82600000 integrand evaluations so far
[1] 13.5343 +- 0.00274624  	chisq 62.3267 (55 df)

Saving state to vegas_last_iter.
Vegas input parameters:
  ndim 11
  ncomp 1
  epsrel 0
  epsabs 0
  flags 291
  seed 55
  mineval 1
  maxeval 1
  nstart 100000
  nincrease 50000
  nbatch 1000
  gridno 1
  statefile "vegas_last_iter"

Restoring state from vegas_last_iter.

Iteration 57:  85500000 integrand evaluations so far
[1] 13.534 +- 0.00269133  	chisq 62.5773 (56 df)

Saving state to vegas_last_iter.
Vegas input parameters:
  ndim 11
  ncomp 1
  epsrel 0
  epsabs 0
  flags 291
  seed 56
  mineval 1
  maxeval 1
  nstart 100000
  nincrease 50000
  nbatch 1000
  gridno 1
  statefile "vegas_last_iter"

Restoring state from vegas_last_iter.

Iteration 58:  88450000 integrand evaluations so far
[1] 13.5333 +- 0.00265281  	chisq 65.1453 (57 df)

Saving state to vegas_last_iter.
Vegas input parameters:
  ndim 11
  ncomp 1
  epsrel 0
  epsabs 0
  flags 291
  seed 57
  mineval 1
  maxeval 1
  nstart 100000
  nincrease 50000
  nbatch 1000
  gridno 1
  statefile "vegas_last_iter"

Restoring state from vegas_last_iter.

Iteration 59:  91450000 integrand evaluations so far
[1] 13.5329 +- 0.00261472  	chisq 65.6923 (58 df)

Saving state to vegas_last_iter.
Vegas input parameters:
  ndim 11
  ncomp 1
  epsrel 0
  epsabs 0
  flags 291
  seed 58
  mineval 1
  maxeval 1
  nstart 100000
  nincrease 50000
  nbatch 1000
  gridno 1
  statefile "vegas_last_iter"

Restoring state from vegas_last_iter.

Iteration 60:  94500000 integrand evaluations so far
[1] 13.533 +- 0.00256956  	chisq 65.73 (59 df)

Saving state to vegas_last_iter.
Vegas input parameters:
  ndim 11
  ncomp 1
  epsrel 0
  epsabs 0
  flags 291
  seed 59
  mineval 1
  maxeval 1
  nstart 100000
  nincrease 50000
  nbatch 1000
  gridno 1
  statefile "vegas_last_iter"

Restoring state from vegas_last_iter.

Iteration 61:  97600000 integrand evaluations so far
[1] 13.5334 +- 0.00252297  	chisq 66.311 (60 df)

Saving state to vegas_last_iter.
Vegas input parameters:
  ndim 11
  ncomp 1
  epsrel 0
  epsabs 0
  flags 291
  seed 60
  mineval 1
  maxeval 1
  nstart 100000
  nincrease 50000
  nbatch 1000
  gridno 1
  statefile "vegas_last_iter"

Restoring state from vegas_last_iter.

Iteration 62:  100750000 integrand evaluations so far
[1] 13.5331 +- 0.00248128  	chisq 66.6451 (61 df)

Saving state to vegas_last_iter.
Vegas input parameters:
  ndim 11
  ncomp 1
  epsrel 0
  epsabs 0
  flags 291
  seed 61
  mineval 1
  maxeval 1
  nstart 100000
  nincrease 50000
  nbatch 1000
  gridno 1
  statefile "vegas_last_iter"

Restoring state from vegas_last_iter.

Iteration 63:  103950000 integrand evaluations so far
[1] 13.5328 +- 0.00244185  	chisq 67.2743 (62 df)

Saving state to vegas_last_iter.
Vegas input parameters:
  ndim 11
  ncomp 1
  epsrel 0
  epsabs 0
  flags 291
  seed 62
  mineval 1
  maxeval 1
  nstart 100000
  nincrease 50000
  nbatch 1000
  gridno 1
  statefile "vegas_last_iter"

Restoring state from vegas_last_iter.

Iteration 64:  107200000 integrand evaluations so far
[1] 13.5332 +- 0.00240135  	chisq 68.1343 (63 df)

Saving state to vegas_last_iter.
Vegas input parameters:
  ndim 11
  ncomp 1
  epsrel 0
  epsabs 0
  flags 291
  seed 63
  mineval 1
  maxeval 1
  nstart 100000
  nincrease 50000
  nbatch 1000
  gridno 1
  statefile "vegas_last_iter"

Restoring state from vegas_last_iter.

Iteration 65:  110500000 integrand evaluations so far
[1] 13.5337 +- 0.0023593  	chisq 69.185 (64 df)

Saving state to vegas_last_iter.
Vegas input parameters:
  ndim 11
  ncomp 1
  epsrel 0
  epsabs 0
  flags 291
  seed 64
  mineval 1
  maxeval 1
  nstart 100000
  nincrease 50000
  nbatch 1000
  gridno 1
  statefile "vegas_last_iter"

Restoring state from vegas_last_iter.

Iteration 66:  113850000 integrand evaluations so far
[1] 13.5338 +- 0.00231985  	chisq 69.2849 (65 df)

Saving state to vegas_last_iter.
Vegas input parameters:
  ndim 11
  ncomp 1
  epsrel 0
  epsabs 0
  flags 291
  seed 65
  mineval 1
  maxeval 1
  nstart 100000
  nincrease 50000
  nbatch 1000
  gridno 1
  statefile "vegas_last_iter"

Restoring state from vegas_last_iter.

Iteration 67:  117250000 integrand evaluations so far
[1] 13.5336 +- 0.0022883  	chisq 69.4642 (66 df)

Saving state to vegas_last_iter.
Vegas input parameters:
  ndim 11
  ncomp 1
  epsrel 0
  epsabs 0
  flags 291
  seed 66
  mineval 1
  maxeval 1
  nstart 100000
  nincrease 50000
  nbatch 1000
  gridno 1
  statefile "vegas_last_iter"

Restoring state from vegas_last_iter.

Iteration 68:  120700000 integrand evaluations so far
[1] 13.5332 +- 0.00225517  	chisq 70.8289 (67 df)

Saving state to vegas_last_iter.
Vegas input parameters:
  ndim 11
  ncomp 1
  epsrel 0
  epsabs 0
  flags 291
  seed 67
  mineval 1
  maxeval 1
  nstart 100000
  nincrease 50000
  nbatch 1000
  gridno 1
  statefile "vegas_last_iter"

Restoring state from vegas_last_iter.

Iteration 69:  124200000 integrand evaluations so far
[1] 13.5336 +- 0.00222133  	chisq 71.9296 (68 df)

Saving state to vegas_last_iter.
Vegas input parameters:
  ndim 11
  ncomp 1
  epsrel 0
  epsabs 0
  flags 291
  seed 68
  mineval 1
  maxeval 1
  nstart 100000
  nincrease 50000
  nbatch 1000
  gridno 1
  statefile "vegas_last_iter"

Restoring state from vegas_last_iter.

Iteration 70:  127750000 integrand evaluations so far
[1] 13.5333 +- 0.00218484  	chisq 72.3972 (69 df)

Saving state to vegas_last_iter.
Vegas input parameters:
  ndim 11
  ncomp 1
  epsrel 0
  epsabs 0
  flags 291
  seed 69
  mineval 1
  maxeval 1
  nstart 100000
  nincrease 50000
  nbatch 1000
  gridno 1
  statefile "vegas_last_iter"

Restoring state from vegas_last_iter.

Iteration 71:  131350000 integrand evaluations so far
[1] 13.5327 +- 0.00214847  	chisq 74.5136 (70 df)

Saving state to vegas_last_iter.
Vegas input parameters:
  ndim 11
  ncomp 1
  epsrel 0
  epsabs 0
  flags 291
  seed 70
  mineval 1
  maxeval 1
  nstart 100000
  nincrease 50000
  nbatch 1000
  gridno 1
  statefile "vegas_last_iter"

Restoring state from vegas_last_iter.

Iteration 72:  135000000 integrand evaluations so far
[1] 13.5326 +- 0.00211847  	chisq 74.6463 (71 df)

Saving state to vegas_last_iter.
Vegas input parameters:
  ndim 11
  ncomp 1
  epsrel 0
  epsabs 0
  flags 291
  seed 71
  mineval 1
  maxeval 1
  nstart 100000
  nincrease 50000
  nbatch 1000
  gridno 1
  statefile "vegas_last_iter"

Restoring state from vegas_last_iter.

Iteration 73:  138700000 integrand evaluations so far
[1] 13.5327 +- 0.00208766  	chisq 74.7092 (72 df)

Saving state to vegas_last_iter.
Vegas input parameters:
  ndim 11
  ncomp 1
  epsrel 0
  epsabs 0
  flags 291
  seed 72
  mineval 1
  maxeval 1
  nstart 100000
  nincrease 50000
  nbatch 1000
  gridno 1
  statefile "vegas_last_iter"

Restoring state from vegas_last_iter.

Iteration 74:  142450000 integrand evaluations so far
[1] 13.5323 +- 0.00206513  	chisq 76.5252 (73 df)

Saving state to vegas_last_iter.
Vegas input parameters:
  ndim 11
  ncomp 1
  epsrel 0
  epsabs 0
  flags 291
  seed 73
  mineval 1
  maxeval 1
  nstart 100000
  nincrease 50000
  nbatch 1000
  gridno 1
  statefile "vegas_last_iter"

Restoring state from vegas_last_iter.

Iteration 75:  146250000 integrand evaluations so far
[1] 13.5318 +- 0.0020414  	chisq 79.0672 (74 df)

Saving state to vegas_last_iter.
Vegas input parameters:
  ndim 11
  ncomp 1
  epsrel 0
  epsabs 0
  flags 291
  seed 74
  mineval 1
  maxeval 1
  nstart 100000
  nincrease 50000
  nbatch 1000
  gridno 1
  statefile "vegas_last_iter"

Restoring state from vegas_last_iter.

Iteration 76:  150100000 integrand evaluations so far
[1] 13.532 +- 0.00201472  	chisq 79.423 (75 df)

Saving state to vegas_last_iter.
Vegas input parameters:
  ndim 11
  ncomp 1
  epsrel 0
  epsabs 0
  flags 291
  seed 75
  mineval 1
  maxeval 1
  nstart 100000
  nincrease 50000
  nbatch 1000
  gridno 1
  statefile "vegas_last_iter"

Restoring state from vegas_last_iter.

Iteration 77:  154000000 integrand evaluations so far
[1] 13.5318 +- 0.00199082  	chisq 79.9046 (76 df)

Saving state to vegas_last_iter.
Vegas input parameters:
  ndim 11
  ncomp 1
  epsrel 0
  epsabs 0
  flags 291
  seed 76
  mineval 1
  maxeval 1
  nstart 100000
  nincrease 50000
  nbatch 1000
  gridno 1
  statefile "vegas_last_iter"

Restoring state from vegas_last_iter.

Iteration 78:  157950000 integrand evaluations so far
[1] 13.5317 +- 0.00196563  	chisq 79.9309 (77 df)

Saving state to vegas_last_iter.
Vegas input parameters:
  ndim 11
  ncomp 1
  epsrel 0
  epsabs 0
  flags 291
  seed 77
  mineval 1
  maxeval 1
  nstart 100000
  nincrease 50000
  nbatch 1000
  gridno 1
  statefile "vegas_last_iter"

Restoring state from vegas_last_iter.

Iteration 79:  161950000 integrand evaluations so far
[1] 13.5319 +- 0.0019404  	chisq 80.238 (78 df)

Saving state to vegas_last_iter.
Vegas input parameters:
  ndim 11
  ncomp 1
  epsrel 0
  epsabs 0
  flags 291
  seed 78
  mineval 1
  maxeval 1
  nstart 100000
  nincrease 50000
  nbatch 1000
  gridno 1
  statefile "vegas_last_iter"

Restoring state from vegas_last_iter.

Iteration 80:  166000000 integrand evaluations so far
[1] 13.532 +- 0.00191501  	chisq 80.5197 (79 df)

Saving state to vegas_last_iter.
Vegas input parameters:
  ndim 11
  ncomp 1
  epsrel 0
  epsabs 0
  flags 291
  seed 79
  mineval 1
  maxeval 1
  nstart 100000
  nincrease 50000
  nbatch 1000
  gridno 1
  statefile "vegas_last_iter"

Restoring state from vegas_last_iter.

Iteration 81:  170100000 integrand evaluations so far
[1] 13.532 +- 0.00188999  	chisq 80.5204 (80 df)

Saving state to vegas_last_iter.
Vegas input parameters:
  ndim 11
  ncomp 1
  epsrel 0
  epsabs 0
  flags 291
  seed 80
  mineval 1
  maxeval 1
  nstart 100000
  nincrease 50000
  nbatch 1000
  gridno 1
  statefile "vegas_last_iter"

Restoring state from vegas_last_iter.

Iteration 82:  174250000 integrand evaluations so far
[1] 13.5321 +- 0.00187535  	chisq 80.5417 (81 df)

Saving state to vegas_last_iter.
Vegas input parameters:
  ndim 11
  ncomp 1
  epsrel 0
  epsabs 0
  flags 291
  seed 81
  mineval 1
  maxeval 1
  nstart 100000
  nincrease 50000
  nbatch 1000
  gridno 1
  statefile "vegas_last_iter"

Restoring state from vegas_last_iter.

Iteration 83:  178450000 integrand evaluations so far
[1] 13.5322 +- 0.00185902  	chisq 80.8151 (82 df)

Saving state to vegas_last_iter.
Vegas input parameters:
  ndim 11
  ncomp 1
  epsrel 0
  epsabs 0
  flags 291
  seed 82
  mineval 1
  maxeval 1
  nstart 100000
  nincrease 50000
  nbatch 1000
  gridno 1
  statefile "vegas_last_iter"

Restoring state from vegas_last_iter.

Iteration 84:  182700000 integrand evaluations so far
[1] 13.5323 +- 0.00183716  	chisq 81.0745 (83 df)

Saving state to vegas_last_iter.
Vegas input parameters:
  ndim 11
  ncomp 1
  epsrel 0
  epsabs 0
  flags 291
  seed 83
  mineval 1
  maxeval 1
  nstart 100000
  nincrease 50000
  nbatch 1000
  gridno 1
  statefile "vegas_last_iter"

Restoring state from vegas_last_iter.

Iteration 85:  187000000 integrand evaluations so far
[1] 13.5325 +- 0.00181278  	chisq 81.2122 (84 df)

Saving state to vegas_last_iter.
Vegas input parameters:
  ndim 11
  ncomp 1
  epsrel 0
  epsabs 0
  flags 291
  seed 84
  mineval 1
  maxeval 1
  nstart 100000
  nincrease 50000
  nbatch 1000
  gridno 1
  statefile "vegas_last_iter"

Restoring state from vegas_last_iter.

Iteration 86:  191350000 integrand evaluations so far
[1] 13.533 +- 0.00179099  	chisq 85.1485 (85 df)

Saving state to vegas_last_iter.
Vegas input parameters:
  ndim 11
  ncomp 1
  epsrel 0
  epsabs 0
  flags 291
  seed 85
  mineval 1
  maxeval 1
  nstart 100000
  nincrease 50000
  nbatch 1000
  gridno 1
  statefile "vegas_last_iter"

Restoring state from vegas_last_iter.

Iteration 87:  195750000 integrand evaluations so far
[1] 13.5335 +- 0.00176946  	chisq 88.5674 (86 df)

Saving state to vegas_last_iter.
Vegas input parameters:
  ndim 11
  ncomp 1
  epsrel 0
  epsabs 0
  flags 291
  seed 86
  mineval 1
  maxeval 1
  nstart 100000
  nincrease 50000
  nbatch 1000
  gridno 1
  statefile "vegas_last_iter"

Restoring state from vegas_last_iter.

Iteration 88:  200200000 integrand evaluations so far
[1] 13.5336 +- 0.00174636  	chisq 88.6871 (87 df)

Saving state to vegas_last_iter.
Thanks for using LHAPDF 6.1.6. Please make sure to cite the paper:
  Eur.Phys.J. C75 (2015) 3, 132  (http://arxiv.org/abs/1412.7420)
 method   =Vegas  
 nregions =           1
 neval    =   200200000
 fail     =           1
   13.5336259800     +-   0.174635567885E-02   p =    0.541
