LHAPDF 6.1.6 loading /ufrc/avery/dimi/hg2/lhapdf/LHAPDF-6.1.6/dimi/share/LHAPDF/CT14qed_inc_proton/CT14qed_inc_proton_0000.dat
CT14qed_inc_proton PDF set, member #0, version 1
LHAPDF 6.1.6 loading /ufrc/avery/dimi/hg2/lhapdf/LHAPDF-6.1.6/dimi/share/LHAPDF/CT14qed_inc_proton/CT14qed_inc_proton_0001.dat
CT14qed_inc_proton PDF set, member #1, version 1
LHAPDF 6.1.6 loading /ufrc/avery/dimi/hg2/lhapdf/LHAPDF-6.1.6/dimi/share/LHAPDF/CT14qed_inc_proton/CT14qed_inc_proton_0002.dat
CT14qed_inc_proton PDF set, member #2, version 1
LHAPDF 6.1.6 loading /ufrc/avery/dimi/hg2/lhapdf/LHAPDF-6.1.6/dimi/share/LHAPDF/CT14qed_inc_proton/CT14qed_inc_proton_0003.dat
CT14qed_inc_proton PDF set, member #3, version 1
LHAPDF 6.1.6 loading /ufrc/avery/dimi/hg2/lhapdf/LHAPDF-6.1.6/dimi/share/LHAPDF/CT14qed_inc_proton/CT14qed_inc_proton_0004.dat
CT14qed_inc_proton PDF set, member #4, version 1
LHAPDF 6.1.6 loading /ufrc/avery/dimi/hg2/lhapdf/LHAPDF-6.1.6/dimi/share/LHAPDF/CT14qed_inc_proton/CT14qed_inc_proton_0005.dat
CT14qed_inc_proton PDF set, member #5, version 1
LHAPDF 6.1.6 loading /ufrc/avery/dimi/hg2/lhapdf/LHAPDF-6.1.6/dimi/share/LHAPDF/CT14qed_inc_proton/CT14qed_inc_proton_0006.dat
CT14qed_inc_proton PDF set, member #6, version 1
LHAPDF 6.1.6 loading /ufrc/avery/dimi/hg2/lhapdf/LHAPDF-6.1.6/dimi/share/LHAPDF/CT14qed_inc_proton/CT14qed_inc_proton_0007.dat
CT14qed_inc_proton PDF set, member #7, version 1
LHAPDF 6.1.6 loading /ufrc/avery/dimi/hg2/lhapdf/LHAPDF-6.1.6/dimi/share/LHAPDF/CT14qed_inc_proton/CT14qed_inc_proton_0008.dat
CT14qed_inc_proton PDF set, member #8, version 1
LHAPDF 6.1.6 loading /ufrc/avery/dimi/hg2/lhapdf/LHAPDF-6.1.6/dimi/share/LHAPDF/CT14qed_inc_proton/CT14qed_inc_proton_0009.dat
CT14qed_inc_proton PDF set, member #9, version 1
LHAPDF 6.1.6 loading /ufrc/avery/dimi/hg2/lhapdf/LHAPDF-6.1.6/dimi/share/LHAPDF/CT14qed_inc_proton/CT14qed_inc_proton_0010.dat
CT14qed_inc_proton PDF set, member #10, version 1
LHAPDF 6.1.6 loading /ufrc/avery/dimi/hg2/lhapdf/LHAPDF-6.1.6/dimi/share/LHAPDF/CT14qed_inc_proton/CT14qed_inc_proton_0011.dat
CT14qed_inc_proton PDF set, member #11, version 1
LHAPDF 6.1.6 loading /ufrc/avery/dimi/hg2/lhapdf/LHAPDF-6.1.6/dimi/share/LHAPDF/CT14qed_inc_proton/CT14qed_inc_proton_0012.dat
CT14qed_inc_proton PDF set, member #12, version 1
LHAPDF 6.1.6 loading /ufrc/avery/dimi/hg2/lhapdf/LHAPDF-6.1.6/dimi/share/LHAPDF/CT14qed_inc_proton/CT14qed_inc_proton_0013.dat
CT14qed_inc_proton PDF set, member #13, version 1
LHAPDF 6.1.6 loading /ufrc/avery/dimi/hg2/lhapdf/LHAPDF-6.1.6/dimi/share/LHAPDF/CT14qed_inc_proton/CT14qed_inc_proton_0014.dat
CT14qed_inc_proton PDF set, member #14, version 1
LHAPDF 6.1.6 loading /ufrc/avery/dimi/hg2/lhapdf/LHAPDF-6.1.6/dimi/share/LHAPDF/CT14qed_inc_proton/CT14qed_inc_proton_0015.dat
CT14qed_inc_proton PDF set, member #15, version 1
LHAPDF 6.1.6 loading /ufrc/avery/dimi/hg2/lhapdf/LHAPDF-6.1.6/dimi/share/LHAPDF/CT14qed_inc_proton/CT14qed_inc_proton_0016.dat
CT14qed_inc_proton PDF set, member #16, version 1
LHAPDF 6.1.6 loading /ufrc/avery/dimi/hg2/lhapdf/LHAPDF-6.1.6/dimi/share/LHAPDF/CT14qed_inc_proton/CT14qed_inc_proton_0017.dat
CT14qed_inc_proton PDF set, member #17, version 1
LHAPDF 6.1.6 loading /ufrc/avery/dimi/hg2/lhapdf/LHAPDF-6.1.6/dimi/share/LHAPDF/CT14qed_inc_proton/CT14qed_inc_proton_0018.dat
CT14qed_inc_proton PDF set, member #18, version 1
LHAPDF 6.1.6 loading /ufrc/avery/dimi/hg2/lhapdf/LHAPDF-6.1.6/dimi/share/LHAPDF/CT14qed_inc_proton/CT14qed_inc_proton_0019.dat
CT14qed_inc_proton PDF set, member #19, version 1
LHAPDF 6.1.6 loading /ufrc/avery/dimi/hg2/lhapdf/LHAPDF-6.1.6/dimi/share/LHAPDF/CT14qed_inc_proton/CT14qed_inc_proton_0020.dat
CT14qed_inc_proton PDF set, member #20, version 1
LHAPDF 6.1.6 loading /ufrc/avery/dimi/hg2/lhapdf/LHAPDF-6.1.6/dimi/share/LHAPDF/CT14qed_inc_proton/CT14qed_inc_proton_0021.dat
CT14qed_inc_proton PDF set, member #21, version 1
LHAPDF 6.1.6 loading /ufrc/avery/dimi/hg2/lhapdf/LHAPDF-6.1.6/dimi/share/LHAPDF/CT14qed_inc_proton/CT14qed_inc_proton_0022.dat
CT14qed_inc_proton PDF set, member #22, version 1
LHAPDF 6.1.6 loading /ufrc/avery/dimi/hg2/lhapdf/LHAPDF-6.1.6/dimi/share/LHAPDF/CT14qed_inc_proton/CT14qed_inc_proton_0023.dat
CT14qed_inc_proton PDF set, member #23, version 1
LHAPDF 6.1.6 loading /ufrc/avery/dimi/hg2/lhapdf/LHAPDF-6.1.6/dimi/share/LHAPDF/CT14qed_inc_proton/CT14qed_inc_proton_0024.dat
CT14qed_inc_proton PDF set, member #24, version 1
LHAPDF 6.1.6 loading /ufrc/avery/dimi/hg2/lhapdf/LHAPDF-6.1.6/dimi/share/LHAPDF/CT14qed_inc_proton/CT14qed_inc_proton_0025.dat
CT14qed_inc_proton PDF set, member #25, version 1
LHAPDF 6.1.6 loading /ufrc/avery/dimi/hg2/lhapdf/LHAPDF-6.1.6/dimi/share/LHAPDF/CT14qed_inc_proton/CT14qed_inc_proton_0026.dat
CT14qed_inc_proton PDF set, member #26, version 1
LHAPDF 6.1.6 loading /ufrc/avery/dimi/hg2/lhapdf/LHAPDF-6.1.6/dimi/share/LHAPDF/CT14qed_inc_proton/CT14qed_inc_proton_0027.dat
CT14qed_inc_proton PDF set, member #27, version 1
LHAPDF 6.1.6 loading /ufrc/avery/dimi/hg2/lhapdf/LHAPDF-6.1.6/dimi/share/LHAPDF/CT14qed_inc_proton/CT14qed_inc_proton_0028.dat
CT14qed_inc_proton PDF set, member #28, version 1
LHAPDF 6.1.6 loading /ufrc/avery/dimi/hg2/lhapdf/LHAPDF-6.1.6/dimi/share/LHAPDF/CT14qed_inc_proton/CT14qed_inc_proton_0029.dat
CT14qed_inc_proton PDF set, member #29, version 1
LHAPDF 6.1.6 loading /ufrc/avery/dimi/hg2/lhapdf/LHAPDF-6.1.6/dimi/share/LHAPDF/CT14qed_inc_proton/CT14qed_inc_proton_0030.dat
CT14qed_inc_proton PDF set, member #30, version 1
Vegas input parameters:
  ndim 11
  ncomp 1
  epsrel 0
  epsabs 0
  flags 291
  seed 12
  mineval 1
  maxeval 1
  nstart 100000
  nincrease 50000
  nbatch 1000
  gridno 1
  statefile "vegas_last_iter"

Iteration 1:  100000 integrand evaluations so far
[1] 2.66094 +- 0.0211181  	chisq 0 (0 df)

Saving state to vegas_last_iter.
Vegas input parameters:
  ndim 11
  ncomp 1
  epsrel 0
  epsabs 0
  flags 291
  seed 13
  mineval 1
  maxeval 1
  nstart 100000
  nincrease 50000
  nbatch 1000
  gridno 1
  statefile "vegas_last_iter"

Restoring state from vegas_last_iter.

Iteration 2:  250000 integrand evaluations so far
[1] 2.68722 +- 0.00747308  	chisq 1.77073 (1 df)

Saving state to vegas_last_iter.
Vegas input parameters:
  ndim 11
  ncomp 1
  epsrel 0
  epsabs 0
  flags 291
  seed 14
  mineval 1
  maxeval 1
  nstart 100000
  nincrease 50000
  nbatch 1000
  gridno 1
  statefile "vegas_last_iter"

Restoring state from vegas_last_iter.

Iteration 3:  450000 integrand evaluations so far
[1] 2.692 +- 0.00473377  	chisq 2.45417 (2 df)

Saving state to vegas_last_iter.
Vegas input parameters:
  ndim 11
  ncomp 1
  epsrel 0
  epsabs 0
  flags 291
  seed 15
  mineval 1
  maxeval 1
  nstart 100000
  nincrease 50000
  nbatch 1000
  gridno 1
  statefile "vegas_last_iter"

Restoring state from vegas_last_iter.

Iteration 4:  700000 integrand evaluations so far
[1] 2.69796 +- 0.00355513  	chisq 6.09088 (3 df)

Saving state to vegas_last_iter.
Vegas input parameters:
  ndim 11
  ncomp 1
  epsrel 0
  epsabs 0
  flags 291
  seed 16
  mineval 1
  maxeval 1
  nstart 100000
  nincrease 50000
  nbatch 1000
  gridno 1
  statefile "vegas_last_iter"

Restoring state from vegas_last_iter.

Iteration 5:  1000000 integrand evaluations so far
[1] 2.69512 +- 0.00285184  	chisq 7.87933 (4 df)

Saving state to vegas_last_iter.
Vegas input parameters:
  ndim 11
  ncomp 1
  epsrel 0
  epsabs 0
  flags 291
  seed 17
  mineval 1
  maxeval 1
  nstart 100000
  nincrease 50000
  nbatch 1000
  gridno 1
  statefile "vegas_last_iter"

Restoring state from vegas_last_iter.

Iteration 6:  1350000 integrand evaluations so far
[1] 2.69549 +- 0.00239938  	chisq 7.93544 (5 df)

Saving state to vegas_last_iter.
Vegas input parameters:
  ndim 11
  ncomp 1
  epsrel 0
  epsabs 0
  flags 291
  seed 18
  mineval 1
  maxeval 1
  nstart 100000
  nincrease 50000
  nbatch 1000
  gridno 1
  statefile "vegas_last_iter"

Restoring state from vegas_last_iter.

Iteration 7:  1750000 integrand evaluations so far
[1] 2.69409 +- 0.00207529  	chisq 9.28867 (6 df)

Saving state to vegas_last_iter.
Vegas input parameters:
  ndim 11
  ncomp 1
  epsrel 0
  epsabs 0
  flags 291
  seed 19
  mineval 1
  maxeval 1
  nstart 100000
  nincrease 50000
  nbatch 1000
  gridno 1
  statefile "vegas_last_iter"

Restoring state from vegas_last_iter.

Iteration 8:  2200000 integrand evaluations so far
[1] 2.69448 +- 0.00183398  	chisq 9.45471 (7 df)

Saving state to vegas_last_iter.
Vegas input parameters:
  ndim 11
  ncomp 1
  epsrel 0
  epsabs 0
  flags 291
  seed 20
  mineval 1
  maxeval 1
  nstart 100000
  nincrease 50000
  nbatch 1000
  gridno 1
  statefile "vegas_last_iter"

Restoring state from vegas_last_iter.

Iteration 9:  2700000 integrand evaluations so far
[1] 2.69477 +- 0.00164323  	chisq 9.57667 (8 df)

Saving state to vegas_last_iter.
Vegas input parameters:
  ndim 11
  ncomp 1
  epsrel 0
  epsabs 0
  flags 291
  seed 21
  mineval 1
  maxeval 1
  nstart 100000
  nincrease 50000
  nbatch 1000
  gridno 1
  statefile "vegas_last_iter"

Restoring state from vegas_last_iter.

Iteration 10:  3250000 integrand evaluations so far
[1] 2.69536 +- 0.00148881  	chisq 10.2981 (9 df)

Saving state to vegas_last_iter.
Vegas input parameters:
  ndim 11
  ncomp 1
  epsrel 0
  epsabs 0
  flags 291
  seed 22
  mineval 1
  maxeval 1
  nstart 100000
  nincrease 50000
  nbatch 1000
  gridno 1
  statefile "vegas_last_iter"

Restoring state from vegas_last_iter.

Iteration 11:  3850000 integrand evaluations so far
[1] 2.69497 +- 0.0013625  	chisq 10.7243 (10 df)

Saving state to vegas_last_iter.
Vegas input parameters:
  ndim 11
  ncomp 1
  epsrel 0
  epsabs 0
  flags 291
  seed 23
  mineval 1
  maxeval 1
  nstart 100000
  nincrease 50000
  nbatch 1000
  gridno 1
  statefile "vegas_last_iter"

Restoring state from vegas_last_iter.

Iteration 12:  4500000 integrand evaluations so far
[1] 2.69467 +- 0.00125573  	chisq 11.031 (11 df)

Saving state to vegas_last_iter.
Vegas input parameters:
  ndim 11
  ncomp 1
  epsrel 0
  epsabs 0
  flags 291
  seed 24
  mineval 1
  maxeval 1
  nstart 100000
  nincrease 50000
  nbatch 1000
  gridno 1
  statefile "vegas_last_iter"

Restoring state from vegas_last_iter.

Iteration 13:  5200000 integrand evaluations so far
[1] 2.69421 +- 0.00116595  	chisq 11.9994 (12 df)

Saving state to vegas_last_iter.
Vegas input parameters:
  ndim 11
  ncomp 1
  epsrel 0
  epsabs 0
  flags 291
  seed 25
  mineval 1
  maxeval 1
  nstart 100000
  nincrease 50000
  nbatch 1000
  gridno 1
  statefile "vegas_last_iter"

Restoring state from vegas_last_iter.

Iteration 14:  5950000 integrand evaluations so far
[1] 2.69422 +- 0.00108766  	chisq 11.9995 (13 df)

Saving state to vegas_last_iter.
Vegas input parameters:
  ndim 11
  ncomp 1
  epsrel 0
  epsabs 0
  flags 291
  seed 26
  mineval 1
  maxeval 1
  nstart 100000
  nincrease 50000
  nbatch 1000
  gridno 1
  statefile "vegas_last_iter"

Restoring state from vegas_last_iter.

Iteration 15:  6750000 integrand evaluations so far
[1] 2.69413 +- 0.00101901  	chisq 12.0496 (14 df)

Saving state to vegas_last_iter.
Vegas input parameters:
  ndim 11
  ncomp 1
  epsrel 0
  epsabs 0
  flags 291
  seed 27
  mineval 1
  maxeval 1
  nstart 100000
  nincrease 50000
  nbatch 1000
  gridno 1
  statefile "vegas_last_iter"

Restoring state from vegas_last_iter.

Iteration 16:  7600000 integrand evaluations so far
[1] 2.69418 +- 0.000958606  	chisq 12.0665 (15 df)

Saving state to vegas_last_iter.
Vegas input parameters:
  ndim 11
  ncomp 1
  epsrel 0
  epsabs 0
  flags 291
  seed 28
  mineval 1
  maxeval 1
  nstart 100000
  nincrease 50000
  nbatch 1000
  gridno 1
  statefile "vegas_last_iter"

Restoring state from vegas_last_iter.

Iteration 17:  8500000 integrand evaluations so far
[1] 2.69396 +- 0.000905235  	chisq 12.5522 (16 df)

Saving state to vegas_last_iter.
Vegas input parameters:
  ndim 11
  ncomp 1
  epsrel 0
  epsabs 0
  flags 291
  seed 29
  mineval 1
  maxeval 1
  nstart 100000
  nincrease 50000
  nbatch 1000
  gridno 1
  statefile "vegas_last_iter"

Restoring state from vegas_last_iter.

Iteration 18:  9450000 integrand evaluations so far
[1] 2.69403 +- 0.000857421  	chisq 12.6149 (17 df)

Saving state to vegas_last_iter.
Vegas input parameters:
  ndim 11
  ncomp 1
  epsrel 0
  epsabs 0
  flags 291
  seed 30
  mineval 1
  maxeval 1
  nstart 100000
  nincrease 50000
  nbatch 1000
  gridno 1
  statefile "vegas_last_iter"

Restoring state from vegas_last_iter.

Iteration 19:  10450000 integrand evaluations so far
[1] 2.69371 +- 0.00081432  	chisq 14.0175 (18 df)

Saving state to vegas_last_iter.
Vegas input parameters:
  ndim 11
  ncomp 1
  epsrel 0
  epsabs 0
  flags 291
  seed 31
  mineval 1
  maxeval 1
  nstart 100000
  nincrease 50000
  nbatch 1000
  gridno 1
  statefile "vegas_last_iter"

Restoring state from vegas_last_iter.

Iteration 20:  11500000 integrand evaluations so far
[1] 2.69355 +- 0.000775477  	chisq 14.453 (19 df)

Saving state to vegas_last_iter.
Vegas input parameters:
  ndim 11
  ncomp 1
  epsrel 0
  epsabs 0
  flags 291
  seed 32
  mineval 1
  maxeval 1
  nstart 100000
  nincrease 50000
  nbatch 1000
  gridno 1
  statefile "vegas_last_iter"

Restoring state from vegas_last_iter.

Iteration 21:  12600000 integrand evaluations so far
[1] 2.69398 +- 0.000740309  	chisq 18.0243 (20 df)

Saving state to vegas_last_iter.
Vegas input parameters:
  ndim 11
  ncomp 1
  epsrel 0
  epsabs 0
  flags 291
  seed 33
  mineval 1
  maxeval 1
  nstart 100000
  nincrease 50000
  nbatch 1000
  gridno 1
  statefile "vegas_last_iter"

Restoring state from vegas_last_iter.

Iteration 22:  13750000 integrand evaluations so far
[1] 2.69419 +- 0.000708221  	chisq 18.9079 (21 df)

Saving state to vegas_last_iter.
Vegas input parameters:
  ndim 11
  ncomp 1
  epsrel 0
  epsabs 0
  flags 291
  seed 34
  mineval 1
  maxeval 1
  nstart 100000
  nincrease 50000
  nbatch 1000
  gridno 1
  statefile "vegas_last_iter"

Restoring state from vegas_last_iter.

Iteration 23:  14950000 integrand evaluations so far
[1] 2.69441 +- 0.000678826  	chisq 20.0781 (22 df)

Saving state to vegas_last_iter.
Vegas input parameters:
  ndim 11
  ncomp 1
  epsrel 0
  epsabs 0
  flags 291
  seed 35
  mineval 1
  maxeval 1
  nstart 100000
  nincrease 50000
  nbatch 1000
  gridno 1
  statefile "vegas_last_iter"

Restoring state from vegas_last_iter.

Iteration 24:  16200000 integrand evaluations so far
[1] 2.69416 +- 0.000651689  	chisq 21.7197 (23 df)

Saving state to vegas_last_iter.
Vegas input parameters:
  ndim 11
  ncomp 1
  epsrel 0
  epsabs 0
  flags 291
  seed 36
  mineval 1
  maxeval 1
  nstart 100000
  nincrease 50000
  nbatch 1000
  gridno 1
  statefile "vegas_last_iter"

Restoring state from vegas_last_iter.

Iteration 25:  17500000 integrand evaluations so far
[1] 2.69409 +- 0.00062693  	chisq 21.8765 (24 df)

Saving state to vegas_last_iter.
Vegas input parameters:
  ndim 11
  ncomp 1
  epsrel 0
  epsabs 0
  flags 291
  seed 37
  mineval 1
  maxeval 1
  nstart 100000
  nincrease 50000
  nbatch 1000
  gridno 1
  statefile "vegas_last_iter"

Restoring state from vegas_last_iter.

Iteration 26:  18850000 integrand evaluations so far
[1] 2.6942 +- 0.000603866  	chisq 22.2809 (25 df)

Saving state to vegas_last_iter.
Vegas input parameters:
  ndim 11
  ncomp 1
  epsrel 0
  epsabs 0
  flags 291
  seed 38
  mineval 1
  maxeval 1
  nstart 100000
  nincrease 50000
  nbatch 1000
  gridno 1
  statefile "vegas_last_iter"

Restoring state from vegas_last_iter.

Iteration 27:  20250000 integrand evaluations so far
[1] 2.69413 +- 0.000582344  	chisq 22.4432 (26 df)

Saving state to vegas_last_iter.
Vegas input parameters:
  ndim 11
  ncomp 1
  epsrel 0
  epsabs 0
  flags 291
  seed 39
  mineval 1
  maxeval 1
  nstart 100000
  nincrease 50000
  nbatch 1000
  gridno 1
  statefile "vegas_last_iter"

Restoring state from vegas_last_iter.

Iteration 28:  21700000 integrand evaluations so far
[1] 2.6942 +- 0.000562218  	chisq 22.606 (27 df)

Saving state to vegas_last_iter.
Vegas input parameters:
  ndim 11
  ncomp 1
  epsrel 0
  epsabs 0
  flags 291
  seed 40
  mineval 1
  maxeval 1
  nstart 100000
  nincrease 50000
  nbatch 1000
  gridno 1
  statefile "vegas_last_iter"

Restoring state from vegas_last_iter.

Iteration 29:  23200000 integrand evaluations so far
[1] 2.69396 +- 0.00054349  	chisq 25.2709 (28 df)

Saving state to vegas_last_iter.
Vegas input parameters:
  ndim 11
  ncomp 1
  epsrel 0
  epsabs 0
  flags 291
  seed 41
  mineval 1
  maxeval 1
  nstart 100000
  nincrease 50000
  nbatch 1000
  gridno 1
  statefile "vegas_last_iter"

Restoring state from vegas_last_iter.

Iteration 30:  24750000 integrand evaluations so far
[1] 2.69396 +- 0.00052598  	chisq 25.271 (29 df)

Saving state to vegas_last_iter.
Vegas input parameters:
  ndim 11
  ncomp 1
  epsrel 0
  epsabs 0
  flags 291
  seed 42
  mineval 1
  maxeval 1
  nstart 100000
  nincrease 50000
  nbatch 1000
  gridno 1
  statefile "vegas_last_iter"

Restoring state from vegas_last_iter.

Iteration 31:  26350000 integrand evaluations so far
[1] 2.69398 +- 0.000509654  	chisq 25.2967 (30 df)

Saving state to vegas_last_iter.
Vegas input parameters:
  ndim 11
  ncomp 1
  epsrel 0
  epsabs 0
  flags 291
  seed 43
  mineval 1
  maxeval 1
  nstart 100000
  nincrease 50000
  nbatch 1000
  gridno 1
  statefile "vegas_last_iter"

Restoring state from vegas_last_iter.

Iteration 32:  28000000 integrand evaluations so far
[1] 2.69399 +- 0.000494299  	chisq 25.3004 (31 df)

Saving state to vegas_last_iter.
Vegas input parameters:
  ndim 11
  ncomp 1
  epsrel 0
  epsabs 0
  flags 291
  seed 44
  mineval 1
  maxeval 1
  nstart 100000
  nincrease 50000
  nbatch 1000
  gridno 1
  statefile "vegas_last_iter"

Restoring state from vegas_last_iter.

Iteration 33:  29700000 integrand evaluations so far
[1] 2.69419 +- 0.000479888  	chisq 28.1543 (32 df)

Saving state to vegas_last_iter.
Vegas input parameters:
  ndim 11
  ncomp 1
  epsrel 0
  epsabs 0
  flags 291
  seed 45
  mineval 1
  maxeval 1
  nstart 100000
  nincrease 50000
  nbatch 1000
  gridno 1
  statefile "vegas_last_iter"

Restoring state from vegas_last_iter.

Iteration 34:  31450000 integrand evaluations so far
[1] 2.69416 +- 0.000466162  	chisq 28.1985 (33 df)

Saving state to vegas_last_iter.
Vegas input parameters:
  ndim 11
  ncomp 1
  epsrel 0
  epsabs 0
  flags 291
  seed 46
  mineval 1
  maxeval 1
  nstart 100000
  nincrease 50000
  nbatch 1000
  gridno 1
  statefile "vegas_last_iter"

Restoring state from vegas_last_iter.

Iteration 35:  33250000 integrand evaluations so far
[1] 2.69424 +- 0.000453217  	chisq 28.7285 (34 df)

Saving state to vegas_last_iter.
Vegas input parameters:
  ndim 11
  ncomp 1
  epsrel 0
  epsabs 0
  flags 291
  seed 47
  mineval 1
  maxeval 1
  nstart 100000
  nincrease 50000
  nbatch 1000
  gridno 1
  statefile "vegas_last_iter"

Restoring state from vegas_last_iter.

Iteration 36:  35100000 integrand evaluations so far
[1] 2.69424 +- 0.000441024  	chisq 28.7288 (35 df)

Saving state to vegas_last_iter.
Vegas input parameters:
  ndim 11
  ncomp 1
  epsrel 0
  epsabs 0
  flags 291
  seed 48
  mineval 1
  maxeval 1
  nstart 100000
  nincrease 50000
  nbatch 1000
  gridno 1
  statefile "vegas_last_iter"

Restoring state from vegas_last_iter.

Iteration 37:  37000000 integrand evaluations so far
[1] 2.69428 +- 0.000429477  	chisq 28.8703 (36 df)

Saving state to vegas_last_iter.
Vegas input parameters:
  ndim 11
  ncomp 1
  epsrel 0
  epsabs 0
  flags 291
  seed 49
  mineval 1
  maxeval 1
  nstart 100000
  nincrease 50000
  nbatch 1000
  gridno 1
  statefile "vegas_last_iter"

Restoring state from vegas_last_iter.

Iteration 38:  38950000 integrand evaluations so far
[1] 2.69429 +- 0.000418566  	chisq 28.8855 (37 df)

Saving state to vegas_last_iter.
Vegas input parameters:
  ndim 11
  ncomp 1
  epsrel 0
  epsabs 0
  flags 291
  seed 50
  mineval 1
  maxeval 1
  nstart 100000
  nincrease 50000
  nbatch 1000
  gridno 1
  statefile "vegas_last_iter"

Restoring state from vegas_last_iter.

Iteration 39:  40950000 integrand evaluations so far
[1] 2.69421 +- 0.000408137  	chisq 29.7989 (38 df)

Saving state to vegas_last_iter.
Vegas input parameters:
  ndim 11
  ncomp 1
  epsrel 0
  epsabs 0
  flags 291
  seed 51
  mineval 1
  maxeval 1
  nstart 100000
  nincrease 50000
  nbatch 1000
  gridno 1
  statefile "vegas_last_iter"

Restoring state from vegas_last_iter.

Iteration 40:  43000000 integrand evaluations so far
[1] 2.6942 +- 0.000398164  	chisq 29.8003 (39 df)

Saving state to vegas_last_iter.
Vegas input parameters:
  ndim 11
  ncomp 1
  epsrel 0
  epsabs 0
  flags 291
  seed 52
  mineval 1
  maxeval 1
  nstart 100000
  nincrease 50000
  nbatch 1000
  gridno 1
  statefile "vegas_last_iter"

Restoring state from vegas_last_iter.

Iteration 41:  45100000 integrand evaluations so far
[1] 2.69414 +- 0.000388745  	chisq 30.2823 (40 df)

Saving state to vegas_last_iter.
Vegas input parameters:
  ndim 11
  ncomp 1
  epsrel 0
  epsabs 0
  flags 291
  seed 53
  mineval 1
  maxeval 1
  nstart 100000
  nincrease 50000
  nbatch 1000
  gridno 1
  statefile "vegas_last_iter"

Restoring state from vegas_last_iter.

Iteration 42:  47250000 integrand evaluations so far
[1] 2.69419 +- 0.000379764  	chisq 30.6465 (41 df)

Saving state to vegas_last_iter.
Vegas input parameters:
  ndim 11
  ncomp 1
  epsrel 0
  epsabs 0
  flags 291
  seed 54
  mineval 1
  maxeval 1
  nstart 100000
  nincrease 50000
  nbatch 1000
  gridno 1
  statefile "vegas_last_iter"

Restoring state from vegas_last_iter.

Iteration 43:  49450000 integrand evaluations so far
[1] 2.69412 +- 0.000371213  	chisq 31.4057 (42 df)

Saving state to vegas_last_iter.
Vegas input parameters:
  ndim 11
  ncomp 1
  epsrel 0
  epsabs 0
  flags 291
  seed 55
  mineval 1
  maxeval 1
  nstart 100000
  nincrease 50000
  nbatch 1000
  gridno 1
  statefile "vegas_last_iter"

Restoring state from vegas_last_iter.

Iteration 44:  51700000 integrand evaluations so far
[1] 2.69405 +- 0.000362971  	chisq 32.3121 (43 df)

Saving state to vegas_last_iter.
Vegas input parameters:
  ndim 11
  ncomp 1
  epsrel 0
  epsabs 0
  flags 291
  seed 56
  mineval 1
  maxeval 1
  nstart 100000
  nincrease 50000
  nbatch 1000
  gridno 1
  statefile "vegas_last_iter"

Restoring state from vegas_last_iter.

Iteration 45:  54000000 integrand evaluations so far
[1] 2.69402 +- 0.000355108  	chisq 32.474 (44 df)

Saving state to vegas_last_iter.
Vegas input parameters:
  ndim 11
  ncomp 1
  epsrel 0
  epsabs 0
  flags 291
  seed 57
  mineval 1
  maxeval 1
  nstart 100000
  nincrease 50000
  nbatch 1000
  gridno 1
  statefile "vegas_last_iter"

Restoring state from vegas_last_iter.

Iteration 46:  56350000 integrand evaluations so far
[1] 2.69398 +- 0.000347573  	chisq 32.7199 (45 df)

Saving state to vegas_last_iter.
Vegas input parameters:
  ndim 11
  ncomp 1
  epsrel 0
  epsabs 0
  flags 291
  seed 58
  mineval 1
  maxeval 1
  nstart 100000
  nincrease 50000
  nbatch 1000
  gridno 1
  statefile "vegas_last_iter"

Restoring state from vegas_last_iter.

Iteration 47:  58750000 integrand evaluations so far
[1] 2.69387 +- 0.000340308  	chisq 35.0482 (46 df)

Saving state to vegas_last_iter.
Vegas input parameters:
  ndim 11
  ncomp 1
  epsrel 0
  epsabs 0
  flags 291
  seed 59
  mineval 1
  maxeval 1
  nstart 100000
  nincrease 50000
  nbatch 1000
  gridno 1
  statefile "vegas_last_iter"

Restoring state from vegas_last_iter.

Iteration 48:  61200000 integrand evaluations so far
[1] 2.69381 +- 0.000333373  	chisq 35.894 (47 df)

Saving state to vegas_last_iter.
Vegas input parameters:
  ndim 11
  ncomp 1
  epsrel 0
  epsabs 0
  flags 291
  seed 60
  mineval 1
  maxeval 1
  nstart 100000
  nincrease 50000
  nbatch 1000
  gridno 1
  statefile "vegas_last_iter"

Restoring state from vegas_last_iter.

Iteration 49:  63700000 integrand evaluations so far
[1] 2.69381 +- 0.000326703  	chisq 35.8941 (48 df)

Saving state to vegas_last_iter.
Vegas input parameters:
  ndim 11
  ncomp 1
  epsrel 0
  epsabs 0
  flags 291
  seed 61
  mineval 1
  maxeval 1
  nstart 100000
  nincrease 50000
  nbatch 1000
  gridno 1
  statefile "vegas_last_iter"

Restoring state from vegas_last_iter.

Iteration 50:  66250000 integrand evaluations so far
[1] 2.69388 +- 0.000320343  	chisq 37.2051 (49 df)

Saving state to vegas_last_iter.
Vegas input parameters:
  ndim 11
  ncomp 1
  epsrel 0
  epsabs 0
  flags 291
  seed 62
  mineval 1
  maxeval 1
  nstart 100000
  nincrease 50000
  nbatch 1000
  gridno 1
  statefile "vegas_last_iter"

Restoring state from vegas_last_iter.

Iteration 51:  68850000 integrand evaluations so far
[1] 2.69394 +- 0.000314258  	chisq 38.112 (50 df)

Saving state to vegas_last_iter.
Vegas input parameters:
  ndim 11
  ncomp 1
  epsrel 0
  epsabs 0
  flags 291
  seed 63
  mineval 1
  maxeval 1
  nstart 100000
  nincrease 50000
  nbatch 1000
  gridno 1
  statefile "vegas_last_iter"

Restoring state from vegas_last_iter.

Iteration 52:  71500000 integrand evaluations so far
[1] 2.69393 +- 0.000308361  	chisq 38.2052 (51 df)

Saving state to vegas_last_iter.
Vegas input parameters:
  ndim 11
  ncomp 1
  epsrel 0
  epsabs 0
  flags 291
  seed 64
  mineval 1
  maxeval 1
  nstart 100000
  nincrease 50000
  nbatch 1000
  gridno 1
  statefile "vegas_last_iter"

Restoring state from vegas_last_iter.

Iteration 53:  74200000 integrand evaluations so far
[1] 2.69379 +- 0.000302698  	chisq 43.7739 (52 df)

Saving state to vegas_last_iter.
Vegas input parameters:
  ndim 11
  ncomp 1
  epsrel 0
  epsabs 0
  flags 291
  seed 65
  mineval 1
  maxeval 1
  nstart 100000
  nincrease 50000
  nbatch 1000
  gridno 1
  statefile "vegas_last_iter"

Restoring state from vegas_last_iter.

Iteration 54:  76950000 integrand evaluations so far
[1] 2.69382 +- 0.000297244  	chisq 44.1075 (53 df)

Saving state to vegas_last_iter.
Vegas input parameters:
  ndim 11
  ncomp 1
  epsrel 0
  epsabs 0
  flags 291
  seed 66
  mineval 1
  maxeval 1
  nstart 100000
  nincrease 50000
  nbatch 1000
  gridno 1
  statefile "vegas_last_iter"

Restoring state from vegas_last_iter.

Iteration 55:  79750000 integrand evaluations so far
[1] 2.69383 +- 0.000291982  	chisq 44.1696 (54 df)

Saving state to vegas_last_iter.
Vegas input parameters:
  ndim 11
  ncomp 1
  epsrel 0
  epsabs 0
  flags 291
  seed 67
  mineval 1
  maxeval 1
  nstart 100000
  nincrease 50000
  nbatch 1000
  gridno 1
  statefile "vegas_last_iter"

Restoring state from vegas_last_iter.

Iteration 56:  82600000 integrand evaluations so far
[1] 2.69393 +- 0.000286895  	chisq 47.3957 (55 df)

Saving state to vegas_last_iter.
Vegas input parameters:
  ndim 11
  ncomp 1
  epsrel 0
  epsabs 0
  flags 291
  seed 68
  mineval 1
  maxeval 1
  nstart 100000
  nincrease 50000
  nbatch 1000
  gridno 1
  statefile "vegas_last_iter"

Restoring state from vegas_last_iter.

Iteration 57:  85500000 integrand evaluations so far
[1] 2.6939 +- 0.00028197  	chisq 47.6814 (56 df)

Saving state to vegas_last_iter.
Vegas input parameters:
  ndim 11
  ncomp 1
  epsrel 0
  epsabs 0
  flags 291
  seed 69
  mineval 1
  maxeval 1
  nstart 100000
  nincrease 50000
  nbatch 1000
  gridno 1
  statefile "vegas_last_iter"

Restoring state from vegas_last_iter.

Iteration 58:  88450000 integrand evaluations so far
[1] 2.69393 +- 0.000277207  	chisq 48.0634 (57 df)

Saving state to vegas_last_iter.
Vegas input parameters:
  ndim 11
  ncomp 1
  epsrel 0
  epsabs 0
  flags 291
  seed 70
  mineval 1
  maxeval 1
  nstart 100000
  nincrease 50000
  nbatch 1000
  gridno 1
  statefile "vegas_last_iter"

Restoring state from vegas_last_iter.

Iteration 59:  91450000 integrand evaluations so far
[1] 2.69393 +- 0.000272623  	chisq 48.0976 (58 df)

Saving state to vegas_last_iter.
Vegas input parameters:
  ndim 11
  ncomp 1
  epsrel 0
  epsabs 0
  flags 291
  seed 71
  mineval 1
  maxeval 1
  nstart 100000
  nincrease 50000
  nbatch 1000
  gridno 1
  statefile "vegas_last_iter"

Restoring state from vegas_last_iter.

Iteration 60:  94500000 integrand evaluations so far
[1] 2.694 +- 0.000268197  	chisq 50.1419 (59 df)

Saving state to vegas_last_iter.
Thanks for using LHAPDF 6.1.6. Please make sure to cite the paper:
  Eur.Phys.J. C75 (2015) 3, 132  (http://arxiv.org/abs/1412.7420)
