LHAPDF 6.1.6 loading /ufrc/avery/dimi/hg2/lhapdf/LHAPDF-6.1.6/dimi/share/LHAPDF/LUXqed_plus_PDF4LHC15_nnlo_100/LUXqed_plus_PDF4LHC15_nnlo_100_0000.dat
LUXqed_plus_PDF4LHC15_nnlo_100 PDF set, member #0, version 10001
LHAPDF 6.1.6 loading /ufrc/avery/dimi/hg2/lhapdf/LHAPDF-6.1.6/dimi/share/LHAPDF/LUXqed_plus_PDF4LHC15_nnlo_100/LUXqed_plus_PDF4LHC15_nnlo_100_0001.dat
LUXqed_plus_PDF4LHC15_nnlo_100 PDF set, member #1, version 10001
LHAPDF 6.1.6 loading /ufrc/avery/dimi/hg2/lhapdf/LHAPDF-6.1.6/dimi/share/LHAPDF/LUXqed_plus_PDF4LHC15_nnlo_100/LUXqed_plus_PDF4LHC15_nnlo_100_0002.dat
LUXqed_plus_PDF4LHC15_nnlo_100 PDF set, member #2, version 10001
LHAPDF 6.1.6 loading /ufrc/avery/dimi/hg2/lhapdf/LHAPDF-6.1.6/dimi/share/LHAPDF/LUXqed_plus_PDF4LHC15_nnlo_100/LUXqed_plus_PDF4LHC15_nnlo_100_0003.dat
LUXqed_plus_PDF4LHC15_nnlo_100 PDF set, member #3, version 10001
LHAPDF 6.1.6 loading /ufrc/avery/dimi/hg2/lhapdf/LHAPDF-6.1.6/dimi/share/LHAPDF/LUXqed_plus_PDF4LHC15_nnlo_100/LUXqed_plus_PDF4LHC15_nnlo_100_0004.dat
LUXqed_plus_PDF4LHC15_nnlo_100 PDF set, member #4, version 10001
LHAPDF 6.1.6 loading /ufrc/avery/dimi/hg2/lhapdf/LHAPDF-6.1.6/dimi/share/LHAPDF/LUXqed_plus_PDF4LHC15_nnlo_100/LUXqed_plus_PDF4LHC15_nnlo_100_0005.dat
LUXqed_plus_PDF4LHC15_nnlo_100 PDF set, member #5, version 10001
LHAPDF 6.1.6 loading /ufrc/avery/dimi/hg2/lhapdf/LHAPDF-6.1.6/dimi/share/LHAPDF/LUXqed_plus_PDF4LHC15_nnlo_100/LUXqed_plus_PDF4LHC15_nnlo_100_0006.dat
LUXqed_plus_PDF4LHC15_nnlo_100 PDF set, member #6, version 10001
LHAPDF 6.1.6 loading /ufrc/avery/dimi/hg2/lhapdf/LHAPDF-6.1.6/dimi/share/LHAPDF/LUXqed_plus_PDF4LHC15_nnlo_100/LUXqed_plus_PDF4LHC15_nnlo_100_0007.dat
LUXqed_plus_PDF4LHC15_nnlo_100 PDF set, member #7, version 10001
LHAPDF 6.1.6 loading /ufrc/avery/dimi/hg2/lhapdf/LHAPDF-6.1.6/dimi/share/LHAPDF/LUXqed_plus_PDF4LHC15_nnlo_100/LUXqed_plus_PDF4LHC15_nnlo_100_0008.dat
LUXqed_plus_PDF4LHC15_nnlo_100 PDF set, member #8, version 10001
LHAPDF 6.1.6 loading /ufrc/avery/dimi/hg2/lhapdf/LHAPDF-6.1.6/dimi/share/LHAPDF/LUXqed_plus_PDF4LHC15_nnlo_100/LUXqed_plus_PDF4LHC15_nnlo_100_0009.dat
LUXqed_plus_PDF4LHC15_nnlo_100 PDF set, member #9, version 10001
LHAPDF 6.1.6 loading /ufrc/avery/dimi/hg2/lhapdf/LHAPDF-6.1.6/dimi/share/LHAPDF/LUXqed_plus_PDF4LHC15_nnlo_100/LUXqed_plus_PDF4LHC15_nnlo_100_0010.dat
LUXqed_plus_PDF4LHC15_nnlo_100 PDF set, member #10, version 10001
LHAPDF 6.1.6 loading /ufrc/avery/dimi/hg2/lhapdf/LHAPDF-6.1.6/dimi/share/LHAPDF/LUXqed_plus_PDF4LHC15_nnlo_100/LUXqed_plus_PDF4LHC15_nnlo_100_0011.dat
LUXqed_plus_PDF4LHC15_nnlo_100 PDF set, member #11, version 10001
LHAPDF 6.1.6 loading /ufrc/avery/dimi/hg2/lhapdf/LHAPDF-6.1.6/dimi/share/LHAPDF/LUXqed_plus_PDF4LHC15_nnlo_100/LUXqed_plus_PDF4LHC15_nnlo_100_0012.dat
LUXqed_plus_PDF4LHC15_nnlo_100 PDF set, member #12, version 10001
LHAPDF 6.1.6 loading /ufrc/avery/dimi/hg2/lhapdf/LHAPDF-6.1.6/dimi/share/LHAPDF/LUXqed_plus_PDF4LHC15_nnlo_100/LUXqed_plus_PDF4LHC15_nnlo_100_0013.dat
LUXqed_plus_PDF4LHC15_nnlo_100 PDF set, member #13, version 10001
LHAPDF 6.1.6 loading /ufrc/avery/dimi/hg2/lhapdf/LHAPDF-6.1.6/dimi/share/LHAPDF/LUXqed_plus_PDF4LHC15_nnlo_100/LUXqed_plus_PDF4LHC15_nnlo_100_0014.dat
LUXqed_plus_PDF4LHC15_nnlo_100 PDF set, member #14, version 10001
LHAPDF 6.1.6 loading /ufrc/avery/dimi/hg2/lhapdf/LHAPDF-6.1.6/dimi/share/LHAPDF/LUXqed_plus_PDF4LHC15_nnlo_100/LUXqed_plus_PDF4LHC15_nnlo_100_0015.dat
LUXqed_plus_PDF4LHC15_nnlo_100 PDF set, member #15, version 10001
LHAPDF 6.1.6 loading /ufrc/avery/dimi/hg2/lhapdf/LHAPDF-6.1.6/dimi/share/LHAPDF/LUXqed_plus_PDF4LHC15_nnlo_100/LUXqed_plus_PDF4LHC15_nnlo_100_0016.dat
LUXqed_plus_PDF4LHC15_nnlo_100 PDF set, member #16, version 10001
LHAPDF 6.1.6 loading /ufrc/avery/dimi/hg2/lhapdf/LHAPDF-6.1.6/dimi/share/LHAPDF/LUXqed_plus_PDF4LHC15_nnlo_100/LUXqed_plus_PDF4LHC15_nnlo_100_0017.dat
LUXqed_plus_PDF4LHC15_nnlo_100 PDF set, member #17, version 10001
LHAPDF 6.1.6 loading /ufrc/avery/dimi/hg2/lhapdf/LHAPDF-6.1.6/dimi/share/LHAPDF/LUXqed_plus_PDF4LHC15_nnlo_100/LUXqed_plus_PDF4LHC15_nnlo_100_0018.dat
LUXqed_plus_PDF4LHC15_nnlo_100 PDF set, member #18, version 10001
LHAPDF 6.1.6 loading /ufrc/avery/dimi/hg2/lhapdf/LHAPDF-6.1.6/dimi/share/LHAPDF/LUXqed_plus_PDF4LHC15_nnlo_100/LUXqed_plus_PDF4LHC15_nnlo_100_0019.dat
LUXqed_plus_PDF4LHC15_nnlo_100 PDF set, member #19, version 10001
LHAPDF 6.1.6 loading /ufrc/avery/dimi/hg2/lhapdf/LHAPDF-6.1.6/dimi/share/LHAPDF/LUXqed_plus_PDF4LHC15_nnlo_100/LUXqed_plus_PDF4LHC15_nnlo_100_0020.dat
LUXqed_plus_PDF4LHC15_nnlo_100 PDF set, member #20, version 10001
LHAPDF 6.1.6 loading /ufrc/avery/dimi/hg2/lhapdf/LHAPDF-6.1.6/dimi/share/LHAPDF/LUXqed_plus_PDF4LHC15_nnlo_100/LUXqed_plus_PDF4LHC15_nnlo_100_0021.dat
LUXqed_plus_PDF4LHC15_nnlo_100 PDF set, member #21, version 10001
LHAPDF 6.1.6 loading /ufrc/avery/dimi/hg2/lhapdf/LHAPDF-6.1.6/dimi/share/LHAPDF/LUXqed_plus_PDF4LHC15_nnlo_100/LUXqed_plus_PDF4LHC15_nnlo_100_0022.dat
LUXqed_plus_PDF4LHC15_nnlo_100 PDF set, member #22, version 10001
LHAPDF 6.1.6 loading /ufrc/avery/dimi/hg2/lhapdf/LHAPDF-6.1.6/dimi/share/LHAPDF/LUXqed_plus_PDF4LHC15_nnlo_100/LUXqed_plus_PDF4LHC15_nnlo_100_0023.dat
LUXqed_plus_PDF4LHC15_nnlo_100 PDF set, member #23, version 10001
LHAPDF 6.1.6 loading /ufrc/avery/dimi/hg2/lhapdf/LHAPDF-6.1.6/dimi/share/LHAPDF/LUXqed_plus_PDF4LHC15_nnlo_100/LUXqed_plus_PDF4LHC15_nnlo_100_0024.dat
LUXqed_plus_PDF4LHC15_nnlo_100 PDF set, member #24, version 10001
LHAPDF 6.1.6 loading /ufrc/avery/dimi/hg2/lhapdf/LHAPDF-6.1.6/dimi/share/LHAPDF/LUXqed_plus_PDF4LHC15_nnlo_100/LUXqed_plus_PDF4LHC15_nnlo_100_0025.dat
LUXqed_plus_PDF4LHC15_nnlo_100 PDF set, member #25, version 10001
LHAPDF 6.1.6 loading /ufrc/avery/dimi/hg2/lhapdf/LHAPDF-6.1.6/dimi/share/LHAPDF/LUXqed_plus_PDF4LHC15_nnlo_100/LUXqed_plus_PDF4LHC15_nnlo_100_0026.dat
LUXqed_plus_PDF4LHC15_nnlo_100 PDF set, member #26, version 10001
LHAPDF 6.1.6 loading /ufrc/avery/dimi/hg2/lhapdf/LHAPDF-6.1.6/dimi/share/LHAPDF/LUXqed_plus_PDF4LHC15_nnlo_100/LUXqed_plus_PDF4LHC15_nnlo_100_0027.dat
LUXqed_plus_PDF4LHC15_nnlo_100 PDF set, member #27, version 10001
LHAPDF 6.1.6 loading /ufrc/avery/dimi/hg2/lhapdf/LHAPDF-6.1.6/dimi/share/LHAPDF/LUXqed_plus_PDF4LHC15_nnlo_100/LUXqed_plus_PDF4LHC15_nnlo_100_0028.dat
LUXqed_plus_PDF4LHC15_nnlo_100 PDF set, member #28, version 10001
LHAPDF 6.1.6 loading /ufrc/avery/dimi/hg2/lhapdf/LHAPDF-6.1.6/dimi/share/LHAPDF/LUXqed_plus_PDF4LHC15_nnlo_100/LUXqed_plus_PDF4LHC15_nnlo_100_0029.dat
LUXqed_plus_PDF4LHC15_nnlo_100 PDF set, member #29, version 10001
LHAPDF 6.1.6 loading /ufrc/avery/dimi/hg2/lhapdf/LHAPDF-6.1.6/dimi/share/LHAPDF/LUXqed_plus_PDF4LHC15_nnlo_100/LUXqed_plus_PDF4LHC15_nnlo_100_0030.dat
LUXqed_plus_PDF4LHC15_nnlo_100 PDF set, member #30, version 10001
LHAPDF 6.1.6 loading /ufrc/avery/dimi/hg2/lhapdf/LHAPDF-6.1.6/dimi/share/LHAPDF/LUXqed_plus_PDF4LHC15_nnlo_100/LUXqed_plus_PDF4LHC15_nnlo_100_0031.dat
LUXqed_plus_PDF4LHC15_nnlo_100 PDF set, member #31, version 10001
LHAPDF 6.1.6 loading /ufrc/avery/dimi/hg2/lhapdf/LHAPDF-6.1.6/dimi/share/LHAPDF/LUXqed_plus_PDF4LHC15_nnlo_100/LUXqed_plus_PDF4LHC15_nnlo_100_0032.dat
LUXqed_plus_PDF4LHC15_nnlo_100 PDF set, member #32, version 10001
LHAPDF 6.1.6 loading /ufrc/avery/dimi/hg2/lhapdf/LHAPDF-6.1.6/dimi/share/LHAPDF/LUXqed_plus_PDF4LHC15_nnlo_100/LUXqed_plus_PDF4LHC15_nnlo_100_0033.dat
LUXqed_plus_PDF4LHC15_nnlo_100 PDF set, member #33, version 10001
LHAPDF 6.1.6 loading /ufrc/avery/dimi/hg2/lhapdf/LHAPDF-6.1.6/dimi/share/LHAPDF/LUXqed_plus_PDF4LHC15_nnlo_100/LUXqed_plus_PDF4LHC15_nnlo_100_0034.dat
LUXqed_plus_PDF4LHC15_nnlo_100 PDF set, member #34, version 10001
LHAPDF 6.1.6 loading /ufrc/avery/dimi/hg2/lhapdf/LHAPDF-6.1.6/dimi/share/LHAPDF/LUXqed_plus_PDF4LHC15_nnlo_100/LUXqed_plus_PDF4LHC15_nnlo_100_0035.dat
LUXqed_plus_PDF4LHC15_nnlo_100 PDF set, member #35, version 10001
LHAPDF 6.1.6 loading /ufrc/avery/dimi/hg2/lhapdf/LHAPDF-6.1.6/dimi/share/LHAPDF/LUXqed_plus_PDF4LHC15_nnlo_100/LUXqed_plus_PDF4LHC15_nnlo_100_0036.dat
LUXqed_plus_PDF4LHC15_nnlo_100 PDF set, member #36, version 10001
LHAPDF 6.1.6 loading /ufrc/avery/dimi/hg2/lhapdf/LHAPDF-6.1.6/dimi/share/LHAPDF/LUXqed_plus_PDF4LHC15_nnlo_100/LUXqed_plus_PDF4LHC15_nnlo_100_0037.dat
LUXqed_plus_PDF4LHC15_nnlo_100 PDF set, member #37, version 10001
LHAPDF 6.1.6 loading /ufrc/avery/dimi/hg2/lhapdf/LHAPDF-6.1.6/dimi/share/LHAPDF/LUXqed_plus_PDF4LHC15_nnlo_100/LUXqed_plus_PDF4LHC15_nnlo_100_0038.dat
LUXqed_plus_PDF4LHC15_nnlo_100 PDF set, member #38, version 10001
LHAPDF 6.1.6 loading /ufrc/avery/dimi/hg2/lhapdf/LHAPDF-6.1.6/dimi/share/LHAPDF/LUXqed_plus_PDF4LHC15_nnlo_100/LUXqed_plus_PDF4LHC15_nnlo_100_0039.dat
LUXqed_plus_PDF4LHC15_nnlo_100 PDF set, member #39, version 10001
LHAPDF 6.1.6 loading /ufrc/avery/dimi/hg2/lhapdf/LHAPDF-6.1.6/dimi/share/LHAPDF/LUXqed_plus_PDF4LHC15_nnlo_100/LUXqed_plus_PDF4LHC15_nnlo_100_0040.dat
LUXqed_plus_PDF4LHC15_nnlo_100 PDF set, member #40, version 10001
LHAPDF 6.1.6 loading /ufrc/avery/dimi/hg2/lhapdf/LHAPDF-6.1.6/dimi/share/LHAPDF/LUXqed_plus_PDF4LHC15_nnlo_100/LUXqed_plus_PDF4LHC15_nnlo_100_0041.dat
LUXqed_plus_PDF4LHC15_nnlo_100 PDF set, member #41, version 10001
LHAPDF 6.1.6 loading /ufrc/avery/dimi/hg2/lhapdf/LHAPDF-6.1.6/dimi/share/LHAPDF/LUXqed_plus_PDF4LHC15_nnlo_100/LUXqed_plus_PDF4LHC15_nnlo_100_0042.dat
LUXqed_plus_PDF4LHC15_nnlo_100 PDF set, member #42, version 10001
LHAPDF 6.1.6 loading /ufrc/avery/dimi/hg2/lhapdf/LHAPDF-6.1.6/dimi/share/LHAPDF/LUXqed_plus_PDF4LHC15_nnlo_100/LUXqed_plus_PDF4LHC15_nnlo_100_0043.dat
LUXqed_plus_PDF4LHC15_nnlo_100 PDF set, member #43, version 10001
LHAPDF 6.1.6 loading /ufrc/avery/dimi/hg2/lhapdf/LHAPDF-6.1.6/dimi/share/LHAPDF/LUXqed_plus_PDF4LHC15_nnlo_100/LUXqed_plus_PDF4LHC15_nnlo_100_0044.dat
LUXqed_plus_PDF4LHC15_nnlo_100 PDF set, member #44, version 10001
LHAPDF 6.1.6 loading /ufrc/avery/dimi/hg2/lhapdf/LHAPDF-6.1.6/dimi/share/LHAPDF/LUXqed_plus_PDF4LHC15_nnlo_100/LUXqed_plus_PDF4LHC15_nnlo_100_0045.dat
LUXqed_plus_PDF4LHC15_nnlo_100 PDF set, member #45, version 10001
LHAPDF 6.1.6 loading /ufrc/avery/dimi/hg2/lhapdf/LHAPDF-6.1.6/dimi/share/LHAPDF/LUXqed_plus_PDF4LHC15_nnlo_100/LUXqed_plus_PDF4LHC15_nnlo_100_0046.dat
LUXqed_plus_PDF4LHC15_nnlo_100 PDF set, member #46, version 10001
LHAPDF 6.1.6 loading /ufrc/avery/dimi/hg2/lhapdf/LHAPDF-6.1.6/dimi/share/LHAPDF/LUXqed_plus_PDF4LHC15_nnlo_100/LUXqed_plus_PDF4LHC15_nnlo_100_0047.dat
LUXqed_plus_PDF4LHC15_nnlo_100 PDF set, member #47, version 10001
LHAPDF 6.1.6 loading /ufrc/avery/dimi/hg2/lhapdf/LHAPDF-6.1.6/dimi/share/LHAPDF/LUXqed_plus_PDF4LHC15_nnlo_100/LUXqed_plus_PDF4LHC15_nnlo_100_0048.dat
LUXqed_plus_PDF4LHC15_nnlo_100 PDF set, member #48, version 10001
LHAPDF 6.1.6 loading /ufrc/avery/dimi/hg2/lhapdf/LHAPDF-6.1.6/dimi/share/LHAPDF/LUXqed_plus_PDF4LHC15_nnlo_100/LUXqed_plus_PDF4LHC15_nnlo_100_0049.dat
LUXqed_plus_PDF4LHC15_nnlo_100 PDF set, member #49, version 10001
LHAPDF 6.1.6 loading /ufrc/avery/dimi/hg2/lhapdf/LHAPDF-6.1.6/dimi/share/LHAPDF/LUXqed_plus_PDF4LHC15_nnlo_100/LUXqed_plus_PDF4LHC15_nnlo_100_0050.dat
LUXqed_plus_PDF4LHC15_nnlo_100 PDF set, member #50, version 10001
LHAPDF 6.1.6 loading /ufrc/avery/dimi/hg2/lhapdf/LHAPDF-6.1.6/dimi/share/LHAPDF/LUXqed_plus_PDF4LHC15_nnlo_100/LUXqed_plus_PDF4LHC15_nnlo_100_0051.dat
LUXqed_plus_PDF4LHC15_nnlo_100 PDF set, member #51, version 10001
LHAPDF 6.1.6 loading /ufrc/avery/dimi/hg2/lhapdf/LHAPDF-6.1.6/dimi/share/LHAPDF/LUXqed_plus_PDF4LHC15_nnlo_100/LUXqed_plus_PDF4LHC15_nnlo_100_0052.dat
LUXqed_plus_PDF4LHC15_nnlo_100 PDF set, member #52, version 10001
LHAPDF 6.1.6 loading /ufrc/avery/dimi/hg2/lhapdf/LHAPDF-6.1.6/dimi/share/LHAPDF/LUXqed_plus_PDF4LHC15_nnlo_100/LUXqed_plus_PDF4LHC15_nnlo_100_0053.dat
LUXqed_plus_PDF4LHC15_nnlo_100 PDF set, member #53, version 10001
LHAPDF 6.1.6 loading /ufrc/avery/dimi/hg2/lhapdf/LHAPDF-6.1.6/dimi/share/LHAPDF/LUXqed_plus_PDF4LHC15_nnlo_100/LUXqed_plus_PDF4LHC15_nnlo_100_0054.dat
LUXqed_plus_PDF4LHC15_nnlo_100 PDF set, member #54, version 10001
LHAPDF 6.1.6 loading /ufrc/avery/dimi/hg2/lhapdf/LHAPDF-6.1.6/dimi/share/LHAPDF/LUXqed_plus_PDF4LHC15_nnlo_100/LUXqed_plus_PDF4LHC15_nnlo_100_0055.dat
LUXqed_plus_PDF4LHC15_nnlo_100 PDF set, member #55, version 10001
LHAPDF 6.1.6 loading /ufrc/avery/dimi/hg2/lhapdf/LHAPDF-6.1.6/dimi/share/LHAPDF/LUXqed_plus_PDF4LHC15_nnlo_100/LUXqed_plus_PDF4LHC15_nnlo_100_0056.dat
LUXqed_plus_PDF4LHC15_nnlo_100 PDF set, member #56, version 10001
LHAPDF 6.1.6 loading /ufrc/avery/dimi/hg2/lhapdf/LHAPDF-6.1.6/dimi/share/LHAPDF/LUXqed_plus_PDF4LHC15_nnlo_100/LUXqed_plus_PDF4LHC15_nnlo_100_0057.dat
LUXqed_plus_PDF4LHC15_nnlo_100 PDF set, member #57, version 10001
LHAPDF 6.1.6 loading /ufrc/avery/dimi/hg2/lhapdf/LHAPDF-6.1.6/dimi/share/LHAPDF/LUXqed_plus_PDF4LHC15_nnlo_100/LUXqed_plus_PDF4LHC15_nnlo_100_0058.dat
LUXqed_plus_PDF4LHC15_nnlo_100 PDF set, member #58, version 10001
LHAPDF 6.1.6 loading /ufrc/avery/dimi/hg2/lhapdf/LHAPDF-6.1.6/dimi/share/LHAPDF/LUXqed_plus_PDF4LHC15_nnlo_100/LUXqed_plus_PDF4LHC15_nnlo_100_0059.dat
LUXqed_plus_PDF4LHC15_nnlo_100 PDF set, member #59, version 10001
LHAPDF 6.1.6 loading /ufrc/avery/dimi/hg2/lhapdf/LHAPDF-6.1.6/dimi/share/LHAPDF/LUXqed_plus_PDF4LHC15_nnlo_100/LUXqed_plus_PDF4LHC15_nnlo_100_0060.dat
LUXqed_plus_PDF4LHC15_nnlo_100 PDF set, member #60, version 10001
LHAPDF 6.1.6 loading /ufrc/avery/dimi/hg2/lhapdf/LHAPDF-6.1.6/dimi/share/LHAPDF/LUXqed_plus_PDF4LHC15_nnlo_100/LUXqed_plus_PDF4LHC15_nnlo_100_0061.dat
LUXqed_plus_PDF4LHC15_nnlo_100 PDF set, member #61, version 10001
LHAPDF 6.1.6 loading /ufrc/avery/dimi/hg2/lhapdf/LHAPDF-6.1.6/dimi/share/LHAPDF/LUXqed_plus_PDF4LHC15_nnlo_100/LUXqed_plus_PDF4LHC15_nnlo_100_0062.dat
LUXqed_plus_PDF4LHC15_nnlo_100 PDF set, member #62, version 10001
LHAPDF 6.1.6 loading /ufrc/avery/dimi/hg2/lhapdf/LHAPDF-6.1.6/dimi/share/LHAPDF/LUXqed_plus_PDF4LHC15_nnlo_100/LUXqed_plus_PDF4LHC15_nnlo_100_0063.dat
LUXqed_plus_PDF4LHC15_nnlo_100 PDF set, member #63, version 10001
LHAPDF 6.1.6 loading /ufrc/avery/dimi/hg2/lhapdf/LHAPDF-6.1.6/dimi/share/LHAPDF/LUXqed_plus_PDF4LHC15_nnlo_100/LUXqed_plus_PDF4LHC15_nnlo_100_0064.dat
LUXqed_plus_PDF4LHC15_nnlo_100 PDF set, member #64, version 10001
LHAPDF 6.1.6 loading /ufrc/avery/dimi/hg2/lhapdf/LHAPDF-6.1.6/dimi/share/LHAPDF/LUXqed_plus_PDF4LHC15_nnlo_100/LUXqed_plus_PDF4LHC15_nnlo_100_0065.dat
LUXqed_plus_PDF4LHC15_nnlo_100 PDF set, member #65, version 10001
LHAPDF 6.1.6 loading /ufrc/avery/dimi/hg2/lhapdf/LHAPDF-6.1.6/dimi/share/LHAPDF/LUXqed_plus_PDF4LHC15_nnlo_100/LUXqed_plus_PDF4LHC15_nnlo_100_0066.dat
LUXqed_plus_PDF4LHC15_nnlo_100 PDF set, member #66, version 10001
LHAPDF 6.1.6 loading /ufrc/avery/dimi/hg2/lhapdf/LHAPDF-6.1.6/dimi/share/LHAPDF/LUXqed_plus_PDF4LHC15_nnlo_100/LUXqed_plus_PDF4LHC15_nnlo_100_0067.dat
LUXqed_plus_PDF4LHC15_nnlo_100 PDF set, member #67, version 10001
LHAPDF 6.1.6 loading /ufrc/avery/dimi/hg2/lhapdf/LHAPDF-6.1.6/dimi/share/LHAPDF/LUXqed_plus_PDF4LHC15_nnlo_100/LUXqed_plus_PDF4LHC15_nnlo_100_0068.dat
LUXqed_plus_PDF4LHC15_nnlo_100 PDF set, member #68, version 10001
LHAPDF 6.1.6 loading /ufrc/avery/dimi/hg2/lhapdf/LHAPDF-6.1.6/dimi/share/LHAPDF/LUXqed_plus_PDF4LHC15_nnlo_100/LUXqed_plus_PDF4LHC15_nnlo_100_0069.dat
LUXqed_plus_PDF4LHC15_nnlo_100 PDF set, member #69, version 10001
LHAPDF 6.1.6 loading /ufrc/avery/dimi/hg2/lhapdf/LHAPDF-6.1.6/dimi/share/LHAPDF/LUXqed_plus_PDF4LHC15_nnlo_100/LUXqed_plus_PDF4LHC15_nnlo_100_0070.dat
LUXqed_plus_PDF4LHC15_nnlo_100 PDF set, member #70, version 10001
LHAPDF 6.1.6 loading /ufrc/avery/dimi/hg2/lhapdf/LHAPDF-6.1.6/dimi/share/LHAPDF/LUXqed_plus_PDF4LHC15_nnlo_100/LUXqed_plus_PDF4LHC15_nnlo_100_0071.dat
LUXqed_plus_PDF4LHC15_nnlo_100 PDF set, member #71, version 10001
LHAPDF 6.1.6 loading /ufrc/avery/dimi/hg2/lhapdf/LHAPDF-6.1.6/dimi/share/LHAPDF/LUXqed_plus_PDF4LHC15_nnlo_100/LUXqed_plus_PDF4LHC15_nnlo_100_0072.dat
LUXqed_plus_PDF4LHC15_nnlo_100 PDF set, member #72, version 10001
LHAPDF 6.1.6 loading /ufrc/avery/dimi/hg2/lhapdf/LHAPDF-6.1.6/dimi/share/LHAPDF/LUXqed_plus_PDF4LHC15_nnlo_100/LUXqed_plus_PDF4LHC15_nnlo_100_0073.dat
LUXqed_plus_PDF4LHC15_nnlo_100 PDF set, member #73, version 10001
LHAPDF 6.1.6 loading /ufrc/avery/dimi/hg2/lhapdf/LHAPDF-6.1.6/dimi/share/LHAPDF/LUXqed_plus_PDF4LHC15_nnlo_100/LUXqed_plus_PDF4LHC15_nnlo_100_0074.dat
LUXqed_plus_PDF4LHC15_nnlo_100 PDF set, member #74, version 10001
LHAPDF 6.1.6 loading /ufrc/avery/dimi/hg2/lhapdf/LHAPDF-6.1.6/dimi/share/LHAPDF/LUXqed_plus_PDF4LHC15_nnlo_100/LUXqed_plus_PDF4LHC15_nnlo_100_0075.dat
LUXqed_plus_PDF4LHC15_nnlo_100 PDF set, member #75, version 10001
LHAPDF 6.1.6 loading /ufrc/avery/dimi/hg2/lhapdf/LHAPDF-6.1.6/dimi/share/LHAPDF/LUXqed_plus_PDF4LHC15_nnlo_100/LUXqed_plus_PDF4LHC15_nnlo_100_0076.dat
LUXqed_plus_PDF4LHC15_nnlo_100 PDF set, member #76, version 10001
LHAPDF 6.1.6 loading /ufrc/avery/dimi/hg2/lhapdf/LHAPDF-6.1.6/dimi/share/LHAPDF/LUXqed_plus_PDF4LHC15_nnlo_100/LUXqed_plus_PDF4LHC15_nnlo_100_0077.dat
LUXqed_plus_PDF4LHC15_nnlo_100 PDF set, member #77, version 10001
LHAPDF 6.1.6 loading /ufrc/avery/dimi/hg2/lhapdf/LHAPDF-6.1.6/dimi/share/LHAPDF/LUXqed_plus_PDF4LHC15_nnlo_100/LUXqed_plus_PDF4LHC15_nnlo_100_0078.dat
LUXqed_plus_PDF4LHC15_nnlo_100 PDF set, member #78, version 10001
LHAPDF 6.1.6 loading /ufrc/avery/dimi/hg2/lhapdf/LHAPDF-6.1.6/dimi/share/LHAPDF/LUXqed_plus_PDF4LHC15_nnlo_100/LUXqed_plus_PDF4LHC15_nnlo_100_0079.dat
LUXqed_plus_PDF4LHC15_nnlo_100 PDF set, member #79, version 10001
LHAPDF 6.1.6 loading /ufrc/avery/dimi/hg2/lhapdf/LHAPDF-6.1.6/dimi/share/LHAPDF/LUXqed_plus_PDF4LHC15_nnlo_100/LUXqed_plus_PDF4LHC15_nnlo_100_0080.dat
LUXqed_plus_PDF4LHC15_nnlo_100 PDF set, member #80, version 10001
LHAPDF 6.1.6 loading /ufrc/avery/dimi/hg2/lhapdf/LHAPDF-6.1.6/dimi/share/LHAPDF/LUXqed_plus_PDF4LHC15_nnlo_100/LUXqed_plus_PDF4LHC15_nnlo_100_0081.dat
LUXqed_plus_PDF4LHC15_nnlo_100 PDF set, member #81, version 10001
LHAPDF 6.1.6 loading /ufrc/avery/dimi/hg2/lhapdf/LHAPDF-6.1.6/dimi/share/LHAPDF/LUXqed_plus_PDF4LHC15_nnlo_100/LUXqed_plus_PDF4LHC15_nnlo_100_0082.dat
LUXqed_plus_PDF4LHC15_nnlo_100 PDF set, member #82, version 10001
LHAPDF 6.1.6 loading /ufrc/avery/dimi/hg2/lhapdf/LHAPDF-6.1.6/dimi/share/LHAPDF/LUXqed_plus_PDF4LHC15_nnlo_100/LUXqed_plus_PDF4LHC15_nnlo_100_0083.dat
LUXqed_plus_PDF4LHC15_nnlo_100 PDF set, member #83, version 10001
LHAPDF 6.1.6 loading /ufrc/avery/dimi/hg2/lhapdf/LHAPDF-6.1.6/dimi/share/LHAPDF/LUXqed_plus_PDF4LHC15_nnlo_100/LUXqed_plus_PDF4LHC15_nnlo_100_0084.dat
LUXqed_plus_PDF4LHC15_nnlo_100 PDF set, member #84, version 10001
LHAPDF 6.1.6 loading /ufrc/avery/dimi/hg2/lhapdf/LHAPDF-6.1.6/dimi/share/LHAPDF/LUXqed_plus_PDF4LHC15_nnlo_100/LUXqed_plus_PDF4LHC15_nnlo_100_0085.dat
LUXqed_plus_PDF4LHC15_nnlo_100 PDF set, member #85, version 10001
LHAPDF 6.1.6 loading /ufrc/avery/dimi/hg2/lhapdf/LHAPDF-6.1.6/dimi/share/LHAPDF/LUXqed_plus_PDF4LHC15_nnlo_100/LUXqed_plus_PDF4LHC15_nnlo_100_0086.dat
LUXqed_plus_PDF4LHC15_nnlo_100 PDF set, member #86, version 10001
LHAPDF 6.1.6 loading /ufrc/avery/dimi/hg2/lhapdf/LHAPDF-6.1.6/dimi/share/LHAPDF/LUXqed_plus_PDF4LHC15_nnlo_100/LUXqed_plus_PDF4LHC15_nnlo_100_0087.dat
LUXqed_plus_PDF4LHC15_nnlo_100 PDF set, member #87, version 10001
LHAPDF 6.1.6 loading /ufrc/avery/dimi/hg2/lhapdf/LHAPDF-6.1.6/dimi/share/LHAPDF/LUXqed_plus_PDF4LHC15_nnlo_100/LUXqed_plus_PDF4LHC15_nnlo_100_0088.dat
LUXqed_plus_PDF4LHC15_nnlo_100 PDF set, member #88, version 10001
LHAPDF 6.1.6 loading /ufrc/avery/dimi/hg2/lhapdf/LHAPDF-6.1.6/dimi/share/LHAPDF/LUXqed_plus_PDF4LHC15_nnlo_100/LUXqed_plus_PDF4LHC15_nnlo_100_0089.dat
LUXqed_plus_PDF4LHC15_nnlo_100 PDF set, member #89, version 10001
LHAPDF 6.1.6 loading /ufrc/avery/dimi/hg2/lhapdf/LHAPDF-6.1.6/dimi/share/LHAPDF/LUXqed_plus_PDF4LHC15_nnlo_100/LUXqed_plus_PDF4LHC15_nnlo_100_0090.dat
LUXqed_plus_PDF4LHC15_nnlo_100 PDF set, member #90, version 10001
LHAPDF 6.1.6 loading /ufrc/avery/dimi/hg2/lhapdf/LHAPDF-6.1.6/dimi/share/LHAPDF/LUXqed_plus_PDF4LHC15_nnlo_100/LUXqed_plus_PDF4LHC15_nnlo_100_0091.dat
LUXqed_plus_PDF4LHC15_nnlo_100 PDF set, member #91, version 10001
LHAPDF 6.1.6 loading /ufrc/avery/dimi/hg2/lhapdf/LHAPDF-6.1.6/dimi/share/LHAPDF/LUXqed_plus_PDF4LHC15_nnlo_100/LUXqed_plus_PDF4LHC15_nnlo_100_0092.dat
LUXqed_plus_PDF4LHC15_nnlo_100 PDF set, member #92, version 10001
LHAPDF 6.1.6 loading /ufrc/avery/dimi/hg2/lhapdf/LHAPDF-6.1.6/dimi/share/LHAPDF/LUXqed_plus_PDF4LHC15_nnlo_100/LUXqed_plus_PDF4LHC15_nnlo_100_0093.dat
LUXqed_plus_PDF4LHC15_nnlo_100 PDF set, member #93, version 10001
LHAPDF 6.1.6 loading /ufrc/avery/dimi/hg2/lhapdf/LHAPDF-6.1.6/dimi/share/LHAPDF/LUXqed_plus_PDF4LHC15_nnlo_100/LUXqed_plus_PDF4LHC15_nnlo_100_0094.dat
LUXqed_plus_PDF4LHC15_nnlo_100 PDF set, member #94, version 10001
LHAPDF 6.1.6 loading /ufrc/avery/dimi/hg2/lhapdf/LHAPDF-6.1.6/dimi/share/LHAPDF/LUXqed_plus_PDF4LHC15_nnlo_100/LUXqed_plus_PDF4LHC15_nnlo_100_0095.dat
LUXqed_plus_PDF4LHC15_nnlo_100 PDF set, member #95, version 10001
LHAPDF 6.1.6 loading /ufrc/avery/dimi/hg2/lhapdf/LHAPDF-6.1.6/dimi/share/LHAPDF/LUXqed_plus_PDF4LHC15_nnlo_100/LUXqed_plus_PDF4LHC15_nnlo_100_0096.dat
LUXqed_plus_PDF4LHC15_nnlo_100 PDF set, member #96, version 10001
LHAPDF 6.1.6 loading /ufrc/avery/dimi/hg2/lhapdf/LHAPDF-6.1.6/dimi/share/LHAPDF/LUXqed_plus_PDF4LHC15_nnlo_100/LUXqed_plus_PDF4LHC15_nnlo_100_0097.dat
LUXqed_plus_PDF4LHC15_nnlo_100 PDF set, member #97, version 10001
LHAPDF 6.1.6 loading /ufrc/avery/dimi/hg2/lhapdf/LHAPDF-6.1.6/dimi/share/LHAPDF/LUXqed_plus_PDF4LHC15_nnlo_100/LUXqed_plus_PDF4LHC15_nnlo_100_0098.dat
LUXqed_plus_PDF4LHC15_nnlo_100 PDF set, member #98, version 10001
LHAPDF 6.1.6 loading /ufrc/avery/dimi/hg2/lhapdf/LHAPDF-6.1.6/dimi/share/LHAPDF/LUXqed_plus_PDF4LHC15_nnlo_100/LUXqed_plus_PDF4LHC15_nnlo_100_0099.dat
LUXqed_plus_PDF4LHC15_nnlo_100 PDF set, member #99, version 10001
LHAPDF 6.1.6 loading /ufrc/avery/dimi/hg2/lhapdf/LHAPDF-6.1.6/dimi/share/LHAPDF/LUXqed_plus_PDF4LHC15_nnlo_100/LUXqed_plus_PDF4LHC15_nnlo_100_0100.dat
LUXqed_plus_PDF4LHC15_nnlo_100 PDF set, member #100, version 10001
LHAPDF 6.1.6 loading /ufrc/avery/dimi/hg2/lhapdf/LHAPDF-6.1.6/dimi/share/LHAPDF/LUXqed_plus_PDF4LHC15_nnlo_100/LUXqed_plus_PDF4LHC15_nnlo_100_0101.dat
LUXqed_plus_PDF4LHC15_nnlo_100 PDF set, member #101, version 10001
LHAPDF 6.1.6 loading /ufrc/avery/dimi/hg2/lhapdf/LHAPDF-6.1.6/dimi/share/LHAPDF/LUXqed_plus_PDF4LHC15_nnlo_100/LUXqed_plus_PDF4LHC15_nnlo_100_0102.dat
LUXqed_plus_PDF4LHC15_nnlo_100 PDF set, member #102, version 10001
LHAPDF 6.1.6 loading /ufrc/avery/dimi/hg2/lhapdf/LHAPDF-6.1.6/dimi/share/LHAPDF/LUXqed_plus_PDF4LHC15_nnlo_100/LUXqed_plus_PDF4LHC15_nnlo_100_0103.dat
LUXqed_plus_PDF4LHC15_nnlo_100 PDF set, member #103, version 10001
LHAPDF 6.1.6 loading /ufrc/avery/dimi/hg2/lhapdf/LHAPDF-6.1.6/dimi/share/LHAPDF/LUXqed_plus_PDF4LHC15_nnlo_100/LUXqed_plus_PDF4LHC15_nnlo_100_0104.dat
LUXqed_plus_PDF4LHC15_nnlo_100 PDF set, member #104, version 10001
LHAPDF 6.1.6 loading /ufrc/avery/dimi/hg2/lhapdf/LHAPDF-6.1.6/dimi/share/LHAPDF/LUXqed_plus_PDF4LHC15_nnlo_100/LUXqed_plus_PDF4LHC15_nnlo_100_0105.dat
LUXqed_plus_PDF4LHC15_nnlo_100 PDF set, member #105, version 10001
LHAPDF 6.1.6 loading /ufrc/avery/dimi/hg2/lhapdf/LHAPDF-6.1.6/dimi/share/LHAPDF/LUXqed_plus_PDF4LHC15_nnlo_100/LUXqed_plus_PDF4LHC15_nnlo_100_0106.dat
LUXqed_plus_PDF4LHC15_nnlo_100 PDF set, member #106, version 10001
LHAPDF 6.1.6 loading /ufrc/avery/dimi/hg2/lhapdf/LHAPDF-6.1.6/dimi/share/LHAPDF/LUXqed_plus_PDF4LHC15_nnlo_100/LUXqed_plus_PDF4LHC15_nnlo_100_0107.dat
LUXqed_plus_PDF4LHC15_nnlo_100 PDF set, member #107, version 10001
Vegas input parameters:
  ndim 11
  ncomp 1
  epsrel 0
  epsabs 0
  flags 291
  seed 12
  mineval 1
  maxeval 1
  nstart 100000
  nincrease 50000
  nbatch 1000
  gridno 1
  statefile "vegas_last_iter"

Restoring state from vegas_last_iter.

Iteration 7:  1750000 integrand evaluations so far
[1] 3.41394 +- 0.00289211  	chisq 9.95918 (6 df)

Saving state to vegas_last_iter.
Vegas input parameters:
  ndim 11
  ncomp 1
  epsrel 0
  epsabs 0
  flags 291
  seed 13
  mineval 1
  maxeval 1
  nstart 100000
  nincrease 50000
  nbatch 1000
  gridno 1
  statefile "vegas_last_iter"

Restoring state from vegas_last_iter.

Iteration 8:  2200000 integrand evaluations so far
[1] 3.41346 +- 0.00254846  	chisq 10.0808 (7 df)

Saving state to vegas_last_iter.
Vegas input parameters:
  ndim 11
  ncomp 1
  epsrel 0
  epsabs 0
  flags 291
  seed 14
  mineval 1
  maxeval 1
  nstart 100000
  nincrease 50000
  nbatch 1000
  gridno 1
  statefile "vegas_last_iter"

Restoring state from vegas_last_iter.

Iteration 9:  2700000 integrand evaluations so far
[1] 3.41217 +- 0.00227854  	chisq 11.3586 (8 df)

Saving state to vegas_last_iter.
Vegas input parameters:
  ndim 11
  ncomp 1
  epsrel 0
  epsabs 0
  flags 291
  seed 15
  mineval 1
  maxeval 1
  nstart 100000
  nincrease 50000
  nbatch 1000
  gridno 1
  statefile "vegas_last_iter"

Restoring state from vegas_last_iter.

Iteration 10:  3250000 integrand evaluations so far
[1] 3.40976 +- 0.00206579  	chisq 17.6427 (9 df)

Saving state to vegas_last_iter.
Vegas input parameters:
  ndim 11
  ncomp 1
  epsrel 0
  epsabs 0
  flags 291
  seed 16
  mineval 1
  maxeval 1
  nstart 100000
  nincrease 50000
  nbatch 1000
  gridno 1
  statefile "vegas_last_iter"

Restoring state from vegas_last_iter.

Iteration 11:  3850000 integrand evaluations so far
[1] 3.40911 +- 0.0018902  	chisq 18.2592 (10 df)

Saving state to vegas_last_iter.
Vegas input parameters:
  ndim 11
  ncomp 1
  epsrel 0
  epsabs 0
  flags 291
  seed 17
  mineval 1
  maxeval 1
  nstart 100000
  nincrease 50000
  nbatch 1000
  gridno 1
  statefile "vegas_last_iter"

Restoring state from vegas_last_iter.

Iteration 12:  4500000 integrand evaluations so far
[1] 3.40888 +- 0.00174163  	chisq 18.355 (11 df)

Saving state to vegas_last_iter.
Vegas input parameters:
  ndim 11
  ncomp 1
  epsrel 0
  epsabs 0
  flags 291
  seed 18
  mineval 1
  maxeval 1
  nstart 100000
  nincrease 50000
  nbatch 1000
  gridno 1
  statefile "vegas_last_iter"

Restoring state from vegas_last_iter.

Iteration 13:  5200000 integrand evaluations so far
[1] 3.40839 +- 0.0016164  	chisq 18.9258 (12 df)

Saving state to vegas_last_iter.
Vegas input parameters:
  ndim 11
  ncomp 1
  epsrel 0
  epsabs 0
  flags 291
  seed 19
  mineval 1
  maxeval 1
  nstart 100000
  nincrease 50000
  nbatch 1000
  gridno 1
  statefile "vegas_last_iter"

Restoring state from vegas_last_iter.

Iteration 14:  5950000 integrand evaluations so far
[1] 3.40883 +- 0.0015082  	chisq 19.5033 (13 df)

Saving state to vegas_last_iter.
Vegas input parameters:
  ndim 11
  ncomp 1
  epsrel 0
  epsabs 0
  flags 291
  seed 20
  mineval 1
  maxeval 1
  nstart 100000
  nincrease 50000
  nbatch 1000
  gridno 1
  statefile "vegas_last_iter"

Restoring state from vegas_last_iter.

Iteration 15:  6750000 integrand evaluations so far
[1] 3.40951 +- 0.00141354  	chisq 21.1424 (14 df)

Saving state to vegas_last_iter.
Vegas input parameters:
  ndim 11
  ncomp 1
  epsrel 0
  epsabs 0
  flags 291
  seed 21
  mineval 1
  maxeval 1
  nstart 100000
  nincrease 50000
  nbatch 1000
  gridno 1
  statefile "vegas_last_iter"

Restoring state from vegas_last_iter.

Iteration 16:  7600000 integrand evaluations so far
[1] 3.40955 +- 0.0013297  	chisq 21.1489 (15 df)

Saving state to vegas_last_iter.
Vegas input parameters:
  ndim 11
  ncomp 1
  epsrel 0
  epsabs 0
  flags 291
  seed 22
  mineval 1
  maxeval 1
  nstart 100000
  nincrease 50000
  nbatch 1000
  gridno 1
  statefile "vegas_last_iter"

Restoring state from vegas_last_iter.

Iteration 17:  8500000 integrand evaluations so far
[1] 3.40977 +- 0.00125576  	chisq 21.4026 (16 df)

Saving state to vegas_last_iter.
Vegas input parameters:
  ndim 11
  ncomp 1
  epsrel 0
  epsabs 0
  flags 291
  seed 23
  mineval 1
  maxeval 1
  nstart 100000
  nincrease 50000
  nbatch 1000
  gridno 1
  statefile "vegas_last_iter"

Restoring state from vegas_last_iter.

Iteration 18:  9450000 integrand evaluations so far
[1] 3.40948 +- 0.00118942  	chisq 21.8896 (17 df)

Saving state to vegas_last_iter.
Vegas input parameters:
  ndim 11
  ncomp 1
  epsrel 0
  epsabs 0
  flags 291
  seed 24
  mineval 1
  maxeval 1
  nstart 100000
  nincrease 50000
  nbatch 1000
  gridno 1
  statefile "vegas_last_iter"

Restoring state from vegas_last_iter.

Iteration 19:  10450000 integrand evaluations so far
[1] 3.40981 +- 0.00113065  	chisq 22.6694 (18 df)

Saving state to vegas_last_iter.
Vegas input parameters:
  ndim 11
  ncomp 1
  epsrel 0
  epsabs 0
  flags 291
  seed 25
  mineval 1
  maxeval 1
  nstart 100000
  nincrease 50000
  nbatch 1000
  gridno 1
  statefile "vegas_last_iter"

Restoring state from vegas_last_iter.

Iteration 20:  11500000 integrand evaluations so far
[1] 3.40944 +- 0.00107672  	chisq 23.8484 (19 df)

Saving state to vegas_last_iter.
Vegas input parameters:
  ndim 11
  ncomp 1
  epsrel 0
  epsabs 0
  flags 291
  seed 26
  mineval 1
  maxeval 1
  nstart 100000
  nincrease 50000
  nbatch 1000
  gridno 1
  statefile "vegas_last_iter"

Restoring state from vegas_last_iter.

Iteration 21:  12600000 integrand evaluations so far
[1] 3.40885 +- 0.00102782  	chisq 27.1702 (20 df)

Saving state to vegas_last_iter.
Vegas input parameters:
  ndim 11
  ncomp 1
  epsrel 0
  epsabs 0
  flags 291
  seed 27
  mineval 1
  maxeval 1
  nstart 100000
  nincrease 50000
  nbatch 1000
  gridno 1
  statefile "vegas_last_iter"

Restoring state from vegas_last_iter.

Iteration 22:  13750000 integrand evaluations so far
[1] 3.40899 +- 0.000983159  	chisq 27.3851 (21 df)

Saving state to vegas_last_iter.
Vegas input parameters:
  ndim 11
  ncomp 1
  epsrel 0
  epsabs 0
  flags 291
  seed 28
  mineval 1
  maxeval 1
  nstart 100000
  nincrease 50000
  nbatch 1000
  gridno 1
  statefile "vegas_last_iter"

Restoring state from vegas_last_iter.

Iteration 23:  14950000 integrand evaluations so far
[1] 3.40856 +- 0.000941993  	chisq 29.7348 (22 df)

Saving state to vegas_last_iter.
Vegas input parameters:
  ndim 11
  ncomp 1
  epsrel 0
  epsabs 0
  flags 291
  seed 29
  mineval 1
  maxeval 1
  nstart 100000
  nincrease 50000
  nbatch 1000
  gridno 1
  statefile "vegas_last_iter"

Restoring state from vegas_last_iter.

Iteration 24:  16200000 integrand evaluations so far
[1] 3.40887 +- 0.000904257  	chisq 31.0903 (23 df)

Saving state to vegas_last_iter.
Vegas input parameters:
  ndim 11
  ncomp 1
  epsrel 0
  epsabs 0
  flags 291
  seed 30
  mineval 1
  maxeval 1
  nstart 100000
  nincrease 50000
  nbatch 1000
  gridno 1
  statefile "vegas_last_iter"

Restoring state from vegas_last_iter.

Iteration 25:  17500000 integrand evaluations so far
[1] 3.40899 +- 0.000869427  	chisq 31.3484 (24 df)

Saving state to vegas_last_iter.
Vegas input parameters:
  ndim 11
  ncomp 1
  epsrel 0
  epsabs 0
  flags 291
  seed 31
  mineval 1
  maxeval 1
  nstart 100000
  nincrease 50000
  nbatch 1000
  gridno 1
  statefile "vegas_last_iter"

Restoring state from vegas_last_iter.

Iteration 26:  18850000 integrand evaluations so far
[1] 3.4087 +- 0.000837267  	chisq 32.8702 (25 df)

Saving state to vegas_last_iter.
Vegas input parameters:
  ndim 11
  ncomp 1
  epsrel 0
  epsabs 0
  flags 291
  seed 32
  mineval 1
  maxeval 1
  nstart 100000
  nincrease 50000
  nbatch 1000
  gridno 1
  statefile "vegas_last_iter"

Restoring state from vegas_last_iter.

Iteration 27:  20250000 integrand evaluations so far
[1] 3.40876 +- 0.000807512  	chisq 32.9288 (26 df)

Saving state to vegas_last_iter.
Vegas input parameters:
  ndim 11
  ncomp 1
  epsrel 0
  epsabs 0
  flags 291
  seed 33
  mineval 1
  maxeval 1
  nstart 100000
  nincrease 50000
  nbatch 1000
  gridno 1
  statefile "vegas_last_iter"

Restoring state from vegas_last_iter.

Iteration 28:  21700000 integrand evaluations so far
[1] 3.40881 +- 0.00077978  	chisq 32.9837 (27 df)

Saving state to vegas_last_iter.
Vegas input parameters:
  ndim 11
  ncomp 1
  epsrel 0
  epsabs 0
  flags 291
  seed 34
  mineval 1
  maxeval 1
  nstart 100000
  nincrease 50000
  nbatch 1000
  gridno 1
  statefile "vegas_last_iter"

Restoring state from vegas_last_iter.

Iteration 29:  23200000 integrand evaluations so far
[1] 3.40877 +- 0.000754037  	chisq 33.0093 (28 df)

Saving state to vegas_last_iter.
Vegas input parameters:
  ndim 11
  ncomp 1
  epsrel 0
  epsabs 0
  flags 291
  seed 35
  mineval 1
  maxeval 1
  nstart 100000
  nincrease 50000
  nbatch 1000
  gridno 1
  statefile "vegas_last_iter"

Restoring state from vegas_last_iter.

Iteration 30:  24750000 integrand evaluations so far
[1] 3.40902 +- 0.000729856  	chisq 34.7071 (29 df)

Saving state to vegas_last_iter.
Vegas input parameters:
  ndim 11
  ncomp 1
  epsrel 0
  epsabs 0
  flags 291
  seed 36
  mineval 1
  maxeval 1
  nstart 100000
  nincrease 50000
  nbatch 1000
  gridno 1
  statefile "vegas_last_iter"

Restoring state from vegas_last_iter.

Iteration 31:  26350000 integrand evaluations so far
[1] 3.40899 +- 0.000707141  	chisq 34.7378 (30 df)

Saving state to vegas_last_iter.
Vegas input parameters:
  ndim 11
  ncomp 1
  epsrel 0
  epsabs 0
  flags 291
  seed 37
  mineval 1
  maxeval 1
  nstart 100000
  nincrease 50000
  nbatch 1000
  gridno 1
  statefile "vegas_last_iter"

Restoring state from vegas_last_iter.

Iteration 32:  28000000 integrand evaluations so far
[1] 3.40892 +- 0.000685851  	chisq 34.9084 (31 df)

Saving state to vegas_last_iter.
Vegas input parameters:
  ndim 11
  ncomp 1
  epsrel 0
  epsabs 0
  flags 291
  seed 38
  mineval 1
  maxeval 1
  nstart 100000
  nincrease 50000
  nbatch 1000
  gridno 1
  statefile "vegas_last_iter"

Restoring state from vegas_last_iter.

Iteration 33:  29700000 integrand evaluations so far
[1] 3.40888 +- 0.000665732  	chisq 34.9633 (32 df)

Saving state to vegas_last_iter.
Vegas input parameters:
  ndim 11
  ncomp 1
  epsrel 0
  epsabs 0
  flags 291
  seed 39
  mineval 1
  maxeval 1
  nstart 100000
  nincrease 50000
  nbatch 1000
  gridno 1
  statefile "vegas_last_iter"

Restoring state from vegas_last_iter.

Iteration 34:  31450000 integrand evaluations so far
[1] 3.40872 +- 0.000646758  	chisq 36.0234 (33 df)

Saving state to vegas_last_iter.
Vegas input parameters:
  ndim 11
  ncomp 1
  epsrel 0
  epsabs 0
  flags 291
  seed 40
  mineval 1
  maxeval 1
  nstart 100000
  nincrease 50000
  nbatch 1000
  gridno 1
  statefile "vegas_last_iter"

Restoring state from vegas_last_iter.

Iteration 35:  33250000 integrand evaluations so far
[1] 3.40855 +- 0.000628902  	chisq 37.1865 (34 df)

Saving state to vegas_last_iter.
Vegas input parameters:
  ndim 11
  ncomp 1
  epsrel 0
  epsabs 0
  flags 291
  seed 41
  mineval 1
  maxeval 1
  nstart 100000
  nincrease 50000
  nbatch 1000
  gridno 1
  statefile "vegas_last_iter"

Restoring state from vegas_last_iter.

Iteration 36:  35100000 integrand evaluations so far
[1] 3.40865 +- 0.000611995  	chisq 37.6198 (35 df)

Saving state to vegas_last_iter.
Vegas input parameters:
  ndim 11
  ncomp 1
  epsrel 0
  epsabs 0
  flags 291
  seed 42
  mineval 1
  maxeval 1
  nstart 100000
  nincrease 50000
  nbatch 1000
  gridno 1
  statefile "vegas_last_iter"

Restoring state from vegas_last_iter.

Iteration 37:  37000000 integrand evaluations so far
[1] 3.40885 +- 0.000596009  	chisq 39.7695 (36 df)

Saving state to vegas_last_iter.
Vegas input parameters:
  ndim 11
  ncomp 1
  epsrel 0
  epsabs 0
  flags 291
  seed 43
  mineval 1
  maxeval 1
  nstart 100000
  nincrease 50000
  nbatch 1000
  gridno 1
  statefile "vegas_last_iter"

Restoring state from vegas_last_iter.

Iteration 38:  38950000 integrand evaluations so far
[1] 3.40883 +- 0.000580923  	chisq 39.7952 (37 df)

Saving state to vegas_last_iter.
Vegas input parameters:
  ndim 11
  ncomp 1
  epsrel 0
  epsabs 0
  flags 291
  seed 44
  mineval 1
  maxeval 1
  nstart 100000
  nincrease 50000
  nbatch 1000
  gridno 1
  statefile "vegas_last_iter"

Restoring state from vegas_last_iter.

Iteration 39:  40950000 integrand evaluations so far
[1] 3.40888 +- 0.000566602  	chisq 39.9587 (38 df)

Saving state to vegas_last_iter.
Vegas input parameters:
  ndim 11
  ncomp 1
  epsrel 0
  epsabs 0
  flags 291
  seed 45
  mineval 1
  maxeval 1
  nstart 100000
  nincrease 50000
  nbatch 1000
  gridno 1
  statefile "vegas_last_iter"

Restoring state from vegas_last_iter.

Iteration 40:  43000000 integrand evaluations so far
[1] 3.40894 +- 0.000552904  	chisq 40.1689 (39 df)

Saving state to vegas_last_iter.
Vegas input parameters:
  ndim 11
  ncomp 1
  epsrel 0
  epsabs 0
  flags 291
  seed 46
  mineval 1
  maxeval 1
  nstart 100000
  nincrease 50000
  nbatch 1000
  gridno 1
  statefile "vegas_last_iter"

Restoring state from vegas_last_iter.

Iteration 41:  45100000 integrand evaluations so far
[1] 3.40904 +- 0.000539892  	chisq 40.935 (40 df)

Saving state to vegas_last_iter.
Vegas input parameters:
  ndim 11
  ncomp 1
  epsrel 0
  epsabs 0
  flags 291
  seed 47
  mineval 1
  maxeval 1
  nstart 100000
  nincrease 50000
  nbatch 1000
  gridno 1
  statefile "vegas_last_iter"

Restoring state from vegas_last_iter.

Iteration 42:  47250000 integrand evaluations so far
[1] 3.40898 +- 0.000527412  	chisq 41.2164 (41 df)

Saving state to vegas_last_iter.
Vegas input parameters:
  ndim 11
  ncomp 1
  epsrel 0
  epsabs 0
  flags 291
  seed 48
  mineval 1
  maxeval 1
  nstart 100000
  nincrease 50000
  nbatch 1000
  gridno 1
  statefile "vegas_last_iter"

Restoring state from vegas_last_iter.

Iteration 43:  49450000 integrand evaluations so far
[1] 3.4089 +- 0.000515594  	chisq 41.7393 (42 df)

Saving state to vegas_last_iter.
Vegas input parameters:
  ndim 11
  ncomp 1
  epsrel 0
  epsabs 0
  flags 291
  seed 49
  mineval 1
  maxeval 1
  nstart 100000
  nincrease 50000
  nbatch 1000
  gridno 1
  statefile "vegas_last_iter"

Restoring state from vegas_last_iter.

Iteration 44:  51700000 integrand evaluations so far
[1] 3.40908 +- 0.000504256  	chisq 44.3155 (43 df)

Saving state to vegas_last_iter.
Vegas input parameters:
  ndim 11
  ncomp 1
  epsrel 0
  epsabs 0
  flags 291
  seed 50
  mineval 1
  maxeval 1
  nstart 100000
  nincrease 50000
  nbatch 1000
  gridno 1
  statefile "vegas_last_iter"

Restoring state from vegas_last_iter.

Iteration 45:  54000000 integrand evaluations so far
[1] 3.4091 +- 0.000493358  	chisq 44.3884 (44 df)

Saving state to vegas_last_iter.
Vegas input parameters:
  ndim 11
  ncomp 1
  epsrel 0
  epsabs 0
  flags 291
  seed 51
  mineval 1
  maxeval 1
  nstart 100000
  nincrease 50000
  nbatch 1000
  gridno 1
  statefile "vegas_last_iter"

Restoring state from vegas_last_iter.

Iteration 46:  56350000 integrand evaluations so far
[1] 3.40914 +- 0.000482913  	chisq 44.5045 (45 df)

Saving state to vegas_last_iter.
Vegas input parameters:
  ndim 11
  ncomp 1
  epsrel 0
  epsabs 0
  flags 291
  seed 52
  mineval 1
  maxeval 1
  nstart 100000
  nincrease 50000
  nbatch 1000
  gridno 1
  statefile "vegas_last_iter"

Restoring state from vegas_last_iter.

Iteration 47:  58750000 integrand evaluations so far
[1] 3.40915 +- 0.000472832  	chisq 44.529 (46 df)

Saving state to vegas_last_iter.
Vegas input parameters:
  ndim 11
  ncomp 1
  epsrel 0
  epsabs 0
  flags 291
  seed 53
  mineval 1
  maxeval 1
  nstart 100000
  nincrease 50000
  nbatch 1000
  gridno 1
  statefile "vegas_last_iter"

Restoring state from vegas_last_iter.

Iteration 48:  61200000 integrand evaluations so far
[1] 3.4092 +- 0.000463265  	chisq 44.7605 (47 df)

Saving state to vegas_last_iter.
Vegas input parameters:
  ndim 11
  ncomp 1
  epsrel 0
  epsabs 0
  flags 291
  seed 54
  mineval 1
  maxeval 1
  nstart 100000
  nincrease 50000
  nbatch 1000
  gridno 1
  statefile "vegas_last_iter"

Restoring state from vegas_last_iter.

Iteration 49:  63700000 integrand evaluations so far
[1] 3.40911 +- 0.0004541  	chisq 45.7834 (48 df)

Saving state to vegas_last_iter.
Vegas input parameters:
  ndim 11
  ncomp 1
  epsrel 0
  epsabs 0
  flags 291
  seed 55
  mineval 1
  maxeval 1
  nstart 100000
  nincrease 50000
  nbatch 1000
  gridno 1
  statefile "vegas_last_iter"

Restoring state from vegas_last_iter.

Iteration 50:  66250000 integrand evaluations so far
[1] 3.40909 +- 0.000445225  	chisq 45.8184 (49 df)

Saving state to vegas_last_iter.
Vegas input parameters:
  ndim 11
  ncomp 1
  epsrel 0
  epsabs 0
  flags 291
  seed 56
  mineval 1
  maxeval 1
  nstart 100000
  nincrease 50000
  nbatch 1000
  gridno 1
  statefile "vegas_last_iter"

Restoring state from vegas_last_iter.

Iteration 51:  68850000 integrand evaluations so far
[1] 3.40912 +- 0.000436721  	chisq 45.9529 (50 df)

Saving state to vegas_last_iter.
Vegas input parameters:
  ndim 11
  ncomp 1
  epsrel 0
  epsabs 0
  flags 291
  seed 57
  mineval 1
  maxeval 1
  nstart 100000
  nincrease 50000
  nbatch 1000
  gridno 1
  statefile "vegas_last_iter"

Restoring state from vegas_last_iter.

Iteration 52:  71500000 integrand evaluations so far
[1] 3.40914 +- 0.000428532  	chisq 46.0015 (51 df)

Saving state to vegas_last_iter.
Vegas input parameters:
  ndim 11
  ncomp 1
  epsrel 0
  epsabs 0
  flags 291
  seed 58
  mineval 1
  maxeval 1
  nstart 100000
  nincrease 50000
  nbatch 1000
  gridno 1
  statefile "vegas_last_iter"

Restoring state from vegas_last_iter.

Iteration 53:  74200000 integrand evaluations so far
[1] 3.40922 +- 0.000420632  	chisq 46.8739 (52 df)

Saving state to vegas_last_iter.
Vegas input parameters:
  ndim 11
  ncomp 1
  epsrel 0
  epsabs 0
  flags 291
  seed 59
  mineval 1
  maxeval 1
  nstart 100000
  nincrease 50000
  nbatch 1000
  gridno 1
  statefile "vegas_last_iter"

Restoring state from vegas_last_iter.

Iteration 54:  76950000 integrand evaluations so far
[1] 3.40929 +- 0.000413048  	chisq 47.6747 (53 df)

Saving state to vegas_last_iter.
Vegas input parameters:
  ndim 11
  ncomp 1
  epsrel 0
  epsabs 0
  flags 291
  seed 60
  mineval 1
  maxeval 1
  nstart 100000
  nincrease 50000
  nbatch 1000
  gridno 1
  statefile "vegas_last_iter"

Restoring state from vegas_last_iter.

Iteration 55:  79750000 integrand evaluations so far
[1] 3.40924 +- 0.000405684  	chisq 48.0378 (54 df)

Saving state to vegas_last_iter.
Vegas input parameters:
  ndim 11
  ncomp 1
  epsrel 0
  epsabs 0
  flags 291
  seed 61
  mineval 1
  maxeval 1
  nstart 100000
  nincrease 50000
  nbatch 1000
  gridno 1
  statefile "vegas_last_iter"

Restoring state from vegas_last_iter.

Iteration 56:  82600000 integrand evaluations so far
[1] 3.40925 +- 0.000398607  	chisq 48.0507 (55 df)

Saving state to vegas_last_iter.
Vegas input parameters:
  ndim 11
  ncomp 1
  epsrel 0
  epsabs 0
  flags 291
  seed 62
  mineval 1
  maxeval 1
  nstart 100000
  nincrease 50000
  nbatch 1000
  gridno 1
  statefile "vegas_last_iter"

Restoring state from vegas_last_iter.

Iteration 57:  85500000 integrand evaluations so far
[1] 3.40939 +- 0.000391812  	chisq 51.5197 (56 df)

Saving state to vegas_last_iter.
Vegas input parameters:
  ndim 11
  ncomp 1
  epsrel 0
  epsabs 0
  flags 291
  seed 63
  mineval 1
  maxeval 1
  nstart 100000
  nincrease 50000
  nbatch 1000
  gridno 1
  statefile "vegas_last_iter"

Restoring state from vegas_last_iter.

Iteration 58:  88450000 integrand evaluations so far
[1] 3.40944 +- 0.000385224  	chisq 52.1227 (57 df)

Saving state to vegas_last_iter.
Vegas input parameters:
  ndim 11
  ncomp 1
  epsrel 0
  epsabs 0
  flags 291
  seed 64
  mineval 1
  maxeval 1
  nstart 100000
  nincrease 50000
  nbatch 1000
  gridno 1
  statefile "vegas_last_iter"

Restoring state from vegas_last_iter.

Iteration 59:  91450000 integrand evaluations so far
[1] 3.40949 +- 0.000378831  	chisq 52.5826 (58 df)

Saving state to vegas_last_iter.
Vegas input parameters:
  ndim 11
  ncomp 1
  epsrel 0
  epsabs 0
  flags 291
  seed 65
  mineval 1
  maxeval 1
  nstart 100000
  nincrease 50000
  nbatch 1000
  gridno 1
  statefile "vegas_last_iter"

Restoring state from vegas_last_iter.

Iteration 60:  94500000 integrand evaluations so far
[1] 3.40951 +- 0.000372646  	chisq 52.667 (59 df)

Saving state to vegas_last_iter.
Vegas input parameters:
  ndim 11
  ncomp 1
  epsrel 0
  epsabs 0
  flags 291
  seed 66
  mineval 1
  maxeval 1
  nstart 100000
  nincrease 50000
  nbatch 1000
  gridno 1
  statefile "vegas_last_iter"

Restoring state from vegas_last_iter.

Iteration 61:  97600000 integrand evaluations so far
[1] 3.40947 +- 0.00036665  	chisq 53.0551 (60 df)

Saving state to vegas_last_iter.
Vegas input parameters:
  ndim 11
  ncomp 1
  epsrel 0
  epsabs 0
  flags 291
  seed 67
  mineval 1
  maxeval 1
  nstart 100000
  nincrease 50000
  nbatch 1000
  gridno 1
  statefile "vegas_last_iter"

Restoring state from vegas_last_iter.

Iteration 62:  100750000 integrand evaluations so far
[1] 3.40959 +- 0.000360857  	chisq 56.789 (61 df)

Saving state to vegas_last_iter.
Vegas input parameters:
  ndim 11
  ncomp 1
  epsrel 0
  epsabs 0
  flags 291
  seed 68
  mineval 1
  maxeval 1
  nstart 100000
  nincrease 50000
  nbatch 1000
  gridno 1
  statefile "vegas_last_iter"

Restoring state from vegas_last_iter.

Iteration 63:  103950000 integrand evaluations so far
[1] 3.40961 +- 0.000355247  	chisq 56.8265 (62 df)

Saving state to vegas_last_iter.
Vegas input parameters:
  ndim 11
  ncomp 1
  epsrel 0
  epsabs 0
  flags 291
  seed 69
  mineval 1
  maxeval 1
  nstart 100000
  nincrease 50000
  nbatch 1000
  gridno 1
  statefile "vegas_last_iter"

Restoring state from vegas_last_iter.

Iteration 64:  107200000 integrand evaluations so far
[1] 3.40973 +- 0.000349815  	chisq 60.6669 (63 df)

Saving state to vegas_last_iter.
Vegas input parameters:
  ndim 11
  ncomp 1
  epsrel 0
  epsabs 0
  flags 291
  seed 70
  mineval 1
  maxeval 1
  nstart 100000
  nincrease 50000
  nbatch 1000
  gridno 1
  statefile "vegas_last_iter"

Restoring state from vegas_last_iter.

Iteration 65:  110500000 integrand evaluations so far
[1] 3.4096 +- 0.000344532  	chisq 65.2507 (64 df)

Saving state to vegas_last_iter.
Vegas input parameters:
  ndim 11
  ncomp 1
  epsrel 0
  epsabs 0
  flags 291
  seed 71
  mineval 1
  maxeval 1
  nstart 100000
  nincrease 50000
  nbatch 1000
  gridno 1
  statefile "vegas_last_iter"

Restoring state from vegas_last_iter.

Iteration 66:  113850000 integrand evaluations so far
[1] 3.40952 +- 0.0003394  	chisq 67.1255 (65 df)

Saving state to vegas_last_iter.
Thanks for using LHAPDF 6.1.6. Please make sure to cite the paper:
  Eur.Phys.J. C75 (2015) 3, 132  (http://arxiv.org/abs/1412.7420)
