LHAPDF 6.1.6 loading /ufrc/avery/dimi/hg2/lhapdf/LHAPDF-6.1.6/dimi/share/LHAPDF/LUXqed_plus_PDF4LHC15_nnlo_100/LUXqed_plus_PDF4LHC15_nnlo_100_0000.dat
LUXqed_plus_PDF4LHC15_nnlo_100 PDF set, member #0, version 10001
LHAPDF 6.1.6 loading /ufrc/avery/dimi/hg2/lhapdf/LHAPDF-6.1.6/dimi/share/LHAPDF/LUXqed_plus_PDF4LHC15_nnlo_100/LUXqed_plus_PDF4LHC15_nnlo_100_0001.dat
LUXqed_plus_PDF4LHC15_nnlo_100 PDF set, member #1, version 10001
LHAPDF 6.1.6 loading /ufrc/avery/dimi/hg2/lhapdf/LHAPDF-6.1.6/dimi/share/LHAPDF/LUXqed_plus_PDF4LHC15_nnlo_100/LUXqed_plus_PDF4LHC15_nnlo_100_0002.dat
LUXqed_plus_PDF4LHC15_nnlo_100 PDF set, member #2, version 10001
LHAPDF 6.1.6 loading /ufrc/avery/dimi/hg2/lhapdf/LHAPDF-6.1.6/dimi/share/LHAPDF/LUXqed_plus_PDF4LHC15_nnlo_100/LUXqed_plus_PDF4LHC15_nnlo_100_0003.dat
LUXqed_plus_PDF4LHC15_nnlo_100 PDF set, member #3, version 10001
LHAPDF 6.1.6 loading /ufrc/avery/dimi/hg2/lhapdf/LHAPDF-6.1.6/dimi/share/LHAPDF/LUXqed_plus_PDF4LHC15_nnlo_100/LUXqed_plus_PDF4LHC15_nnlo_100_0004.dat
LUXqed_plus_PDF4LHC15_nnlo_100 PDF set, member #4, version 10001
LHAPDF 6.1.6 loading /ufrc/avery/dimi/hg2/lhapdf/LHAPDF-6.1.6/dimi/share/LHAPDF/LUXqed_plus_PDF4LHC15_nnlo_100/LUXqed_plus_PDF4LHC15_nnlo_100_0005.dat
LUXqed_plus_PDF4LHC15_nnlo_100 PDF set, member #5, version 10001
LHAPDF 6.1.6 loading /ufrc/avery/dimi/hg2/lhapdf/LHAPDF-6.1.6/dimi/share/LHAPDF/LUXqed_plus_PDF4LHC15_nnlo_100/LUXqed_plus_PDF4LHC15_nnlo_100_0006.dat
LUXqed_plus_PDF4LHC15_nnlo_100 PDF set, member #6, version 10001
LHAPDF 6.1.6 loading /ufrc/avery/dimi/hg2/lhapdf/LHAPDF-6.1.6/dimi/share/LHAPDF/LUXqed_plus_PDF4LHC15_nnlo_100/LUXqed_plus_PDF4LHC15_nnlo_100_0007.dat
LUXqed_plus_PDF4LHC15_nnlo_100 PDF set, member #7, version 10001
LHAPDF 6.1.6 loading /ufrc/avery/dimi/hg2/lhapdf/LHAPDF-6.1.6/dimi/share/LHAPDF/LUXqed_plus_PDF4LHC15_nnlo_100/LUXqed_plus_PDF4LHC15_nnlo_100_0008.dat
LUXqed_plus_PDF4LHC15_nnlo_100 PDF set, member #8, version 10001
LHAPDF 6.1.6 loading /ufrc/avery/dimi/hg2/lhapdf/LHAPDF-6.1.6/dimi/share/LHAPDF/LUXqed_plus_PDF4LHC15_nnlo_100/LUXqed_plus_PDF4LHC15_nnlo_100_0009.dat
LUXqed_plus_PDF4LHC15_nnlo_100 PDF set, member #9, version 10001
LHAPDF 6.1.6 loading /ufrc/avery/dimi/hg2/lhapdf/LHAPDF-6.1.6/dimi/share/LHAPDF/LUXqed_plus_PDF4LHC15_nnlo_100/LUXqed_plus_PDF4LHC15_nnlo_100_0010.dat
LUXqed_plus_PDF4LHC15_nnlo_100 PDF set, member #10, version 10001
LHAPDF 6.1.6 loading /ufrc/avery/dimi/hg2/lhapdf/LHAPDF-6.1.6/dimi/share/LHAPDF/LUXqed_plus_PDF4LHC15_nnlo_100/LUXqed_plus_PDF4LHC15_nnlo_100_0011.dat
LUXqed_plus_PDF4LHC15_nnlo_100 PDF set, member #11, version 10001
LHAPDF 6.1.6 loading /ufrc/avery/dimi/hg2/lhapdf/LHAPDF-6.1.6/dimi/share/LHAPDF/LUXqed_plus_PDF4LHC15_nnlo_100/LUXqed_plus_PDF4LHC15_nnlo_100_0012.dat
LUXqed_plus_PDF4LHC15_nnlo_100 PDF set, member #12, version 10001
LHAPDF 6.1.6 loading /ufrc/avery/dimi/hg2/lhapdf/LHAPDF-6.1.6/dimi/share/LHAPDF/LUXqed_plus_PDF4LHC15_nnlo_100/LUXqed_plus_PDF4LHC15_nnlo_100_0013.dat
LUXqed_plus_PDF4LHC15_nnlo_100 PDF set, member #13, version 10001
LHAPDF 6.1.6 loading /ufrc/avery/dimi/hg2/lhapdf/LHAPDF-6.1.6/dimi/share/LHAPDF/LUXqed_plus_PDF4LHC15_nnlo_100/LUXqed_plus_PDF4LHC15_nnlo_100_0014.dat
LUXqed_plus_PDF4LHC15_nnlo_100 PDF set, member #14, version 10001
LHAPDF 6.1.6 loading /ufrc/avery/dimi/hg2/lhapdf/LHAPDF-6.1.6/dimi/share/LHAPDF/LUXqed_plus_PDF4LHC15_nnlo_100/LUXqed_plus_PDF4LHC15_nnlo_100_0015.dat
LUXqed_plus_PDF4LHC15_nnlo_100 PDF set, member #15, version 10001
LHAPDF 6.1.6 loading /ufrc/avery/dimi/hg2/lhapdf/LHAPDF-6.1.6/dimi/share/LHAPDF/LUXqed_plus_PDF4LHC15_nnlo_100/LUXqed_plus_PDF4LHC15_nnlo_100_0016.dat
LUXqed_plus_PDF4LHC15_nnlo_100 PDF set, member #16, version 10001
LHAPDF 6.1.6 loading /ufrc/avery/dimi/hg2/lhapdf/LHAPDF-6.1.6/dimi/share/LHAPDF/LUXqed_plus_PDF4LHC15_nnlo_100/LUXqed_plus_PDF4LHC15_nnlo_100_0017.dat
LUXqed_plus_PDF4LHC15_nnlo_100 PDF set, member #17, version 10001
LHAPDF 6.1.6 loading /ufrc/avery/dimi/hg2/lhapdf/LHAPDF-6.1.6/dimi/share/LHAPDF/LUXqed_plus_PDF4LHC15_nnlo_100/LUXqed_plus_PDF4LHC15_nnlo_100_0018.dat
LUXqed_plus_PDF4LHC15_nnlo_100 PDF set, member #18, version 10001
LHAPDF 6.1.6 loading /ufrc/avery/dimi/hg2/lhapdf/LHAPDF-6.1.6/dimi/share/LHAPDF/LUXqed_plus_PDF4LHC15_nnlo_100/LUXqed_plus_PDF4LHC15_nnlo_100_0019.dat
LUXqed_plus_PDF4LHC15_nnlo_100 PDF set, member #19, version 10001
LHAPDF 6.1.6 loading /ufrc/avery/dimi/hg2/lhapdf/LHAPDF-6.1.6/dimi/share/LHAPDF/LUXqed_plus_PDF4LHC15_nnlo_100/LUXqed_plus_PDF4LHC15_nnlo_100_0020.dat
LUXqed_plus_PDF4LHC15_nnlo_100 PDF set, member #20, version 10001
LHAPDF 6.1.6 loading /ufrc/avery/dimi/hg2/lhapdf/LHAPDF-6.1.6/dimi/share/LHAPDF/LUXqed_plus_PDF4LHC15_nnlo_100/LUXqed_plus_PDF4LHC15_nnlo_100_0021.dat
LUXqed_plus_PDF4LHC15_nnlo_100 PDF set, member #21, version 10001
LHAPDF 6.1.6 loading /ufrc/avery/dimi/hg2/lhapdf/LHAPDF-6.1.6/dimi/share/LHAPDF/LUXqed_plus_PDF4LHC15_nnlo_100/LUXqed_plus_PDF4LHC15_nnlo_100_0022.dat
LUXqed_plus_PDF4LHC15_nnlo_100 PDF set, member #22, version 10001
LHAPDF 6.1.6 loading /ufrc/avery/dimi/hg2/lhapdf/LHAPDF-6.1.6/dimi/share/LHAPDF/LUXqed_plus_PDF4LHC15_nnlo_100/LUXqed_plus_PDF4LHC15_nnlo_100_0023.dat
LUXqed_plus_PDF4LHC15_nnlo_100 PDF set, member #23, version 10001
LHAPDF 6.1.6 loading /ufrc/avery/dimi/hg2/lhapdf/LHAPDF-6.1.6/dimi/share/LHAPDF/LUXqed_plus_PDF4LHC15_nnlo_100/LUXqed_plus_PDF4LHC15_nnlo_100_0024.dat
LUXqed_plus_PDF4LHC15_nnlo_100 PDF set, member #24, version 10001
LHAPDF 6.1.6 loading /ufrc/avery/dimi/hg2/lhapdf/LHAPDF-6.1.6/dimi/share/LHAPDF/LUXqed_plus_PDF4LHC15_nnlo_100/LUXqed_plus_PDF4LHC15_nnlo_100_0025.dat
LUXqed_plus_PDF4LHC15_nnlo_100 PDF set, member #25, version 10001
LHAPDF 6.1.6 loading /ufrc/avery/dimi/hg2/lhapdf/LHAPDF-6.1.6/dimi/share/LHAPDF/LUXqed_plus_PDF4LHC15_nnlo_100/LUXqed_plus_PDF4LHC15_nnlo_100_0026.dat
LUXqed_plus_PDF4LHC15_nnlo_100 PDF set, member #26, version 10001
LHAPDF 6.1.6 loading /ufrc/avery/dimi/hg2/lhapdf/LHAPDF-6.1.6/dimi/share/LHAPDF/LUXqed_plus_PDF4LHC15_nnlo_100/LUXqed_plus_PDF4LHC15_nnlo_100_0027.dat
LUXqed_plus_PDF4LHC15_nnlo_100 PDF set, member #27, version 10001
LHAPDF 6.1.6 loading /ufrc/avery/dimi/hg2/lhapdf/LHAPDF-6.1.6/dimi/share/LHAPDF/LUXqed_plus_PDF4LHC15_nnlo_100/LUXqed_plus_PDF4LHC15_nnlo_100_0028.dat
LUXqed_plus_PDF4LHC15_nnlo_100 PDF set, member #28, version 10001
LHAPDF 6.1.6 loading /ufrc/avery/dimi/hg2/lhapdf/LHAPDF-6.1.6/dimi/share/LHAPDF/LUXqed_plus_PDF4LHC15_nnlo_100/LUXqed_plus_PDF4LHC15_nnlo_100_0029.dat
LUXqed_plus_PDF4LHC15_nnlo_100 PDF set, member #29, version 10001
LHAPDF 6.1.6 loading /ufrc/avery/dimi/hg2/lhapdf/LHAPDF-6.1.6/dimi/share/LHAPDF/LUXqed_plus_PDF4LHC15_nnlo_100/LUXqed_plus_PDF4LHC15_nnlo_100_0030.dat
LUXqed_plus_PDF4LHC15_nnlo_100 PDF set, member #30, version 10001
LHAPDF 6.1.6 loading /ufrc/avery/dimi/hg2/lhapdf/LHAPDF-6.1.6/dimi/share/LHAPDF/LUXqed_plus_PDF4LHC15_nnlo_100/LUXqed_plus_PDF4LHC15_nnlo_100_0031.dat
LUXqed_plus_PDF4LHC15_nnlo_100 PDF set, member #31, version 10001
LHAPDF 6.1.6 loading /ufrc/avery/dimi/hg2/lhapdf/LHAPDF-6.1.6/dimi/share/LHAPDF/LUXqed_plus_PDF4LHC15_nnlo_100/LUXqed_plus_PDF4LHC15_nnlo_100_0032.dat
LUXqed_plus_PDF4LHC15_nnlo_100 PDF set, member #32, version 10001
LHAPDF 6.1.6 loading /ufrc/avery/dimi/hg2/lhapdf/LHAPDF-6.1.6/dimi/share/LHAPDF/LUXqed_plus_PDF4LHC15_nnlo_100/LUXqed_plus_PDF4LHC15_nnlo_100_0033.dat
LUXqed_plus_PDF4LHC15_nnlo_100 PDF set, member #33, version 10001
LHAPDF 6.1.6 loading /ufrc/avery/dimi/hg2/lhapdf/LHAPDF-6.1.6/dimi/share/LHAPDF/LUXqed_plus_PDF4LHC15_nnlo_100/LUXqed_plus_PDF4LHC15_nnlo_100_0034.dat
LUXqed_plus_PDF4LHC15_nnlo_100 PDF set, member #34, version 10001
LHAPDF 6.1.6 loading /ufrc/avery/dimi/hg2/lhapdf/LHAPDF-6.1.6/dimi/share/LHAPDF/LUXqed_plus_PDF4LHC15_nnlo_100/LUXqed_plus_PDF4LHC15_nnlo_100_0035.dat
LUXqed_plus_PDF4LHC15_nnlo_100 PDF set, member #35, version 10001
LHAPDF 6.1.6 loading /ufrc/avery/dimi/hg2/lhapdf/LHAPDF-6.1.6/dimi/share/LHAPDF/LUXqed_plus_PDF4LHC15_nnlo_100/LUXqed_plus_PDF4LHC15_nnlo_100_0036.dat
LUXqed_plus_PDF4LHC15_nnlo_100 PDF set, member #36, version 10001
LHAPDF 6.1.6 loading /ufrc/avery/dimi/hg2/lhapdf/LHAPDF-6.1.6/dimi/share/LHAPDF/LUXqed_plus_PDF4LHC15_nnlo_100/LUXqed_plus_PDF4LHC15_nnlo_100_0037.dat
LUXqed_plus_PDF4LHC15_nnlo_100 PDF set, member #37, version 10001
LHAPDF 6.1.6 loading /ufrc/avery/dimi/hg2/lhapdf/LHAPDF-6.1.6/dimi/share/LHAPDF/LUXqed_plus_PDF4LHC15_nnlo_100/LUXqed_plus_PDF4LHC15_nnlo_100_0038.dat
LUXqed_plus_PDF4LHC15_nnlo_100 PDF set, member #38, version 10001
LHAPDF 6.1.6 loading /ufrc/avery/dimi/hg2/lhapdf/LHAPDF-6.1.6/dimi/share/LHAPDF/LUXqed_plus_PDF4LHC15_nnlo_100/LUXqed_plus_PDF4LHC15_nnlo_100_0039.dat
LUXqed_plus_PDF4LHC15_nnlo_100 PDF set, member #39, version 10001
LHAPDF 6.1.6 loading /ufrc/avery/dimi/hg2/lhapdf/LHAPDF-6.1.6/dimi/share/LHAPDF/LUXqed_plus_PDF4LHC15_nnlo_100/LUXqed_plus_PDF4LHC15_nnlo_100_0040.dat
LUXqed_plus_PDF4LHC15_nnlo_100 PDF set, member #40, version 10001
LHAPDF 6.1.6 loading /ufrc/avery/dimi/hg2/lhapdf/LHAPDF-6.1.6/dimi/share/LHAPDF/LUXqed_plus_PDF4LHC15_nnlo_100/LUXqed_plus_PDF4LHC15_nnlo_100_0041.dat
LUXqed_plus_PDF4LHC15_nnlo_100 PDF set, member #41, version 10001
LHAPDF 6.1.6 loading /ufrc/avery/dimi/hg2/lhapdf/LHAPDF-6.1.6/dimi/share/LHAPDF/LUXqed_plus_PDF4LHC15_nnlo_100/LUXqed_plus_PDF4LHC15_nnlo_100_0042.dat
LUXqed_plus_PDF4LHC15_nnlo_100 PDF set, member #42, version 10001
LHAPDF 6.1.6 loading /ufrc/avery/dimi/hg2/lhapdf/LHAPDF-6.1.6/dimi/share/LHAPDF/LUXqed_plus_PDF4LHC15_nnlo_100/LUXqed_plus_PDF4LHC15_nnlo_100_0043.dat
LUXqed_plus_PDF4LHC15_nnlo_100 PDF set, member #43, version 10001
LHAPDF 6.1.6 loading /ufrc/avery/dimi/hg2/lhapdf/LHAPDF-6.1.6/dimi/share/LHAPDF/LUXqed_plus_PDF4LHC15_nnlo_100/LUXqed_plus_PDF4LHC15_nnlo_100_0044.dat
LUXqed_plus_PDF4LHC15_nnlo_100 PDF set, member #44, version 10001
LHAPDF 6.1.6 loading /ufrc/avery/dimi/hg2/lhapdf/LHAPDF-6.1.6/dimi/share/LHAPDF/LUXqed_plus_PDF4LHC15_nnlo_100/LUXqed_plus_PDF4LHC15_nnlo_100_0045.dat
LUXqed_plus_PDF4LHC15_nnlo_100 PDF set, member #45, version 10001
LHAPDF 6.1.6 loading /ufrc/avery/dimi/hg2/lhapdf/LHAPDF-6.1.6/dimi/share/LHAPDF/LUXqed_plus_PDF4LHC15_nnlo_100/LUXqed_plus_PDF4LHC15_nnlo_100_0046.dat
LUXqed_plus_PDF4LHC15_nnlo_100 PDF set, member #46, version 10001
LHAPDF 6.1.6 loading /ufrc/avery/dimi/hg2/lhapdf/LHAPDF-6.1.6/dimi/share/LHAPDF/LUXqed_plus_PDF4LHC15_nnlo_100/LUXqed_plus_PDF4LHC15_nnlo_100_0047.dat
LUXqed_plus_PDF4LHC15_nnlo_100 PDF set, member #47, version 10001
LHAPDF 6.1.6 loading /ufrc/avery/dimi/hg2/lhapdf/LHAPDF-6.1.6/dimi/share/LHAPDF/LUXqed_plus_PDF4LHC15_nnlo_100/LUXqed_plus_PDF4LHC15_nnlo_100_0048.dat
LUXqed_plus_PDF4LHC15_nnlo_100 PDF set, member #48, version 10001
LHAPDF 6.1.6 loading /ufrc/avery/dimi/hg2/lhapdf/LHAPDF-6.1.6/dimi/share/LHAPDF/LUXqed_plus_PDF4LHC15_nnlo_100/LUXqed_plus_PDF4LHC15_nnlo_100_0049.dat
LUXqed_plus_PDF4LHC15_nnlo_100 PDF set, member #49, version 10001
LHAPDF 6.1.6 loading /ufrc/avery/dimi/hg2/lhapdf/LHAPDF-6.1.6/dimi/share/LHAPDF/LUXqed_plus_PDF4LHC15_nnlo_100/LUXqed_plus_PDF4LHC15_nnlo_100_0050.dat
LUXqed_plus_PDF4LHC15_nnlo_100 PDF set, member #50, version 10001
LHAPDF 6.1.6 loading /ufrc/avery/dimi/hg2/lhapdf/LHAPDF-6.1.6/dimi/share/LHAPDF/LUXqed_plus_PDF4LHC15_nnlo_100/LUXqed_plus_PDF4LHC15_nnlo_100_0051.dat
LUXqed_plus_PDF4LHC15_nnlo_100 PDF set, member #51, version 10001
LHAPDF 6.1.6 loading /ufrc/avery/dimi/hg2/lhapdf/LHAPDF-6.1.6/dimi/share/LHAPDF/LUXqed_plus_PDF4LHC15_nnlo_100/LUXqed_plus_PDF4LHC15_nnlo_100_0052.dat
LUXqed_plus_PDF4LHC15_nnlo_100 PDF set, member #52, version 10001
LHAPDF 6.1.6 loading /ufrc/avery/dimi/hg2/lhapdf/LHAPDF-6.1.6/dimi/share/LHAPDF/LUXqed_plus_PDF4LHC15_nnlo_100/LUXqed_plus_PDF4LHC15_nnlo_100_0053.dat
LUXqed_plus_PDF4LHC15_nnlo_100 PDF set, member #53, version 10001
LHAPDF 6.1.6 loading /ufrc/avery/dimi/hg2/lhapdf/LHAPDF-6.1.6/dimi/share/LHAPDF/LUXqed_plus_PDF4LHC15_nnlo_100/LUXqed_plus_PDF4LHC15_nnlo_100_0054.dat
LUXqed_plus_PDF4LHC15_nnlo_100 PDF set, member #54, version 10001
LHAPDF 6.1.6 loading /ufrc/avery/dimi/hg2/lhapdf/LHAPDF-6.1.6/dimi/share/LHAPDF/LUXqed_plus_PDF4LHC15_nnlo_100/LUXqed_plus_PDF4LHC15_nnlo_100_0055.dat
LUXqed_plus_PDF4LHC15_nnlo_100 PDF set, member #55, version 10001
LHAPDF 6.1.6 loading /ufrc/avery/dimi/hg2/lhapdf/LHAPDF-6.1.6/dimi/share/LHAPDF/LUXqed_plus_PDF4LHC15_nnlo_100/LUXqed_plus_PDF4LHC15_nnlo_100_0056.dat
LUXqed_plus_PDF4LHC15_nnlo_100 PDF set, member #56, version 10001
LHAPDF 6.1.6 loading /ufrc/avery/dimi/hg2/lhapdf/LHAPDF-6.1.6/dimi/share/LHAPDF/LUXqed_plus_PDF4LHC15_nnlo_100/LUXqed_plus_PDF4LHC15_nnlo_100_0057.dat
LUXqed_plus_PDF4LHC15_nnlo_100 PDF set, member #57, version 10001
LHAPDF 6.1.6 loading /ufrc/avery/dimi/hg2/lhapdf/LHAPDF-6.1.6/dimi/share/LHAPDF/LUXqed_plus_PDF4LHC15_nnlo_100/LUXqed_plus_PDF4LHC15_nnlo_100_0058.dat
LUXqed_plus_PDF4LHC15_nnlo_100 PDF set, member #58, version 10001
LHAPDF 6.1.6 loading /ufrc/avery/dimi/hg2/lhapdf/LHAPDF-6.1.6/dimi/share/LHAPDF/LUXqed_plus_PDF4LHC15_nnlo_100/LUXqed_plus_PDF4LHC15_nnlo_100_0059.dat
LUXqed_plus_PDF4LHC15_nnlo_100 PDF set, member #59, version 10001
LHAPDF 6.1.6 loading /ufrc/avery/dimi/hg2/lhapdf/LHAPDF-6.1.6/dimi/share/LHAPDF/LUXqed_plus_PDF4LHC15_nnlo_100/LUXqed_plus_PDF4LHC15_nnlo_100_0060.dat
LUXqed_plus_PDF4LHC15_nnlo_100 PDF set, member #60, version 10001
LHAPDF 6.1.6 loading /ufrc/avery/dimi/hg2/lhapdf/LHAPDF-6.1.6/dimi/share/LHAPDF/LUXqed_plus_PDF4LHC15_nnlo_100/LUXqed_plus_PDF4LHC15_nnlo_100_0061.dat
LUXqed_plus_PDF4LHC15_nnlo_100 PDF set, member #61, version 10001
LHAPDF 6.1.6 loading /ufrc/avery/dimi/hg2/lhapdf/LHAPDF-6.1.6/dimi/share/LHAPDF/LUXqed_plus_PDF4LHC15_nnlo_100/LUXqed_plus_PDF4LHC15_nnlo_100_0062.dat
LUXqed_plus_PDF4LHC15_nnlo_100 PDF set, member #62, version 10001
LHAPDF 6.1.6 loading /ufrc/avery/dimi/hg2/lhapdf/LHAPDF-6.1.6/dimi/share/LHAPDF/LUXqed_plus_PDF4LHC15_nnlo_100/LUXqed_plus_PDF4LHC15_nnlo_100_0063.dat
LUXqed_plus_PDF4LHC15_nnlo_100 PDF set, member #63, version 10001
LHAPDF 6.1.6 loading /ufrc/avery/dimi/hg2/lhapdf/LHAPDF-6.1.6/dimi/share/LHAPDF/LUXqed_plus_PDF4LHC15_nnlo_100/LUXqed_plus_PDF4LHC15_nnlo_100_0064.dat
LUXqed_plus_PDF4LHC15_nnlo_100 PDF set, member #64, version 10001
LHAPDF 6.1.6 loading /ufrc/avery/dimi/hg2/lhapdf/LHAPDF-6.1.6/dimi/share/LHAPDF/LUXqed_plus_PDF4LHC15_nnlo_100/LUXqed_plus_PDF4LHC15_nnlo_100_0065.dat
LUXqed_plus_PDF4LHC15_nnlo_100 PDF set, member #65, version 10001
LHAPDF 6.1.6 loading /ufrc/avery/dimi/hg2/lhapdf/LHAPDF-6.1.6/dimi/share/LHAPDF/LUXqed_plus_PDF4LHC15_nnlo_100/LUXqed_plus_PDF4LHC15_nnlo_100_0066.dat
LUXqed_plus_PDF4LHC15_nnlo_100 PDF set, member #66, version 10001
LHAPDF 6.1.6 loading /ufrc/avery/dimi/hg2/lhapdf/LHAPDF-6.1.6/dimi/share/LHAPDF/LUXqed_plus_PDF4LHC15_nnlo_100/LUXqed_plus_PDF4LHC15_nnlo_100_0067.dat
LUXqed_plus_PDF4LHC15_nnlo_100 PDF set, member #67, version 10001
LHAPDF 6.1.6 loading /ufrc/avery/dimi/hg2/lhapdf/LHAPDF-6.1.6/dimi/share/LHAPDF/LUXqed_plus_PDF4LHC15_nnlo_100/LUXqed_plus_PDF4LHC15_nnlo_100_0068.dat
LUXqed_plus_PDF4LHC15_nnlo_100 PDF set, member #68, version 10001
LHAPDF 6.1.6 loading /ufrc/avery/dimi/hg2/lhapdf/LHAPDF-6.1.6/dimi/share/LHAPDF/LUXqed_plus_PDF4LHC15_nnlo_100/LUXqed_plus_PDF4LHC15_nnlo_100_0069.dat
LUXqed_plus_PDF4LHC15_nnlo_100 PDF set, member #69, version 10001
LHAPDF 6.1.6 loading /ufrc/avery/dimi/hg2/lhapdf/LHAPDF-6.1.6/dimi/share/LHAPDF/LUXqed_plus_PDF4LHC15_nnlo_100/LUXqed_plus_PDF4LHC15_nnlo_100_0070.dat
LUXqed_plus_PDF4LHC15_nnlo_100 PDF set, member #70, version 10001
LHAPDF 6.1.6 loading /ufrc/avery/dimi/hg2/lhapdf/LHAPDF-6.1.6/dimi/share/LHAPDF/LUXqed_plus_PDF4LHC15_nnlo_100/LUXqed_plus_PDF4LHC15_nnlo_100_0071.dat
LUXqed_plus_PDF4LHC15_nnlo_100 PDF set, member #71, version 10001
LHAPDF 6.1.6 loading /ufrc/avery/dimi/hg2/lhapdf/LHAPDF-6.1.6/dimi/share/LHAPDF/LUXqed_plus_PDF4LHC15_nnlo_100/LUXqed_plus_PDF4LHC15_nnlo_100_0072.dat
LUXqed_plus_PDF4LHC15_nnlo_100 PDF set, member #72, version 10001
LHAPDF 6.1.6 loading /ufrc/avery/dimi/hg2/lhapdf/LHAPDF-6.1.6/dimi/share/LHAPDF/LUXqed_plus_PDF4LHC15_nnlo_100/LUXqed_plus_PDF4LHC15_nnlo_100_0073.dat
LUXqed_plus_PDF4LHC15_nnlo_100 PDF set, member #73, version 10001
LHAPDF 6.1.6 loading /ufrc/avery/dimi/hg2/lhapdf/LHAPDF-6.1.6/dimi/share/LHAPDF/LUXqed_plus_PDF4LHC15_nnlo_100/LUXqed_plus_PDF4LHC15_nnlo_100_0074.dat
LUXqed_plus_PDF4LHC15_nnlo_100 PDF set, member #74, version 10001
LHAPDF 6.1.6 loading /ufrc/avery/dimi/hg2/lhapdf/LHAPDF-6.1.6/dimi/share/LHAPDF/LUXqed_plus_PDF4LHC15_nnlo_100/LUXqed_plus_PDF4LHC15_nnlo_100_0075.dat
LUXqed_plus_PDF4LHC15_nnlo_100 PDF set, member #75, version 10001
LHAPDF 6.1.6 loading /ufrc/avery/dimi/hg2/lhapdf/LHAPDF-6.1.6/dimi/share/LHAPDF/LUXqed_plus_PDF4LHC15_nnlo_100/LUXqed_plus_PDF4LHC15_nnlo_100_0076.dat
LUXqed_plus_PDF4LHC15_nnlo_100 PDF set, member #76, version 10001
LHAPDF 6.1.6 loading /ufrc/avery/dimi/hg2/lhapdf/LHAPDF-6.1.6/dimi/share/LHAPDF/LUXqed_plus_PDF4LHC15_nnlo_100/LUXqed_plus_PDF4LHC15_nnlo_100_0077.dat
LUXqed_plus_PDF4LHC15_nnlo_100 PDF set, member #77, version 10001
LHAPDF 6.1.6 loading /ufrc/avery/dimi/hg2/lhapdf/LHAPDF-6.1.6/dimi/share/LHAPDF/LUXqed_plus_PDF4LHC15_nnlo_100/LUXqed_plus_PDF4LHC15_nnlo_100_0078.dat
LUXqed_plus_PDF4LHC15_nnlo_100 PDF set, member #78, version 10001
LHAPDF 6.1.6 loading /ufrc/avery/dimi/hg2/lhapdf/LHAPDF-6.1.6/dimi/share/LHAPDF/LUXqed_plus_PDF4LHC15_nnlo_100/LUXqed_plus_PDF4LHC15_nnlo_100_0079.dat
LUXqed_plus_PDF4LHC15_nnlo_100 PDF set, member #79, version 10001
LHAPDF 6.1.6 loading /ufrc/avery/dimi/hg2/lhapdf/LHAPDF-6.1.6/dimi/share/LHAPDF/LUXqed_plus_PDF4LHC15_nnlo_100/LUXqed_plus_PDF4LHC15_nnlo_100_0080.dat
LUXqed_plus_PDF4LHC15_nnlo_100 PDF set, member #80, version 10001
LHAPDF 6.1.6 loading /ufrc/avery/dimi/hg2/lhapdf/LHAPDF-6.1.6/dimi/share/LHAPDF/LUXqed_plus_PDF4LHC15_nnlo_100/LUXqed_plus_PDF4LHC15_nnlo_100_0081.dat
LUXqed_plus_PDF4LHC15_nnlo_100 PDF set, member #81, version 10001
LHAPDF 6.1.6 loading /ufrc/avery/dimi/hg2/lhapdf/LHAPDF-6.1.6/dimi/share/LHAPDF/LUXqed_plus_PDF4LHC15_nnlo_100/LUXqed_plus_PDF4LHC15_nnlo_100_0082.dat
LUXqed_plus_PDF4LHC15_nnlo_100 PDF set, member #82, version 10001
LHAPDF 6.1.6 loading /ufrc/avery/dimi/hg2/lhapdf/LHAPDF-6.1.6/dimi/share/LHAPDF/LUXqed_plus_PDF4LHC15_nnlo_100/LUXqed_plus_PDF4LHC15_nnlo_100_0083.dat
LUXqed_plus_PDF4LHC15_nnlo_100 PDF set, member #83, version 10001
LHAPDF 6.1.6 loading /ufrc/avery/dimi/hg2/lhapdf/LHAPDF-6.1.6/dimi/share/LHAPDF/LUXqed_plus_PDF4LHC15_nnlo_100/LUXqed_plus_PDF4LHC15_nnlo_100_0084.dat
LUXqed_plus_PDF4LHC15_nnlo_100 PDF set, member #84, version 10001
LHAPDF 6.1.6 loading /ufrc/avery/dimi/hg2/lhapdf/LHAPDF-6.1.6/dimi/share/LHAPDF/LUXqed_plus_PDF4LHC15_nnlo_100/LUXqed_plus_PDF4LHC15_nnlo_100_0085.dat
LUXqed_plus_PDF4LHC15_nnlo_100 PDF set, member #85, version 10001
LHAPDF 6.1.6 loading /ufrc/avery/dimi/hg2/lhapdf/LHAPDF-6.1.6/dimi/share/LHAPDF/LUXqed_plus_PDF4LHC15_nnlo_100/LUXqed_plus_PDF4LHC15_nnlo_100_0086.dat
LUXqed_plus_PDF4LHC15_nnlo_100 PDF set, member #86, version 10001
LHAPDF 6.1.6 loading /ufrc/avery/dimi/hg2/lhapdf/LHAPDF-6.1.6/dimi/share/LHAPDF/LUXqed_plus_PDF4LHC15_nnlo_100/LUXqed_plus_PDF4LHC15_nnlo_100_0087.dat
LUXqed_plus_PDF4LHC15_nnlo_100 PDF set, member #87, version 10001
LHAPDF 6.1.6 loading /ufrc/avery/dimi/hg2/lhapdf/LHAPDF-6.1.6/dimi/share/LHAPDF/LUXqed_plus_PDF4LHC15_nnlo_100/LUXqed_plus_PDF4LHC15_nnlo_100_0088.dat
LUXqed_plus_PDF4LHC15_nnlo_100 PDF set, member #88, version 10001
LHAPDF 6.1.6 loading /ufrc/avery/dimi/hg2/lhapdf/LHAPDF-6.1.6/dimi/share/LHAPDF/LUXqed_plus_PDF4LHC15_nnlo_100/LUXqed_plus_PDF4LHC15_nnlo_100_0089.dat
LUXqed_plus_PDF4LHC15_nnlo_100 PDF set, member #89, version 10001
LHAPDF 6.1.6 loading /ufrc/avery/dimi/hg2/lhapdf/LHAPDF-6.1.6/dimi/share/LHAPDF/LUXqed_plus_PDF4LHC15_nnlo_100/LUXqed_plus_PDF4LHC15_nnlo_100_0090.dat
LUXqed_plus_PDF4LHC15_nnlo_100 PDF set, member #90, version 10001
LHAPDF 6.1.6 loading /ufrc/avery/dimi/hg2/lhapdf/LHAPDF-6.1.6/dimi/share/LHAPDF/LUXqed_plus_PDF4LHC15_nnlo_100/LUXqed_plus_PDF4LHC15_nnlo_100_0091.dat
LUXqed_plus_PDF4LHC15_nnlo_100 PDF set, member #91, version 10001
LHAPDF 6.1.6 loading /ufrc/avery/dimi/hg2/lhapdf/LHAPDF-6.1.6/dimi/share/LHAPDF/LUXqed_plus_PDF4LHC15_nnlo_100/LUXqed_plus_PDF4LHC15_nnlo_100_0092.dat
LUXqed_plus_PDF4LHC15_nnlo_100 PDF set, member #92, version 10001
LHAPDF 6.1.6 loading /ufrc/avery/dimi/hg2/lhapdf/LHAPDF-6.1.6/dimi/share/LHAPDF/LUXqed_plus_PDF4LHC15_nnlo_100/LUXqed_plus_PDF4LHC15_nnlo_100_0093.dat
LUXqed_plus_PDF4LHC15_nnlo_100 PDF set, member #93, version 10001
LHAPDF 6.1.6 loading /ufrc/avery/dimi/hg2/lhapdf/LHAPDF-6.1.6/dimi/share/LHAPDF/LUXqed_plus_PDF4LHC15_nnlo_100/LUXqed_plus_PDF4LHC15_nnlo_100_0094.dat
LUXqed_plus_PDF4LHC15_nnlo_100 PDF set, member #94, version 10001
LHAPDF 6.1.6 loading /ufrc/avery/dimi/hg2/lhapdf/LHAPDF-6.1.6/dimi/share/LHAPDF/LUXqed_plus_PDF4LHC15_nnlo_100/LUXqed_plus_PDF4LHC15_nnlo_100_0095.dat
LUXqed_plus_PDF4LHC15_nnlo_100 PDF set, member #95, version 10001
LHAPDF 6.1.6 loading /ufrc/avery/dimi/hg2/lhapdf/LHAPDF-6.1.6/dimi/share/LHAPDF/LUXqed_plus_PDF4LHC15_nnlo_100/LUXqed_plus_PDF4LHC15_nnlo_100_0096.dat
LUXqed_plus_PDF4LHC15_nnlo_100 PDF set, member #96, version 10001
LHAPDF 6.1.6 loading /ufrc/avery/dimi/hg2/lhapdf/LHAPDF-6.1.6/dimi/share/LHAPDF/LUXqed_plus_PDF4LHC15_nnlo_100/LUXqed_plus_PDF4LHC15_nnlo_100_0097.dat
LUXqed_plus_PDF4LHC15_nnlo_100 PDF set, member #97, version 10001
LHAPDF 6.1.6 loading /ufrc/avery/dimi/hg2/lhapdf/LHAPDF-6.1.6/dimi/share/LHAPDF/LUXqed_plus_PDF4LHC15_nnlo_100/LUXqed_plus_PDF4LHC15_nnlo_100_0098.dat
LUXqed_plus_PDF4LHC15_nnlo_100 PDF set, member #98, version 10001
LHAPDF 6.1.6 loading /ufrc/avery/dimi/hg2/lhapdf/LHAPDF-6.1.6/dimi/share/LHAPDF/LUXqed_plus_PDF4LHC15_nnlo_100/LUXqed_plus_PDF4LHC15_nnlo_100_0099.dat
LUXqed_plus_PDF4LHC15_nnlo_100 PDF set, member #99, version 10001
LHAPDF 6.1.6 loading /ufrc/avery/dimi/hg2/lhapdf/LHAPDF-6.1.6/dimi/share/LHAPDF/LUXqed_plus_PDF4LHC15_nnlo_100/LUXqed_plus_PDF4LHC15_nnlo_100_0100.dat
LUXqed_plus_PDF4LHC15_nnlo_100 PDF set, member #100, version 10001
LHAPDF 6.1.6 loading /ufrc/avery/dimi/hg2/lhapdf/LHAPDF-6.1.6/dimi/share/LHAPDF/LUXqed_plus_PDF4LHC15_nnlo_100/LUXqed_plus_PDF4LHC15_nnlo_100_0101.dat
LUXqed_plus_PDF4LHC15_nnlo_100 PDF set, member #101, version 10001
LHAPDF 6.1.6 loading /ufrc/avery/dimi/hg2/lhapdf/LHAPDF-6.1.6/dimi/share/LHAPDF/LUXqed_plus_PDF4LHC15_nnlo_100/LUXqed_plus_PDF4LHC15_nnlo_100_0102.dat
LUXqed_plus_PDF4LHC15_nnlo_100 PDF set, member #102, version 10001
LHAPDF 6.1.6 loading /ufrc/avery/dimi/hg2/lhapdf/LHAPDF-6.1.6/dimi/share/LHAPDF/LUXqed_plus_PDF4LHC15_nnlo_100/LUXqed_plus_PDF4LHC15_nnlo_100_0103.dat
LUXqed_plus_PDF4LHC15_nnlo_100 PDF set, member #103, version 10001
LHAPDF 6.1.6 loading /ufrc/avery/dimi/hg2/lhapdf/LHAPDF-6.1.6/dimi/share/LHAPDF/LUXqed_plus_PDF4LHC15_nnlo_100/LUXqed_plus_PDF4LHC15_nnlo_100_0104.dat
LUXqed_plus_PDF4LHC15_nnlo_100 PDF set, member #104, version 10001
LHAPDF 6.1.6 loading /ufrc/avery/dimi/hg2/lhapdf/LHAPDF-6.1.6/dimi/share/LHAPDF/LUXqed_plus_PDF4LHC15_nnlo_100/LUXqed_plus_PDF4LHC15_nnlo_100_0105.dat
LUXqed_plus_PDF4LHC15_nnlo_100 PDF set, member #105, version 10001
LHAPDF 6.1.6 loading /ufrc/avery/dimi/hg2/lhapdf/LHAPDF-6.1.6/dimi/share/LHAPDF/LUXqed_plus_PDF4LHC15_nnlo_100/LUXqed_plus_PDF4LHC15_nnlo_100_0106.dat
LUXqed_plus_PDF4LHC15_nnlo_100 PDF set, member #106, version 10001
LHAPDF 6.1.6 loading /ufrc/avery/dimi/hg2/lhapdf/LHAPDF-6.1.6/dimi/share/LHAPDF/LUXqed_plus_PDF4LHC15_nnlo_100/LUXqed_plus_PDF4LHC15_nnlo_100_0107.dat
LUXqed_plus_PDF4LHC15_nnlo_100 PDF set, member #107, version 10001
Vegas input parameters:
  ndim 11
  ncomp 1
  epsrel 0
  epsabs 0
  flags 291
  seed 12
  mineval 1
  maxeval 1
  nstart 100000
  nincrease 50000
  nbatch 1000
  gridno 1
  statefile "vegas_last_iter"

Restoring state from vegas_last_iter.

Iteration 30:  24750000 integrand evaluations so far
[1] 6.38304 +- 0.00609311  	chisq 42.4056 (29 df)

Saving state to vegas_last_iter.
Vegas input parameters:
  ndim 11
  ncomp 1
  epsrel 0
  epsabs 0
  flags 291
  seed 13
  mineval 1
  maxeval 1
  nstart 100000
  nincrease 50000
  nbatch 1000
  gridno 1
  statefile "vegas_last_iter"

Restoring state from vegas_last_iter.

Iteration 31:  26350000 integrand evaluations so far
[1] 6.38163 +- 0.00588126  	chisq 43.1853 (30 df)

Saving state to vegas_last_iter.
Vegas input parameters:
  ndim 11
  ncomp 1
  epsrel 0
  epsabs 0
  flags 291
  seed 14
  mineval 1
  maxeval 1
  nstart 100000
  nincrease 50000
  nbatch 1000
  gridno 1
  statefile "vegas_last_iter"

Restoring state from vegas_last_iter.

Iteration 32:  28000000 integrand evaluations so far
[1] 6.38214 +- 0.00571004  	chisq 43.318 (31 df)

Saving state to vegas_last_iter.
Vegas input parameters:
  ndim 11
  ncomp 1
  epsrel 0
  epsabs 0
  flags 291
  seed 15
  mineval 1
  maxeval 1
  nstart 100000
  nincrease 50000
  nbatch 1000
  gridno 1
  statefile "vegas_last_iter"

Restoring state from vegas_last_iter.

Iteration 33:  29700000 integrand evaluations so far
[1] 6.38014 +- 0.00555616  	chisq 45.6329 (32 df)

Saving state to vegas_last_iter.
Vegas input parameters:
  ndim 11
  ncomp 1
  epsrel 0
  epsabs 0
  flags 291
  seed 16
  mineval 1
  maxeval 1
  nstart 100000
  nincrease 50000
  nbatch 1000
  gridno 1
  statefile "vegas_last_iter"

Restoring state from vegas_last_iter.

Iteration 34:  31450000 integrand evaluations so far
[1] 6.38111 +- 0.00540895  	chisq 46.2216 (33 df)

Saving state to vegas_last_iter.
Vegas input parameters:
  ndim 11
  ncomp 1
  epsrel 0
  epsabs 0
  flags 291
  seed 17
  mineval 1
  maxeval 1
  nstart 100000
  nincrease 50000
  nbatch 1000
  gridno 1
  statefile "vegas_last_iter"

Restoring state from vegas_last_iter.

Iteration 35:  33250000 integrand evaluations so far
[1] 6.37986 +- 0.00525631  	chisq 47.1791 (34 df)

Saving state to vegas_last_iter.
Vegas input parameters:
  ndim 11
  ncomp 1
  epsrel 0
  epsabs 0
  flags 291
  seed 18
  mineval 1
  maxeval 1
  nstart 100000
  nincrease 50000
  nbatch 1000
  gridno 1
  statefile "vegas_last_iter"

Restoring state from vegas_last_iter.

Iteration 36:  35100000 integrand evaluations so far
[1] 6.37757 +- 0.00508849  	chisq 50.2159 (35 df)

Saving state to vegas_last_iter.
Vegas input parameters:
  ndim 11
  ncomp 1
  epsrel 0
  epsabs 0
  flags 291
  seed 19
  mineval 1
  maxeval 1
  nstart 100000
  nincrease 50000
  nbatch 1000
  gridno 1
  statefile "vegas_last_iter"

Restoring state from vegas_last_iter.

Iteration 37:  37000000 integrand evaluations so far
[1] 6.3798 +- 0.00493228  	chisq 53.4032 (36 df)

Saving state to vegas_last_iter.
Vegas input parameters:
  ndim 11
  ncomp 1
  epsrel 0
  epsabs 0
  flags 291
  seed 20
  mineval 1
  maxeval 1
  nstart 100000
  nincrease 50000
  nbatch 1000
  gridno 1
  statefile "vegas_last_iter"

Restoring state from vegas_last_iter.

Iteration 38:  38950000 integrand evaluations so far
[1] 6.37816 +- 0.00478418  	chisq 55.2683 (37 df)

Saving state to vegas_last_iter.
Vegas input parameters:
  ndim 11
  ncomp 1
  epsrel 0
  epsabs 0
  flags 291
  seed 21
  mineval 1
  maxeval 1
  nstart 100000
  nincrease 50000
  nbatch 1000
  gridno 1
  statefile "vegas_last_iter"

Restoring state from vegas_last_iter.

Iteration 39:  40950000 integrand evaluations so far
[1] 6.37691 +- 0.0046491  	chisq 56.5016 (38 df)

Saving state to vegas_last_iter.
Vegas input parameters:
  ndim 11
  ncomp 1
  epsrel 0
  epsabs 0
  flags 291
  seed 22
  mineval 1
  maxeval 1
  nstart 100000
  nincrease 50000
  nbatch 1000
  gridno 1
  statefile "vegas_last_iter"

Restoring state from vegas_last_iter.

Iteration 40:  43000000 integrand evaluations so far
[1] 6.37706 +- 0.00452314  	chisq 56.5213 (39 df)

Saving state to vegas_last_iter.
Vegas input parameters:
  ndim 11
  ncomp 1
  epsrel 0
  epsabs 0
  flags 291
  seed 23
  mineval 1
  maxeval 1
  nstart 100000
  nincrease 50000
  nbatch 1000
  gridno 1
  statefile "vegas_last_iter"

Restoring state from vegas_last_iter.

Iteration 41:  45100000 integrand evaluations so far
[1] 6.37714 +- 0.00440555  	chisq 56.5275 (40 df)

Saving state to vegas_last_iter.
Vegas input parameters:
  ndim 11
  ncomp 1
  epsrel 0
  epsabs 0
  flags 291
  seed 24
  mineval 1
  maxeval 1
  nstart 100000
  nincrease 50000
  nbatch 1000
  gridno 1
  statefile "vegas_last_iter"

Restoring state from vegas_last_iter.

Iteration 42:  47250000 integrand evaluations so far
[1] 6.37619 +- 0.00429012  	chisq 57.4221 (41 df)

Saving state to vegas_last_iter.
Vegas input parameters:
  ndim 11
  ncomp 1
  epsrel 0
  epsabs 0
  flags 291
  seed 25
  mineval 1
  maxeval 1
  nstart 100000
  nincrease 50000
  nbatch 1000
  gridno 1
  statefile "vegas_last_iter"

Restoring state from vegas_last_iter.

Iteration 43:  49450000 integrand evaluations so far
[1] 6.37577 +- 0.004178  	chisq 57.6091 (42 df)

Saving state to vegas_last_iter.
Vegas input parameters:
  ndim 11
  ncomp 1
  epsrel 0
  epsabs 0
  flags 291
  seed 26
  mineval 1
  maxeval 1
  nstart 100000
  nincrease 50000
  nbatch 1000
  gridno 1
  statefile "vegas_last_iter"

Restoring state from vegas_last_iter.

Iteration 44:  51700000 integrand evaluations so far
[1] 6.37586 +- 0.00408628  	chisq 57.6197 (43 df)

Saving state to vegas_last_iter.
Vegas input parameters:
  ndim 11
  ncomp 1
  epsrel 0
  epsabs 0
  flags 291
  seed 27
  mineval 1
  maxeval 1
  nstart 100000
  nincrease 50000
  nbatch 1000
  gridno 1
  statefile "vegas_last_iter"

Restoring state from vegas_last_iter.

Iteration 45:  54000000 integrand evaluations so far
[1] 6.37529 +- 0.00399374  	chisq 58.0531 (44 df)

Saving state to vegas_last_iter.
Vegas input parameters:
  ndim 11
  ncomp 1
  epsrel 0
  epsabs 0
  flags 291
  seed 28
  mineval 1
  maxeval 1
  nstart 100000
  nincrease 50000
  nbatch 1000
  gridno 1
  statefile "vegas_last_iter"

Restoring state from vegas_last_iter.

Iteration 46:  56350000 integrand evaluations so far
[1] 6.37495 +- 0.00390322  	chisq 58.2222 (45 df)

Saving state to vegas_last_iter.
Vegas input parameters:
  ndim 11
  ncomp 1
  epsrel 0
  epsabs 0
  flags 291
  seed 29
  mineval 1
  maxeval 1
  nstart 100000
  nincrease 50000
  nbatch 1000
  gridno 1
  statefile "vegas_last_iter"

Restoring state from vegas_last_iter.

Iteration 47:  58750000 integrand evaluations so far
[1] 6.37534 +- 0.00382933  	chisq 58.4901 (46 df)

Saving state to vegas_last_iter.
Vegas input parameters:
  ndim 11
  ncomp 1
  epsrel 0
  epsabs 0
  flags 291
  seed 30
  mineval 1
  maxeval 1
  nstart 100000
  nincrease 50000
  nbatch 1000
  gridno 1
  statefile "vegas_last_iter"

Restoring state from vegas_last_iter.

Iteration 48:  61200000 integrand evaluations so far
[1] 6.37433 +- 0.00375927  	chisq 60.3919 (47 df)

Saving state to vegas_last_iter.
Vegas input parameters:
  ndim 11
  ncomp 1
  epsrel 0
  epsabs 0
  flags 291
  seed 31
  mineval 1
  maxeval 1
  nstart 100000
  nincrease 50000
  nbatch 1000
  gridno 1
  statefile "vegas_last_iter"

Restoring state from vegas_last_iter.

Iteration 49:  63700000 integrand evaluations so far
[1] 6.37508 +- 0.00368201  	chisq 61.3711 (48 df)

Saving state to vegas_last_iter.
Vegas input parameters:
  ndim 11
  ncomp 1
  epsrel 0
  epsabs 0
  flags 291
  seed 32
  mineval 1
  maxeval 1
  nstart 100000
  nincrease 50000
  nbatch 1000
  gridno 1
  statefile "vegas_last_iter"

Restoring state from vegas_last_iter.

Iteration 50:  66250000 integrand evaluations so far
[1] 6.3758 +- 0.00360519  	chisq 62.2872 (49 df)

Saving state to vegas_last_iter.
Vegas input parameters:
  ndim 11
  ncomp 1
  epsrel 0
  epsabs 0
  flags 291
  seed 33
  mineval 1
  maxeval 1
  nstart 100000
  nincrease 50000
  nbatch 1000
  gridno 1
  statefile "vegas_last_iter"

Restoring state from vegas_last_iter.

Iteration 51:  68850000 integrand evaluations so far
[1] 6.37526 +- 0.00353576  	chisq 62.8708 (50 df)

Saving state to vegas_last_iter.
Vegas input parameters:
  ndim 11
  ncomp 1
  epsrel 0
  epsabs 0
  flags 291
  seed 34
  mineval 1
  maxeval 1
  nstart 100000
  nincrease 50000
  nbatch 1000
  gridno 1
  statefile "vegas_last_iter"

Restoring state from vegas_last_iter.

Iteration 52:  71500000 integrand evaluations so far
[1] 6.37499 +- 0.00347149  	chisq 63.0359 (51 df)

Saving state to vegas_last_iter.
Vegas input parameters:
  ndim 11
  ncomp 1
  epsrel 0
  epsabs 0
  flags 291
  seed 35
  mineval 1
  maxeval 1
  nstart 100000
  nincrease 50000
  nbatch 1000
  gridno 1
  statefile "vegas_last_iter"

Restoring state from vegas_last_iter.

Iteration 53:  74200000 integrand evaluations so far
[1] 6.37554 +- 0.00340126  	chisq 63.6575 (52 df)

Saving state to vegas_last_iter.
Vegas input parameters:
  ndim 11
  ncomp 1
  epsrel 0
  epsabs 0
  flags 291
  seed 36
  mineval 1
  maxeval 1
  nstart 100000
  nincrease 50000
  nbatch 1000
  gridno 1
  statefile "vegas_last_iter"

Restoring state from vegas_last_iter.

Iteration 54:  76950000 integrand evaluations so far
[1] 6.37633 +- 0.00333625  	chisq 65.1142 (53 df)

Saving state to vegas_last_iter.
Vegas input parameters:
  ndim 11
  ncomp 1
  epsrel 0
  epsabs 0
  flags 291
  seed 37
  mineval 1
  maxeval 1
  nstart 100000
  nincrease 50000
  nbatch 1000
  gridno 1
  statefile "vegas_last_iter"

Restoring state from vegas_last_iter.

Iteration 55:  79750000 integrand evaluations so far
[1] 6.37557 +- 0.00327118  	chisq 66.4809 (54 df)

Saving state to vegas_last_iter.
Vegas input parameters:
  ndim 11
  ncomp 1
  epsrel 0
  epsabs 0
  flags 291
  seed 38
  mineval 1
  maxeval 1
  nstart 100000
  nincrease 50000
  nbatch 1000
  gridno 1
  statefile "vegas_last_iter"

Restoring state from vegas_last_iter.

Iteration 56:  82600000 integrand evaluations so far
[1] 6.376 +- 0.00322426  	chisq 67.0994 (55 df)

Saving state to vegas_last_iter.
Vegas input parameters:
  ndim 11
  ncomp 1
  epsrel 0
  epsabs 0
  flags 291
  seed 39
  mineval 1
  maxeval 1
  nstart 100000
  nincrease 50000
  nbatch 1000
  gridno 1
  statefile "vegas_last_iter"

Restoring state from vegas_last_iter.

Iteration 57:  85500000 integrand evaluations so far
[1] 6.37684 +- 0.00318865  	chisq 70.2091 (56 df)

Saving state to vegas_last_iter.
Vegas input parameters:
  ndim 11
  ncomp 1
  epsrel 0
  epsabs 0
  flags 291
  seed 40
  mineval 1
  maxeval 1
  nstart 100000
  nincrease 50000
  nbatch 1000
  gridno 1
  statefile "vegas_last_iter"

Restoring state from vegas_last_iter.

Iteration 58:  88450000 integrand evaluations so far
[1] 6.37637 +- 0.00314511  	chisq 71.0157 (57 df)

Saving state to vegas_last_iter.
Vegas input parameters:
  ndim 11
  ncomp 1
  epsrel 0
  epsabs 0
  flags 291
  seed 41
  mineval 1
  maxeval 1
  nstart 100000
  nincrease 50000
  nbatch 1000
  gridno 1
  statefile "vegas_last_iter"

Restoring state from vegas_last_iter.

Iteration 59:  91450000 integrand evaluations so far
[1] 6.37612 +- 0.00309881  	chisq 71.2285 (58 df)

Saving state to vegas_last_iter.
Vegas input parameters:
  ndim 11
  ncomp 1
  epsrel 0
  epsabs 0
  flags 291
  seed 42
  mineval 1
  maxeval 1
  nstart 100000
  nincrease 50000
  nbatch 1000
  gridno 1
  statefile "vegas_last_iter"

Restoring state from vegas_last_iter.

Iteration 60:  94500000 integrand evaluations so far
[1] 6.3761 +- 0.00304983  	chisq 71.231 (59 df)

Saving state to vegas_last_iter.
Vegas input parameters:
  ndim 11
  ncomp 1
  epsrel 0
  epsabs 0
  flags 291
  seed 43
  mineval 1
  maxeval 1
  nstart 100000
  nincrease 50000
  nbatch 1000
  gridno 1
  statefile "vegas_last_iter"

Restoring state from vegas_last_iter.

Iteration 61:  97600000 integrand evaluations so far
[1] 6.37599 +- 0.00299356  	chisq 71.2624 (60 df)

Saving state to vegas_last_iter.
Vegas input parameters:
  ndim 11
  ncomp 1
  epsrel 0
  epsabs 0
  flags 291
  seed 44
  mineval 1
  maxeval 1
  nstart 100000
  nincrease 50000
  nbatch 1000
  gridno 1
  statefile "vegas_last_iter"

Restoring state from vegas_last_iter.

Iteration 62:  100750000 integrand evaluations so far
[1] 6.37612 +- 0.00294269  	chisq 71.3118 (61 df)

Saving state to vegas_last_iter.
Vegas input parameters:
  ndim 11
  ncomp 1
  epsrel 0
  epsabs 0
  flags 291
  seed 45
  mineval 1
  maxeval 1
  nstart 100000
  nincrease 50000
  nbatch 1000
  gridno 1
  statefile "vegas_last_iter"

Restoring state from vegas_last_iter.

Iteration 63:  103950000 integrand evaluations so far
[1] 6.37573 +- 0.00289026  	chisq 71.8088 (62 df)

Saving state to vegas_last_iter.
Vegas input parameters:
  ndim 11
  ncomp 1
  epsrel 0
  epsabs 0
  flags 291
  seed 46
  mineval 1
  maxeval 1
  nstart 100000
  nincrease 50000
  nbatch 1000
  gridno 1
  statefile "vegas_last_iter"

Restoring state from vegas_last_iter.

Iteration 64:  107200000 integrand evaluations so far
[1] 6.37554 +- 0.00284002  	chisq 71.9316 (63 df)

Saving state to vegas_last_iter.
Vegas input parameters:
  ndim 11
  ncomp 1
  epsrel 0
  epsabs 0
  flags 291
  seed 47
  mineval 1
  maxeval 1
  nstart 100000
  nincrease 50000
  nbatch 1000
  gridno 1
  statefile "vegas_last_iter"

Restoring state from vegas_last_iter.

Iteration 65:  110500000 integrand evaluations so far
[1] 6.37625 +- 0.00280079  	chisq 74.2515 (64 df)

Saving state to vegas_last_iter.
Vegas input parameters:
  ndim 11
  ncomp 1
  epsrel 0
  epsabs 0
  flags 291
  seed 48
  mineval 1
  maxeval 1
  nstart 100000
  nincrease 50000
  nbatch 1000
  gridno 1
  statefile "vegas_last_iter"

Restoring state from vegas_last_iter.

Iteration 66:  113850000 integrand evaluations so far
[1] 6.37663 +- 0.00276153  	chisq 74.907 (65 df)

Saving state to vegas_last_iter.
Vegas input parameters:
  ndim 11
  ncomp 1
  epsrel 0
  epsabs 0
  flags 291
  seed 49
  mineval 1
  maxeval 1
  nstart 100000
  nincrease 50000
  nbatch 1000
  gridno 1
  statefile "vegas_last_iter"

Restoring state from vegas_last_iter.

Iteration 67:  117250000 integrand evaluations so far
[1] 6.37678 +- 0.00271802  	chisq 74.9917 (66 df)

Saving state to vegas_last_iter.
Vegas input parameters:
  ndim 11
  ncomp 1
  epsrel 0
  epsabs 0
  flags 291
  seed 50
  mineval 1
  maxeval 1
  nstart 100000
  nincrease 50000
  nbatch 1000
  gridno 1
  statefile "vegas_last_iter"

Restoring state from vegas_last_iter.

Iteration 68:  120700000 integrand evaluations so far
[1] 6.37784 +- 0.00267654  	chisq 80.0866 (67 df)

Saving state to vegas_last_iter.
Vegas input parameters:
  ndim 11
  ncomp 1
  epsrel 0
  epsabs 0
  flags 291
  seed 51
  mineval 1
  maxeval 1
  nstart 100000
  nincrease 50000
  nbatch 1000
  gridno 1
  statefile "vegas_last_iter"

Restoring state from vegas_last_iter.

Iteration 69:  124200000 integrand evaluations so far
[1] 6.37742 +- 0.0026384  	chisq 80.9662 (68 df)

Saving state to vegas_last_iter.
Vegas input parameters:
  ndim 11
  ncomp 1
  epsrel 0
  epsabs 0
  flags 291
  seed 52
  mineval 1
  maxeval 1
  nstart 100000
  nincrease 50000
  nbatch 1000
  gridno 1
  statefile "vegas_last_iter"

Restoring state from vegas_last_iter.

Iteration 70:  127750000 integrand evaluations so far
[1] 6.37706 +- 0.00259913  	chisq 81.5942 (69 df)

Saving state to vegas_last_iter.
Vegas input parameters:
  ndim 11
  ncomp 1
  epsrel 0
  epsabs 0
  flags 291
  seed 53
  mineval 1
  maxeval 1
  nstart 100000
  nincrease 50000
  nbatch 1000
  gridno 1
  statefile "vegas_last_iter"

Restoring state from vegas_last_iter.

Iteration 71:  131350000 integrand evaluations so far
[1] 6.37636 +- 0.00255895  	chisq 83.9373 (70 df)

Saving state to vegas_last_iter.
Vegas input parameters:
  ndim 11
  ncomp 1
  epsrel 0
  epsabs 0
  flags 291
  seed 54
  mineval 1
  maxeval 1
  nstart 100000
  nincrease 50000
  nbatch 1000
  gridno 1
  statefile "vegas_last_iter"

Restoring state from vegas_last_iter.

Iteration 72:  135000000 integrand evaluations so far
[1] 6.37643 +- 0.00252826  	chisq 83.9675 (71 df)

Saving state to vegas_last_iter.
Vegas input parameters:
  ndim 11
  ncomp 1
  epsrel 0
  epsabs 0
  flags 291
  seed 55
  mineval 1
  maxeval 1
  nstart 100000
  nincrease 50000
  nbatch 1000
  gridno 1
  statefile "vegas_last_iter"

Restoring state from vegas_last_iter.

Iteration 73:  138700000 integrand evaluations so far
[1] 6.3763 +- 0.00249945  	chisq 84.0949 (72 df)

Saving state to vegas_last_iter.
Vegas input parameters:
  ndim 11
  ncomp 1
  epsrel 0
  epsabs 0
  flags 291
  seed 56
  mineval 1
  maxeval 1
  nstart 100000
  nincrease 50000
  nbatch 1000
  gridno 1
  statefile "vegas_last_iter"

Restoring state from vegas_last_iter.

Iteration 74:  142450000 integrand evaluations so far
[1] 6.37564 +- 0.00247279  	chisq 87.3502 (73 df)

Saving state to vegas_last_iter.
Vegas input parameters:
  ndim 11
  ncomp 1
  epsrel 0
  epsabs 0
  flags 291
  seed 57
  mineval 1
  maxeval 1
  nstart 100000
  nincrease 50000
  nbatch 1000
  gridno 1
  statefile "vegas_last_iter"

Restoring state from vegas_last_iter.

Iteration 75:  146250000 integrand evaluations so far
[1] 6.37591 +- 0.00244365  	chisq 87.8593 (74 df)

Saving state to vegas_last_iter.
Vegas input parameters:
  ndim 11
  ncomp 1
  epsrel 0
  epsabs 0
  flags 291
  seed 58
  mineval 1
  maxeval 1
  nstart 100000
  nincrease 50000
  nbatch 1000
  gridno 1
  statefile "vegas_last_iter"

Restoring state from vegas_last_iter.

Iteration 76:  150100000 integrand evaluations so far
[1] 6.37563 +- 0.00240927  	chisq 88.3416 (75 df)

Saving state to vegas_last_iter.
Vegas input parameters:
  ndim 11
  ncomp 1
  epsrel 0
  epsabs 0
  flags 291
  seed 59
  mineval 1
  maxeval 1
  nstart 100000
  nincrease 50000
  nbatch 1000
  gridno 1
  statefile "vegas_last_iter"

Restoring state from vegas_last_iter.

Iteration 77:  154000000 integrand evaluations so far
[1] 6.37599 +- 0.00237592  	chisq 89.161 (76 df)

Saving state to vegas_last_iter.
Vegas input parameters:
  ndim 11
  ncomp 1
  epsrel 0
  epsabs 0
  flags 291
  seed 60
  mineval 1
  maxeval 1
  nstart 100000
  nincrease 50000
  nbatch 1000
  gridno 1
  statefile "vegas_last_iter"

Restoring state from vegas_last_iter.

Iteration 78:  157950000 integrand evaluations so far
[1] 6.3757 +- 0.00234282  	chisq 89.6891 (77 df)

Saving state to vegas_last_iter.
Vegas input parameters:
  ndim 11
  ncomp 1
  epsrel 0
  epsabs 0
  flags 291
  seed 61
  mineval 1
  maxeval 1
  nstart 100000
  nincrease 50000
  nbatch 1000
  gridno 1
  statefile "vegas_last_iter"

Restoring state from vegas_last_iter.

Iteration 79:  161950000 integrand evaluations so far
[1] 6.37635 +- 0.00231286  	chisq 92.7099 (78 df)

Saving state to vegas_last_iter.
Vegas input parameters:
  ndim 11
  ncomp 1
  epsrel 0
  epsabs 0
  flags 291
  seed 62
  mineval 1
  maxeval 1
  nstart 100000
  nincrease 50000
  nbatch 1000
  gridno 1
  statefile "vegas_last_iter"

Restoring state from vegas_last_iter.

Iteration 80:  166000000 integrand evaluations so far
[1] 6.37588 +- 0.00228305  	chisq 94.3042 (79 df)

Saving state to vegas_last_iter.
Vegas input parameters:
  ndim 11
  ncomp 1
  epsrel 0
  epsabs 0
  flags 291
  seed 63
  mineval 1
  maxeval 1
  nstart 100000
  nincrease 50000
  nbatch 1000
  gridno 1
  statefile "vegas_last_iter"

Restoring state from vegas_last_iter.

Iteration 81:  170100000 integrand evaluations so far
[1] 6.37567 +- 0.00225881  	chisq 94.7151 (80 df)

Saving state to vegas_last_iter.
Vegas input parameters:
  ndim 11
  ncomp 1
  epsrel 0
  epsabs 0
  flags 291
  seed 64
  mineval 1
  maxeval 1
  nstart 100000
  nincrease 50000
  nbatch 1000
  gridno 1
  statefile "vegas_last_iter"

Restoring state from vegas_last_iter.

Iteration 82:  174250000 integrand evaluations so far
[1] 6.37588 +- 0.00223561  	chisq 95.1366 (81 df)

Saving state to vegas_last_iter.
Vegas input parameters:
  ndim 11
  ncomp 1
  epsrel 0
  epsabs 0
  flags 291
  seed 65
  mineval 1
  maxeval 1
  nstart 100000
  nincrease 50000
  nbatch 1000
  gridno 1
  statefile "vegas_last_iter"

Restoring state from vegas_last_iter.

Iteration 83:  178450000 integrand evaluations so far
[1] 6.37612 +- 0.00220899  	chisq 95.6342 (82 df)

Saving state to vegas_last_iter.
Vegas input parameters:
  ndim 11
  ncomp 1
  epsrel 0
  epsabs 0
  flags 291
  seed 66
  mineval 1
  maxeval 1
  nstart 100000
  nincrease 50000
  nbatch 1000
  gridno 1
  statefile "vegas_last_iter"

Restoring state from vegas_last_iter.

Iteration 84:  182700000 integrand evaluations so far
[1] 6.37629 +- 0.00219551  	chisq 96.113 (83 df)

Saving state to vegas_last_iter.
Vegas input parameters:
  ndim 11
  ncomp 1
  epsrel 0
  epsabs 0
  flags 291
  seed 67
  mineval 1
  maxeval 1
  nstart 100000
  nincrease 50000
  nbatch 1000
  gridno 1
  statefile "vegas_last_iter"

Restoring state from vegas_last_iter.

Iteration 85:  187000000 integrand evaluations so far
[1] 6.37638 +- 0.0021801  	chisq 96.2217 (84 df)

Saving state to vegas_last_iter.
Vegas input parameters:
  ndim 11
  ncomp 1
  epsrel 0
  epsabs 0
  flags 291
  seed 68
  mineval 1
  maxeval 1
  nstart 100000
  nincrease 50000
  nbatch 1000
  gridno 1
  statefile "vegas_last_iter"

Restoring state from vegas_last_iter.

Iteration 86:  191350000 integrand evaluations so far
[1] 6.37598 +- 0.00215678  	chisq 97.8133 (85 df)

Saving state to vegas_last_iter.
Vegas input parameters:
  ndim 11
  ncomp 1
  epsrel 0
  epsabs 0
  flags 291
  seed 69
  mineval 1
  maxeval 1
  nstart 100000
  nincrease 50000
  nbatch 1000
  gridno 1
  statefile "vegas_last_iter"

Restoring state from vegas_last_iter.

Iteration 87:  195750000 integrand evaluations so far
[1] 6.37608 +- 0.00213198  	chisq 97.9071 (86 df)

Saving state to vegas_last_iter.
Vegas input parameters:
  ndim 11
  ncomp 1
  epsrel 0
  epsabs 0
  flags 291
  seed 70
  mineval 1
  maxeval 1
  nstart 100000
  nincrease 50000
  nbatch 1000
  gridno 1
  statefile "vegas_last_iter"

Restoring state from vegas_last_iter.

Iteration 88:  200200000 integrand evaluations so far
[1] 6.37619 +- 0.0021055  	chisq 98.0217 (87 df)

Saving state to vegas_last_iter.
Thanks for using LHAPDF 6.1.6. Please make sure to cite the paper:
  Eur.Phys.J. C75 (2015) 3, 132  (http://arxiv.org/abs/1412.7420)
 method   =Vegas  
 nregions =           1
 neval    =   200200000
 fail     =           1
   6.37618870937     +-   0.210549675683E-02   p =    0.782
